{"$message_type":"diagnostic","message":"unresolved imports `parquet::arrow::ArrowReader`, `parquet::arrow::ParquetFileArrowReader`","code":{"code":"E0432","explanation":"An import was unresolved.\n\nErroneous code example:\n\n```compile_fail,E0432\nuse something::Foo; // error: unresolved import `something::Foo`.\n```\n\nIn Rust 2015, paths in `use` statements are relative to the crate root. To\nimport items relative to the current and parent modules, use the `self::` and\n`super::` prefixes, respectively.\n\nIn Rust 2018 or later, paths in `use` statements are relative to the current\nmodule unless they begin with the name of a crate or a literal `crate::`, in\nwhich case they start from the crate root. As in Rust 2015 code, the `self::`\nand `super::` prefixes refer to the current and parent modules respectively.\n\nAlso verify that you didn't misspell the import name and that the import exists\nin the module from where you tried to import it. Example:\n\n```\nuse self::something::Foo; // Ok.\n\nmod something {\n    pub struct Foo;\n}\n# fn main() {}\n```\n\nIf you tried to use a module from an external crate and are using Rust 2015,\nyou may have missed the `extern crate` declaration (which is usually placed in\nthe crate root):\n\n```edition2015\nextern crate core; // Required to use the `core` crate in Rust 2015.\n\nuse core::any;\n# fn main() {}\n```\n\nSince Rust 2018 the `extern crate` declaration is not required and\nyou can instead just `use` it:\n\n```edition2018\nuse core::any; // No extern crate required in Rust 2018.\n# fn main() {}\n```\n"},"level":"error","spans":[{"file_name":"src/storage/parquet_reader.rs","byte_start":126,"byte_end":137,"line_start":5,"line_end":5,"column_start":22,"column_end":33,"is_primary":true,"text":[{"text":"use parquet::arrow::{ArrowReader, ParquetFileArrowReader};","highlight_start":22,"highlight_end":33}],"label":"no `ArrowReader` in `arrow`","suggested_replacement":null,"suggestion_applicability":null,"expansion":null},{"file_name":"src/storage/parquet_reader.rs","byte_start":139,"byte_end":161,"line_start":5,"line_end":5,"column_start":35,"column_end":57,"is_primary":true,"text":[{"text":"use parquet::arrow::{ArrowReader, ParquetFileArrowReader};","highlight_start":35,"highlight_end":57}],"label":"no `ParquetFileArrowReader` in `arrow`","suggested_replacement":null,"suggestion_applicability":null,"expansion":null}],"children":[{"message":"a similar name exists in the module","code":null,"level":"help","spans":[{"file_name":"src/storage/parquet_reader.rs","byte_start":126,"byte_end":137,"line_start":5,"line_end":5,"column_start":22,"column_end":33,"is_primary":true,"text":[{"text":"use parquet::arrow::{ArrowReader, ParquetFileArrowReader};","highlight_start":22,"highlight_end":33}],"label":null,"suggested_replacement":"arrow_reader","suggestion_applicability":"MaybeIncorrect","expansion":null}],"children":[],"rendered":null}],"rendered":"\u001b[0m\u001b[1m\u001b[38;5;9merror[E0432]\u001b[0m\u001b[0m\u001b[1m: unresolved imports `parquet::arrow::ArrowReader`, `parquet::arrow::ParquetFileArrowReader`\u001b[0m\n\u001b[0m \u001b[0m\u001b[0m\u001b[1m\u001b[38;5;12m--> \u001b[0m\u001b[0msrc/storage/parquet_reader.rs:5:22\u001b[0m\n\u001b[0m  \u001b[0m\u001b[0m\u001b[1m\u001b[38;5;12m|\u001b[0m\n\u001b[0m\u001b[1m\u001b[38;5;12m5\u001b[0m\u001b[0m \u001b[0m\u001b[0m\u001b[1m\u001b[38;5;12m|\u001b[0m\u001b[0m \u001b[0m\u001b[0muse parquet::arrow::{ArrowReader, ParquetFileArrowReader};\u001b[0m\n\u001b[0m  \u001b[0m\u001b[0m\u001b[1m\u001b[38;5;12m|\u001b[0m\u001b[0m                      \u001b[0m\u001b[0m\u001b[1m\u001b[38;5;9m^^^^^^^^^^^\u001b[0m\u001b[0m  \u001b[0m\u001b[0m\u001b[1m\u001b[38;5;9m^^^^^^^^^^^^^^^^^^^^^^\u001b[0m\u001b[0m \u001b[0m\u001b[0m\u001b[1m\u001b[38;5;9mno `ParquetFileArrowReader` in `arrow`\u001b[0m\n\u001b[0m  \u001b[0m\u001b[0m\u001b[1m\u001b[38;5;12m|\u001b[0m\u001b[0m                      \u001b[0m\u001b[0m\u001b[1m\u001b[38;5;9m|\u001b[0m\n\u001b[0m  \u001b[0m\u001b[0m\u001b[1m\u001b[38;5;12m|\u001b[0m\u001b[0m                      \u001b[0m\u001b[0m\u001b[1m\u001b[38;5;9mno `ArrowReader` in `arrow`\u001b[0m\n\u001b[0m  \u001b[0m\u001b[0m\u001b[1m\u001b[38;5;12m|\u001b[0m\u001b[0m                      \u001b[0m\u001b[0m\u001b[1m\u001b[38;5;9mhelp: a similar name exists in the module: `arrow_reader`\u001b[0m\n\n"}
{"$message_type":"diagnostic","message":"`&` without an explicit lifetime name cannot be used here","code":{"code":"E0637","explanation":"`'_` lifetime name or `&T` without an explicit lifetime name has been used\nin an illegal place.\n\nErroneous code example:\n\n```compile_fail,E0106,E0637\nfn underscore_lifetime<'_>(str1: &'_ str, str2: &'_ str) -> &'_ str {\n                     //^^ `'_` is a reserved lifetime name\n    if str1.len() > str2.len() {\n        str1\n    } else {\n        str2\n    }\n}\n\nfn without_explicit_lifetime<T>()\nwhere\n    T: Iterator<Item = &u32>,\n                     //^ `&` without an explicit lifetime name\n{\n}\n\nfn without_hrtb<T>()\nwhere\n    T: Into<&u32>,\n          //^ `&` without an explicit lifetime name\n{\n}\n```\n\nFirst, `'_` cannot be used as a lifetime identifier in some places\nbecause it is a reserved for the anonymous lifetime. Second, `&T`\nwithout an explicit lifetime name cannot also be used in some places.\nTo fix them, use a lowercase letter such as `'a`, or a series\nof lowercase letters such as `'foo`. For more information about lifetime\nidentifier, see [the book][bk-no]. For more information on using\nthe anonymous lifetime in Rust 2018, see [the Rust 2018 blog post][blog-al].\n\nCorrected example:\n\n```\nfn underscore_lifetime<'a>(str1: &'a str, str2: &'a str) -> &'a str {\n    if str1.len() > str2.len() {\n        str1\n    } else {\n        str2\n    }\n}\n\nfn without_explicit_lifetime<'a, T>()\nwhere\n    T: Iterator<Item = &'a u32>,\n{\n}\n\nfn without_hrtb<T>()\nwhere\n    T: for<'foo> Into<&'foo u32>,\n{\n}\n```\n\n[bk-no]: https://doc.rust-lang.org/book/appendix-02-operators.html#non-operator-symbols\n[blog-al]: https://blog.rust-lang.org/2018/12/06/Rust-1.31-and-rust-2018.html#more-lifetime-elision-rules\n"},"level":"error","spans":[{"file_name":"src/execution/operators/aggregate.rs","byte_start":11181,"byte_end":11182,"line_start":315,"line_end":315,"column_start":24,"column_end":25,"is_primary":true,"text":[{"text":"    I: Iterator<Item = &GroupValue>,","highlight_start":24,"highlight_end":25}],"label":"explicit lifetime name needed here","suggested_replacement":null,"suggestion_applicability":null,"expansion":null}],"children":[{"message":"consider introducing a higher-ranked lifetime here","code":null,"level":"help","spans":[{"file_name":"src/execution/operators/aggregate.rs","byte_start":11165,"byte_end":11165,"line_start":315,"line_end":315,"column_start":8,"column_end":8,"is_primary":true,"text":[{"text":"    I: Iterator<Item = &GroupValue>,","highlight_start":8,"highlight_end":8}],"label":null,"suggested_replacement":"for<'a> ","suggestion_applicability":"MachineApplicable","expansion":null},{"file_name":"src/execution/operators/aggregate.rs","byte_start":11182,"byte_end":11182,"line_start":315,"line_end":315,"column_start":25,"column_end":25,"is_primary":true,"text":[{"text":"    I: Iterator<Item = &GroupValue>,","highlight_start":25,"highlight_end":25}],"label":null,"suggested_replacement":"'a ","suggestion_applicability":"MachineApplicable","expansion":null}],"children":[],"rendered":null}],"rendered":"\u001b[0m\u001b[1m\u001b[38;5;9merror[E0637]\u001b[0m\u001b[0m\u001b[1m: `&` without an explicit lifetime name cannot be used here\u001b[0m\n\u001b[0m   \u001b[0m\u001b[0m\u001b[1m\u001b[38;5;12m--> \u001b[0m\u001b[0msrc/execution/operators/aggregate.rs:315:24\u001b[0m\n\u001b[0m    \u001b[0m\u001b[0m\u001b[1m\u001b[38;5;12m|\u001b[0m\n\u001b[0m\u001b[1m\u001b[38;5;12m315\u001b[0m\u001b[0m \u001b[0m\u001b[0m\u001b[1m\u001b[38;5;12m|\u001b[0m\u001b[0m \u001b[0m\u001b[0m    I: Iterator<Item = &GroupValue>,\u001b[0m\n\u001b[0m    \u001b[0m\u001b[0m\u001b[1m\u001b[38;5;12m|\u001b[0m\u001b[0m                        \u001b[0m\u001b[0m\u001b[1m\u001b[38;5;9m^\u001b[0m\u001b[0m \u001b[0m\u001b[0m\u001b[1m\u001b[38;5;9mexplicit lifetime name needed here\u001b[0m\n\u001b[0m    \u001b[0m\u001b[0m\u001b[1m\u001b[38;5;12m|\u001b[0m\n\u001b[0m\u001b[1m\u001b[38;5;14mhelp\u001b[0m\u001b[0m: consider introducing a higher-ranked lifetime here\u001b[0m\n\u001b[0m    \u001b[0m\u001b[0m\u001b[1m\u001b[38;5;12m|\u001b[0m\n\u001b[0m\u001b[1m\u001b[38;5;12m315\u001b[0m\u001b[0m \u001b[0m\u001b[0m\u001b[1m\u001b[38;5;12m| \u001b[0m\u001b[0m    I: \u001b[0m\u001b[0m\u001b[38;5;10mfor<'a> \u001b[0m\u001b[0mIterator<Item = &\u001b[0m\u001b[0m\u001b[38;5;10m'a \u001b[0m\u001b[0mGroupValue>,\u001b[0m\n\u001b[0m    \u001b[0m\u001b[0m\u001b[1m\u001b[38;5;12m|\u001b[0m\u001b[0m        \u001b[0m\u001b[0m\u001b[38;5;10m+++++++\u001b[0m\u001b[0m                  \u001b[0m\u001b[0m\u001b[38;5;10m++\u001b[0m\n\n"}
{"$message_type":"diagnostic","message":"unused import: `Aggregation`","code":{"code":"unused_imports","explanation":null},"level":"warning","spans":[{"file_name":"src/execution/executor.rs","byte_start":230,"byte_end":241,"line_start":5,"line_end":5,"column_start":55,"column_end":66,"is_primary":true,"text":[{"text":"use crate::planner::logical_plan::{AggregateFunction, Aggregation, LogicalPlan};","highlight_start":55,"highlight_end":66}],"label":null,"suggested_replacement":null,"suggestion_applicability":null,"expansion":null}],"children":[{"message":"`#[warn(unused_imports)]` on by default","code":null,"level":"note","spans":[],"children":[],"rendered":null},{"message":"remove the unused import","code":null,"level":"help","spans":[{"file_name":"src/execution/executor.rs","byte_start":228,"byte_end":241,"line_start":5,"line_end":5,"column_start":53,"column_end":66,"is_primary":true,"text":[{"text":"use crate::planner::logical_plan::{AggregateFunction, Aggregation, LogicalPlan};","highlight_start":53,"highlight_end":66}],"label":null,"suggested_replacement":"","suggestion_applicability":"MachineApplicable","expansion":null}],"children":[],"rendered":null}],"rendered":"\u001b[0m\u001b[1m\u001b[33mwarning\u001b[0m\u001b[0m\u001b[1m: unused import: `Aggregation`\u001b[0m\n\u001b[0m \u001b[0m\u001b[0m\u001b[1m\u001b[38;5;12m--> \u001b[0m\u001b[0msrc/execution/executor.rs:5:55\u001b[0m\n\u001b[0m  \u001b[0m\u001b[0m\u001b[1m\u001b[38;5;12m|\u001b[0m\n\u001b[0m\u001b[1m\u001b[38;5;12m5\u001b[0m\u001b[0m \u001b[0m\u001b[0m\u001b[1m\u001b[38;5;12m|\u001b[0m\u001b[0m \u001b[0m\u001b[0muse crate::planner::logical_plan::{AggregateFunction, Aggregation, LogicalPlan};\u001b[0m\n\u001b[0m  \u001b[0m\u001b[0m\u001b[1m\u001b[38;5;12m|\u001b[0m\u001b[0m                                                       \u001b[0m\u001b[0m\u001b[1m\u001b[33m^^^^^^^^^^^\u001b[0m\n\u001b[0m  \u001b[0m\u001b[0m\u001b[1m\u001b[38;5;12m|\u001b[0m\n\u001b[0m  \u001b[0m\u001b[0m\u001b[1m\u001b[38;5;12m= \u001b[0m\u001b[0m\u001b[1mnote\u001b[0m\u001b[0m: `#[warn(unused_imports)]` on by default\u001b[0m\n\n"}
{"$message_type":"diagnostic","message":"unused import: `Field`","code":{"code":"unused_imports","explanation":null},"level":"warning","spans":[{"file_name":"src/execution/operators/project.rs","byte_start":153,"byte_end":158,"line_start":5,"line_end":5,"column_start":24,"column_end":29,"is_primary":true,"text":[{"text":"use arrow::datatypes::{Field, Schema};","highlight_start":24,"highlight_end":29}],"label":null,"suggested_replacement":null,"suggestion_applicability":null,"expansion":null}],"children":[{"message":"remove the unused import","code":null,"level":"help","spans":[{"file_name":"src/execution/operators/project.rs","byte_start":153,"byte_end":160,"line_start":5,"line_end":5,"column_start":24,"column_end":31,"is_primary":true,"text":[{"text":"use arrow::datatypes::{Field, Schema};","highlight_start":24,"highlight_end":31}],"label":null,"suggested_replacement":"","suggestion_applicability":"MachineApplicable","expansion":null},{"file_name":"src/execution/operators/project.rs","byte_start":152,"byte_end":153,"line_start":5,"line_end":5,"column_start":23,"column_end":24,"is_primary":true,"text":[{"text":"use arrow::datatypes::{Field, Schema};","highlight_start":23,"highlight_end":24}],"label":null,"suggested_replacement":"","suggestion_applicability":"MachineApplicable","expansion":null},{"file_name":"src/execution/operators/project.rs","byte_start":166,"byte_end":167,"line_start":5,"line_end":5,"column_start":37,"column_end":38,"is_primary":true,"text":[{"text":"use arrow::datatypes::{Field, Schema};","highlight_start":37,"highlight_end":38}],"label":null,"suggested_replacement":"","suggestion_applicability":"MachineApplicable","expansion":null}],"children":[],"rendered":null}],"rendered":"\u001b[0m\u001b[1m\u001b[33mwarning\u001b[0m\u001b[0m\u001b[1m: unused import: `Field`\u001b[0m\n\u001b[0m \u001b[0m\u001b[0m\u001b[1m\u001b[38;5;12m--> \u001b[0m\u001b[0msrc/execution/operators/project.rs:5:24\u001b[0m\n\u001b[0m  \u001b[0m\u001b[0m\u001b[1m\u001b[38;5;12m|\u001b[0m\n\u001b[0m\u001b[1m\u001b[38;5;12m5\u001b[0m\u001b[0m \u001b[0m\u001b[0m\u001b[1m\u001b[38;5;12m|\u001b[0m\u001b[0m \u001b[0m\u001b[0muse arrow::datatypes::{Field, Schema};\u001b[0m\n\u001b[0m  \u001b[0m\u001b[0m\u001b[1m\u001b[38;5;12m|\u001b[0m\u001b[0m                        \u001b[0m\u001b[0m\u001b[1m\u001b[33m^^^^^\u001b[0m\n\n"}
{"$message_type":"diagnostic","message":"unused import: `std::sync::Arc`","code":{"code":"unused_imports","explanation":null},"level":"warning","spans":[{"file_name":"src/execution/operators/mod.rs","byte_start":327,"byte_end":341,"line_start":15,"line_end":15,"column_start":5,"column_end":19,"is_primary":true,"text":[{"text":"use std::sync::Arc;","highlight_start":5,"highlight_end":19}],"label":null,"suggested_replacement":null,"suggestion_applicability":null,"expansion":null}],"children":[{"message":"remove the whole `use` item","code":null,"level":"help","spans":[{"file_name":"src/execution/operators/mod.rs","byte_start":323,"byte_end":343,"line_start":15,"line_end":16,"column_start":1,"column_end":1,"is_primary":true,"text":[{"text":"use std::sync::Arc;","highlight_start":1,"highlight_end":20},{"text":"","highlight_start":1,"highlight_end":1}],"label":null,"suggested_replacement":"","suggestion_applicability":"MachineApplicable","expansion":null}],"children":[],"rendered":null}],"rendered":"\u001b[0m\u001b[1m\u001b[33mwarning\u001b[0m\u001b[0m\u001b[1m: unused import: `std::sync::Arc`\u001b[0m\n\u001b[0m  \u001b[0m\u001b[0m\u001b[1m\u001b[38;5;12m--> \u001b[0m\u001b[0msrc/execution/operators/mod.rs:15:5\u001b[0m\n\u001b[0m   \u001b[0m\u001b[0m\u001b[1m\u001b[38;5;12m|\u001b[0m\n\u001b[0m\u001b[1m\u001b[38;5;12m15\u001b[0m\u001b[0m \u001b[0m\u001b[0m\u001b[1m\u001b[38;5;12m|\u001b[0m\u001b[0m \u001b[0m\u001b[0muse std::sync::Arc;\u001b[0m\n\u001b[0m   \u001b[0m\u001b[0m\u001b[1m\u001b[38;5;12m|\u001b[0m\u001b[0m     \u001b[0m\u001b[0m\u001b[1m\u001b[33m^^^^^^^^^^^^^^\u001b[0m\n\n"}
{"$message_type":"diagnostic","message":"use of deprecated function `arrow::compute::eq`: Use arrow_ord::cmp::eq","code":{"code":"deprecated","explanation":null},"level":"warning","spans":[{"file_name":"src/execution/operators/filter.rs","byte_start":2206,"byte_end":2208,"line_start":57,"line_end":57,"column_start":41,"column_end":43,"is_primary":true,"text":[{"text":"                        arrow::compute::eq(&left_array, &right_array)","highlight_start":41,"highlight_end":43}],"label":null,"suggested_replacement":null,"suggestion_applicability":null,"expansion":null}],"children":[{"message":"`#[warn(deprecated)]` on by default","code":null,"level":"note","spans":[],"children":[],"rendered":null}],"rendered":"\u001b[0m\u001b[1m\u001b[33mwarning\u001b[0m\u001b[0m\u001b[1m: use of deprecated function `arrow::compute::eq`: Use arrow_ord::cmp::eq\u001b[0m\n\u001b[0m  \u001b[0m\u001b[0m\u001b[1m\u001b[38;5;12m--> \u001b[0m\u001b[0msrc/execution/operators/filter.rs:57:41\u001b[0m\n\u001b[0m   \u001b[0m\u001b[0m\u001b[1m\u001b[38;5;12m|\u001b[0m\n\u001b[0m\u001b[1m\u001b[38;5;12m57\u001b[0m\u001b[0m \u001b[0m\u001b[0m\u001b[1m\u001b[38;5;12m|\u001b[0m\u001b[0m \u001b[0m\u001b[0m                        arrow::compute::eq(&left_array, &right_array)\u001b[0m\n\u001b[0m   \u001b[0m\u001b[0m\u001b[1m\u001b[38;5;12m|\u001b[0m\u001b[0m                                         \u001b[0m\u001b[0m\u001b[1m\u001b[33m^^\u001b[0m\n\u001b[0m   \u001b[0m\u001b[0m\u001b[1m\u001b[38;5;12m|\u001b[0m\n\u001b[0m   \u001b[0m\u001b[0m\u001b[1m\u001b[38;5;12m= \u001b[0m\u001b[0m\u001b[1mnote\u001b[0m\u001b[0m: `#[warn(deprecated)]` on by default\u001b[0m\n\n"}
{"$message_type":"diagnostic","message":"use of deprecated function `arrow::compute::neq`: Use arrow_ord::cmp::neq","code":{"code":"deprecated","explanation":null},"level":"warning","spans":[{"file_name":"src/execution/operators/filter.rs","byte_start":2425,"byte_end":2428,"line_start":61,"line_end":61,"column_start":41,"column_end":44,"is_primary":true,"text":[{"text":"                        arrow::compute::neq(&left_array, &right_array)","highlight_start":41,"highlight_end":44}],"label":null,"suggested_replacement":null,"suggestion_applicability":null,"expansion":null}],"children":[],"rendered":"\u001b[0m\u001b[1m\u001b[33mwarning\u001b[0m\u001b[0m\u001b[1m: use of deprecated function `arrow::compute::neq`: Use arrow_ord::cmp::neq\u001b[0m\n\u001b[0m  \u001b[0m\u001b[0m\u001b[1m\u001b[38;5;12m--> \u001b[0m\u001b[0msrc/execution/operators/filter.rs:61:41\u001b[0m\n\u001b[0m   \u001b[0m\u001b[0m\u001b[1m\u001b[38;5;12m|\u001b[0m\n\u001b[0m\u001b[1m\u001b[38;5;12m61\u001b[0m\u001b[0m \u001b[0m\u001b[0m\u001b[1m\u001b[38;5;12m|\u001b[0m\u001b[0m \u001b[0m\u001b[0m                        arrow::compute::neq(&left_array, &right_array)\u001b[0m\n\u001b[0m   \u001b[0m\u001b[0m\u001b[1m\u001b[38;5;12m|\u001b[0m\u001b[0m                                         \u001b[0m\u001b[0m\u001b[1m\u001b[33m^^^\u001b[0m\n\n"}
{"$message_type":"diagnostic","message":"use of deprecated function `arrow::compute::lt`: Use arrow_ord::cmp::lt","code":{"code":"deprecated","explanation":null},"level":"warning","spans":[{"file_name":"src/execution/operators/filter.rs","byte_start":2646,"byte_end":2648,"line_start":65,"line_end":65,"column_start":41,"column_end":43,"is_primary":true,"text":[{"text":"                        arrow::compute::lt(&left_array, &right_array)","highlight_start":41,"highlight_end":43}],"label":null,"suggested_replacement":null,"suggestion_applicability":null,"expansion":null}],"children":[],"rendered":"\u001b[0m\u001b[1m\u001b[33mwarning\u001b[0m\u001b[0m\u001b[1m: use of deprecated function `arrow::compute::lt`: Use arrow_ord::cmp::lt\u001b[0m\n\u001b[0m  \u001b[0m\u001b[0m\u001b[1m\u001b[38;5;12m--> \u001b[0m\u001b[0msrc/execution/operators/filter.rs:65:41\u001b[0m\n\u001b[0m   \u001b[0m\u001b[0m\u001b[1m\u001b[38;5;12m|\u001b[0m\n\u001b[0m\u001b[1m\u001b[38;5;12m65\u001b[0m\u001b[0m \u001b[0m\u001b[0m\u001b[1m\u001b[38;5;12m|\u001b[0m\u001b[0m \u001b[0m\u001b[0m                        arrow::compute::lt(&left_array, &right_array)\u001b[0m\n\u001b[0m   \u001b[0m\u001b[0m\u001b[1m\u001b[38;5;12m|\u001b[0m\u001b[0m                                         \u001b[0m\u001b[0m\u001b[1m\u001b[33m^^\u001b[0m\n\n"}
{"$message_type":"diagnostic","message":"use of deprecated function `arrow::compute::lt_eq`: Use arrow_ord::cmp::lt_eq","code":{"code":"deprecated","explanation":null},"level":"warning","spans":[{"file_name":"src/execution/operators/filter.rs","byte_start":2865,"byte_end":2870,"line_start":69,"line_end":69,"column_start":41,"column_end":46,"is_primary":true,"text":[{"text":"                        arrow::compute::lt_eq(&left_array, &right_array)","highlight_start":41,"highlight_end":46}],"label":null,"suggested_replacement":null,"suggestion_applicability":null,"expansion":null}],"children":[],"rendered":"\u001b[0m\u001b[1m\u001b[33mwarning\u001b[0m\u001b[0m\u001b[1m: use of deprecated function `arrow::compute::lt_eq`: Use arrow_ord::cmp::lt_eq\u001b[0m\n\u001b[0m  \u001b[0m\u001b[0m\u001b[1m\u001b[38;5;12m--> \u001b[0m\u001b[0msrc/execution/operators/filter.rs:69:41\u001b[0m\n\u001b[0m   \u001b[0m\u001b[0m\u001b[1m\u001b[38;5;12m|\u001b[0m\n\u001b[0m\u001b[1m\u001b[38;5;12m69\u001b[0m\u001b[0m \u001b[0m\u001b[0m\u001b[1m\u001b[38;5;12m|\u001b[0m\u001b[0m \u001b[0m\u001b[0m                        arrow::compute::lt_eq(&left_array, &right_array)\u001b[0m\n\u001b[0m   \u001b[0m\u001b[0m\u001b[1m\u001b[38;5;12m|\u001b[0m\u001b[0m                                         \u001b[0m\u001b[0m\u001b[1m\u001b[33m^^^^^\u001b[0m\n\n"}
{"$message_type":"diagnostic","message":"use of deprecated function `arrow::compute::gt`: Use arrow_ord::cmp::gt","code":{"code":"deprecated","explanation":null},"level":"warning","spans":[{"file_name":"src/execution/operators/filter.rs","byte_start":3096,"byte_end":3098,"line_start":73,"line_end":73,"column_start":41,"column_end":43,"is_primary":true,"text":[{"text":"                        arrow::compute::gt(&left_array, &right_array)","highlight_start":41,"highlight_end":43}],"label":null,"suggested_replacement":null,"suggestion_applicability":null,"expansion":null}],"children":[],"rendered":"\u001b[0m\u001b[1m\u001b[33mwarning\u001b[0m\u001b[0m\u001b[1m: use of deprecated function `arrow::compute::gt`: Use arrow_ord::cmp::gt\u001b[0m\n\u001b[0m  \u001b[0m\u001b[0m\u001b[1m\u001b[38;5;12m--> \u001b[0m\u001b[0msrc/execution/operators/filter.rs:73:41\u001b[0m\n\u001b[0m   \u001b[0m\u001b[0m\u001b[1m\u001b[38;5;12m|\u001b[0m\n\u001b[0m\u001b[1m\u001b[38;5;12m73\u001b[0m\u001b[0m \u001b[0m\u001b[0m\u001b[1m\u001b[38;5;12m|\u001b[0m\u001b[0m \u001b[0m\u001b[0m                        arrow::compute::gt(&left_array, &right_array)\u001b[0m\n\u001b[0m   \u001b[0m\u001b[0m\u001b[1m\u001b[38;5;12m|\u001b[0m\u001b[0m                                         \u001b[0m\u001b[0m\u001b[1m\u001b[33m^^\u001b[0m\n\n"}
{"$message_type":"diagnostic","message":"use of deprecated function `arrow::compute::gt_eq`: Use arrow_ord::cmp::gt_eq","code":{"code":"deprecated","explanation":null},"level":"warning","spans":[{"file_name":"src/execution/operators/filter.rs","byte_start":3318,"byte_end":3323,"line_start":77,"line_end":77,"column_start":41,"column_end":46,"is_primary":true,"text":[{"text":"                        arrow::compute::gt_eq(&left_array, &right_array)","highlight_start":41,"highlight_end":46}],"label":null,"suggested_replacement":null,"suggestion_applicability":null,"expansion":null}],"children":[],"rendered":"\u001b[0m\u001b[1m\u001b[33mwarning\u001b[0m\u001b[0m\u001b[1m: use of deprecated function `arrow::compute::gt_eq`: Use arrow_ord::cmp::gt_eq\u001b[0m\n\u001b[0m  \u001b[0m\u001b[0m\u001b[1m\u001b[38;5;12m--> \u001b[0m\u001b[0msrc/execution/operators/filter.rs:77:41\u001b[0m\n\u001b[0m   \u001b[0m\u001b[0m\u001b[1m\u001b[38;5;12m|\u001b[0m\n\u001b[0m\u001b[1m\u001b[38;5;12m77\u001b[0m\u001b[0m \u001b[0m\u001b[0m\u001b[1m\u001b[38;5;12m|\u001b[0m\u001b[0m \u001b[0m\u001b[0m                        arrow::compute::gt_eq(&left_array, &right_array)\u001b[0m\n\u001b[0m   \u001b[0m\u001b[0m\u001b[1m\u001b[38;5;12m|\u001b[0m\u001b[0m                                         \u001b[0m\u001b[0m\u001b[1m\u001b[33m^^^^^\u001b[0m\n\n"}
{"$message_type":"diagnostic","message":"the trait bound `std::io::BufReader<std::fs::File>: ChunkReader` is not satisfied","code":{"code":"E0277","explanation":"You tried to use a type which doesn't implement some trait in a place which\nexpected that trait.\n\nErroneous code example:\n\n```compile_fail,E0277\n// here we declare the Foo trait with a bar method\ntrait Foo {\n    fn bar(&self);\n}\n\n// we now declare a function which takes an object implementing the Foo trait\nfn some_func<T: Foo>(foo: T) {\n    foo.bar();\n}\n\nfn main() {\n    // we now call the method with the i32 type, which doesn't implement\n    // the Foo trait\n    some_func(5i32); // error: the trait bound `i32 : Foo` is not satisfied\n}\n```\n\nIn order to fix this error, verify that the type you're using does implement\nthe trait. Example:\n\n```\ntrait Foo {\n    fn bar(&self);\n}\n\n// we implement the trait on the i32 type\nimpl Foo for i32 {\n    fn bar(&self) {}\n}\n\nfn some_func<T: Foo>(foo: T) {\n    foo.bar(); // we can now use this method since i32 implements the\n               // Foo trait\n}\n\nfn main() {\n    some_func(5i32); // ok!\n}\n```\n\nOr in a generic context, an erroneous code example would look like:\n\n```compile_fail,E0277\nfn some_func<T>(foo: T) {\n    println!(\"{:?}\", foo); // error: the trait `core::fmt::Debug` is not\n                           //        implemented for the type `T`\n}\n\nfn main() {\n    // We now call the method with the i32 type,\n    // which *does* implement the Debug trait.\n    some_func(5i32);\n}\n```\n\nNote that the error here is in the definition of the generic function. Although\nwe only call it with a parameter that does implement `Debug`, the compiler\nstill rejects the function. It must work with all possible input types. In\norder to make this example compile, we need to restrict the generic type we're\naccepting:\n\n```\nuse std::fmt;\n\n// Restrict the input type to types that implement Debug.\nfn some_func<T: fmt::Debug>(foo: T) {\n    println!(\"{:?}\", foo);\n}\n\nfn main() {\n    // Calling the method is still fine, as i32 implements Debug.\n    some_func(5i32);\n\n    // This would fail to compile now:\n    // struct WithoutDebug;\n    // some_func(WithoutDebug);\n}\n```\n\nRust only looks at the signature of the called function, as such it must\nalready specify all requirements that will be used for every type parameter.\n"},"level":"error","spans":[{"file_name":"src/storage/parquet_reader.rs","byte_start":1115,"byte_end":1152,"line_start":38,"line_end":38,"column_start":22,"column_end":59,"is_primary":true,"text":[{"text":"    file_reader: Arc<SerializedFileReader<BufReader<File>>>,","highlight_start":22,"highlight_end":59}],"label":"the trait `ChunkReader` is not implemented for `std::io::BufReader<std::fs::File>`","suggested_replacement":null,"suggestion_applicability":null,"expansion":null}],"children":[{"message":"the following other types implement trait `ChunkReader`:\n  bytes::bytes::Bytes\n  std::fs::File","code":null,"level":"help","spans":[],"children":[],"rendered":null},{"message":"required by a bound in `SerializedFileReader`","code":null,"level":"note","spans":[{"file_name":"/Users/nshah/.cargo/registry/src/index.crates.io-1949cf8c6b5b557f/parquet-50.0.0/src/file/serialized_reader.rs","byte_start":3077,"byte_end":3088,"line_start":94,"line_end":94,"column_start":36,"column_end":47,"is_primary":true,"text":[{"text":"pub struct SerializedFileReader<R: ChunkReader> {","highlight_start":36,"highlight_end":47}],"label":"required by this bound in `SerializedFileReader`","suggested_replacement":null,"suggestion_applicability":null,"expansion":null}],"children":[],"rendered":null}],"rendered":"\u001b[0m\u001b[1m\u001b[38;5;9merror[E0277]\u001b[0m\u001b[0m\u001b[1m: the trait bound `std::io::BufReader<std::fs::File>: ChunkReader` is not satisfied\u001b[0m\n\u001b[0m  \u001b[0m\u001b[0m\u001b[1m\u001b[38;5;12m--> \u001b[0m\u001b[0msrc/storage/parquet_reader.rs:38:22\u001b[0m\n\u001b[0m   \u001b[0m\u001b[0m\u001b[1m\u001b[38;5;12m|\u001b[0m\n\u001b[0m\u001b[1m\u001b[38;5;12m38\u001b[0m\u001b[0m \u001b[0m\u001b[0m\u001b[1m\u001b[38;5;12m|\u001b[0m\u001b[0m \u001b[0m\u001b[0m    file_reader: Arc<SerializedFileReader<BufReader<File>>>,\u001b[0m\n\u001b[0m   \u001b[0m\u001b[0m\u001b[1m\u001b[38;5;12m|\u001b[0m\u001b[0m                      \u001b[0m\u001b[0m\u001b[1m\u001b[38;5;9m^^^^^^^^^^^^^^^^^^^^^^^^^^^^^^^^^^^^^\u001b[0m\u001b[0m \u001b[0m\u001b[0m\u001b[1m\u001b[38;5;9mthe trait `ChunkReader` is not implemented for `std::io::BufReader<std::fs::File>`\u001b[0m\n\u001b[0m   \u001b[0m\u001b[0m\u001b[1m\u001b[38;5;12m|\u001b[0m\n\u001b[0m   \u001b[0m\u001b[0m\u001b[1m\u001b[38;5;12m= \u001b[0m\u001b[0m\u001b[1mhelp\u001b[0m\u001b[0m: the following other types implement trait `ChunkReader`:\u001b[0m\n\u001b[0m             bytes::bytes::Bytes\u001b[0m\n\u001b[0m             std::fs::File\u001b[0m\n\u001b[0m\u001b[1m\u001b[38;5;10mnote\u001b[0m\u001b[0m: required by a bound in `SerializedFileReader`\u001b[0m\n\u001b[0m  \u001b[0m\u001b[0m\u001b[1m\u001b[38;5;12m--> \u001b[0m\u001b[0m/Users/nshah/.cargo/registry/src/index.crates.io-1949cf8c6b5b557f/parquet-50.0.0/src/file/serialized_reader.rs:94:36\u001b[0m\n\u001b[0m   \u001b[0m\u001b[0m\u001b[1m\u001b[38;5;12m|\u001b[0m\n\u001b[0m\u001b[1m\u001b[38;5;12m94\u001b[0m\u001b[0m \u001b[0m\u001b[0m\u001b[1m\u001b[38;5;12m|\u001b[0m\u001b[0m \u001b[0m\u001b[0mpub struct SerializedFileReader<R: ChunkReader> {\u001b[0m\n\u001b[0m   \u001b[0m\u001b[0m\u001b[1m\u001b[38;5;12m|\u001b[0m\u001b[0m                                    \u001b[0m\u001b[0m\u001b[1m\u001b[38;5;10m^^^^^^^^^^^\u001b[0m\u001b[0m \u001b[0m\u001b[0m\u001b[1m\u001b[38;5;10mrequired by this bound in `SerializedFileReader`\u001b[0m\n\n"}
{"$message_type":"diagnostic","message":"mismatched types","code":{"code":"E0308","explanation":"Expected type did not match the received type.\n\nErroneous code examples:\n\n```compile_fail,E0308\nfn plus_one(x: i32) -> i32 {\n    x + 1\n}\n\nplus_one(\"Not a number\");\n//       ^^^^^^^^^^^^^^ expected `i32`, found `&str`\n\nif \"Not a bool\" {\n// ^^^^^^^^^^^^ expected `bool`, found `&str`\n}\n\nlet x: f32 = \"Not a float\";\n//     ---   ^^^^^^^^^^^^^ expected `f32`, found `&str`\n//     |\n//     expected due to this\n```\n\nThis error occurs when an expression was used in a place where the compiler\nexpected an expression of a different type. It can occur in several cases, the\nmost common being when calling a function and passing an argument which has a\ndifferent type than the matching type in the function declaration.\n"},"level":"error","spans":[{"file_name":"src/execution/batch.rs","byte_start":7020,"byte_end":7034,"line_start":220,"line_end":220,"column_start":55,"column_end":69,"is_primary":true,"text":[{"text":"            let concatenated = arrow::compute::concat(&column_arrays)","highlight_start":55,"highlight_end":69}],"label":"expected `&[&dyn Array]`, found `&Vec<Arc<dyn Array>>`","suggested_replacement":null,"suggestion_applicability":null,"expansion":null},{"file_name":"src/execution/batch.rs","byte_start":6997,"byte_end":7019,"line_start":220,"line_end":220,"column_start":32,"column_end":54,"is_primary":false,"text":[{"text":"            let concatenated = arrow::compute::concat(&column_arrays)","highlight_start":32,"highlight_end":54}],"label":"arguments to this function are incorrect","suggested_replacement":null,"suggestion_applicability":null,"expansion":null}],"children":[{"message":"expected reference `&[&dyn arrow::array::Array]`\n   found reference `&Vec<std::sync::Arc<(dyn arrow::array::Array + 'static)>>`","code":null,"level":"note","spans":[],"children":[],"rendered":null},{"message":"function defined here","code":null,"level":"note","spans":[{"file_name":"/Users/nshah/.cargo/registry/src/index.crates.io-1949cf8c6b5b557f/arrow-select-50.0.0/src/concat.rs","byte_start":3727,"byte_end":3733,"line_start":111,"line_end":111,"column_start":8,"column_end":14,"is_primary":true,"text":[{"text":"pub fn concat(arrays: &[&dyn Array]) -> Result<ArrayRef, ArrowError> {","highlight_start":8,"highlight_end":14}],"label":null,"suggested_replacement":null,"suggestion_applicability":null,"expansion":null}],"children":[],"rendered":null}],"rendered":"\u001b[0m\u001b[1m\u001b[38;5;9merror[E0308]\u001b[0m\u001b[0m\u001b[1m: mismatched types\u001b[0m\n\u001b[0m   \u001b[0m\u001b[0m\u001b[1m\u001b[38;5;12m--> \u001b[0m\u001b[0msrc/execution/batch.rs:220:55\u001b[0m\n\u001b[0m    \u001b[0m\u001b[0m\u001b[1m\u001b[38;5;12m|\u001b[0m\n\u001b[0m\u001b[1m\u001b[38;5;12m220\u001b[0m\u001b[0m \u001b[0m\u001b[0m\u001b[1m\u001b[38;5;12m|\u001b[0m\u001b[0m \u001b[0m\u001b[0m            let concatenated = arrow::compute::concat(&column_arrays)\u001b[0m\n\u001b[0m    \u001b[0m\u001b[0m\u001b[1m\u001b[38;5;12m|\u001b[0m\u001b[0m                                \u001b[0m\u001b[0m\u001b[1m\u001b[38;5;12m----------------------\u001b[0m\u001b[0m \u001b[0m\u001b[0m\u001b[1m\u001b[38;5;9m^^^^^^^^^^^^^^\u001b[0m\u001b[0m \u001b[0m\u001b[0m\u001b[1m\u001b[38;5;9mexpected `&[&dyn Array]`, found `&Vec<Arc<dyn Array>>`\u001b[0m\n\u001b[0m    \u001b[0m\u001b[0m\u001b[1m\u001b[38;5;12m|\u001b[0m\u001b[0m                                \u001b[0m\u001b[0m\u001b[1m\u001b[38;5;12m|\u001b[0m\n\u001b[0m    \u001b[0m\u001b[0m\u001b[1m\u001b[38;5;12m|\u001b[0m\u001b[0m                                \u001b[0m\u001b[0m\u001b[1m\u001b[38;5;12marguments to this function are incorrect\u001b[0m\n\u001b[0m    \u001b[0m\u001b[0m\u001b[1m\u001b[38;5;12m|\u001b[0m\n\u001b[0m    \u001b[0m\u001b[0m\u001b[1m\u001b[38;5;12m= \u001b[0m\u001b[0m\u001b[1mnote\u001b[0m\u001b[0m: expected reference `&\u001b[0m\u001b[0m\u001b[1m\u001b[35m[&dyn arrow::array::Array]\u001b[0m\u001b[0m`\u001b[0m\n\u001b[0m               found reference `&\u001b[0m\u001b[0m\u001b[1m\u001b[35mVec<std::sync::Arc<(dyn arrow::array::Array + 'static)>>\u001b[0m\u001b[0m`\u001b[0m\n\u001b[0m\u001b[1m\u001b[38;5;10mnote\u001b[0m\u001b[0m: function defined here\u001b[0m\n\u001b[0m   \u001b[0m\u001b[0m\u001b[1m\u001b[38;5;12m--> \u001b[0m\u001b[0m/Users/nshah/.cargo/registry/src/index.crates.io-1949cf8c6b5b557f/arrow-select-50.0.0/src/concat.rs:111:8\u001b[0m\n\u001b[0m    \u001b[0m\u001b[0m\u001b[1m\u001b[38;5;12m|\u001b[0m\n\u001b[0m\u001b[1m\u001b[38;5;12m111\u001b[0m\u001b[0m \u001b[0m\u001b[0m\u001b[1m\u001b[38;5;12m|\u001b[0m\u001b[0m \u001b[0m\u001b[0mpub fn concat(arrays: &[&dyn Array]) -> Result<ArrayRef, ArrowError> {\u001b[0m\n\u001b[0m    \u001b[0m\u001b[0m\u001b[1m\u001b[38;5;12m|\u001b[0m\u001b[0m        \u001b[0m\u001b[0m\u001b[1m\u001b[38;5;10m^^^^^^\u001b[0m\n\n"}
{"$message_type":"diagnostic","message":"no method named `execute` found for struct `ProjectOperator` in the current scope","code":{"code":"E0599","explanation":"This error occurs when a method is used on a type which doesn't implement it:\n\nErroneous code example:\n\n```compile_fail,E0599\nstruct Mouth;\n\nlet x = Mouth;\nx.chocolate(); // error: no method named `chocolate` found for type `Mouth`\n               //        in the current scope\n```\n\nIn this case, you need to implement the `chocolate` method to fix the error:\n\n```\nstruct Mouth;\n\nimpl Mouth {\n    fn chocolate(&self) { // We implement the `chocolate` method here.\n        println!(\"Hmmm! I love chocolate!\");\n    }\n}\n\nlet x = Mouth;\nx.chocolate(); // ok!\n```\n"},"level":"error","spans":[{"file_name":"src/execution/operators/project.rs","byte_start":306,"byte_end":332,"line_start":10,"line_end":10,"column_start":1,"column_end":27,"is_primary":false,"text":[{"text":"pub struct ProjectOperator {","highlight_start":1,"highlight_end":27}],"label":"method `execute` not found for this struct","suggested_replacement":null,"suggestion_applicability":null,"expansion":null},{"file_name":"src/execution/operators/mod.rs","byte_start":724,"byte_end":731,"line_start":27,"line_end":27,"column_start":8,"column_end":15,"is_primary":false,"text":[{"text":"    fn execute(&self, input: &RecordBatch) -> Result<RecordBatch, String>;","highlight_start":8,"highlight_end":15}],"label":"the method is available for `ProjectOperator` here","suggested_replacement":null,"suggestion_applicability":null,"expansion":null},{"file_name":"src/execution/executor.rs","byte_start":1855,"byte_end":1862,"line_start":48,"line_end":48,"column_start":45,"column_end":52,"is_primary":true,"text":[{"text":"                    .map(|batch| project_op.execute(batch))","highlight_start":45,"highlight_end":52}],"label":null,"suggested_replacement":null,"suggestion_applicability":null,"expansion":null}],"children":[{"message":"items from traits can only be used if the trait is in scope","code":null,"level":"help","spans":[],"children":[],"rendered":null},{"message":"trait `Operator` which provides `execute` is implemented but not in scope; perhaps you want to import it","code":null,"level":"help","spans":[{"file_name":"src/execution/executor.rs","byte_start":33,"byte_end":33,"line_start":3,"line_end":3,"column_start":1,"column_end":1,"is_primary":true,"text":[{"text":"use crate::execution::batch::RecordBatch;","highlight_start":1,"highlight_end":1}],"label":null,"suggested_replacement":"use crate::execution::operators::Operator;\n","suggestion_applicability":"MaybeIncorrect","expansion":null}],"children":[],"rendered":null},{"message":"there is a method `execute_many` with a similar name","code":null,"level":"help","spans":[{"file_name":"src/execution/executor.rs","byte_start":1855,"byte_end":1862,"line_start":48,"line_end":48,"column_start":45,"column_end":52,"is_primary":true,"text":[{"text":"                    .map(|batch| project_op.execute(batch))","highlight_start":45,"highlight_end":52}],"label":null,"suggested_replacement":"execute_many","suggestion_applicability":"MaybeIncorrect","expansion":null}],"children":[],"rendered":null}],"rendered":"\u001b[0m\u001b[1m\u001b[38;5;9merror[E0599]\u001b[0m\u001b[0m\u001b[1m: no method named `execute` found for struct `ProjectOperator` in the current scope\u001b[0m\n\u001b[0m   \u001b[0m\u001b[0m\u001b[1m\u001b[38;5;12m|\u001b[0m\n\u001b[0m  \u001b[0m\u001b[0m\u001b[1m\u001b[38;5;12m::: \u001b[0m\u001b[0msrc/execution/operators/project.rs:10:1\u001b[0m\n\u001b[0m   \u001b[0m\u001b[0m\u001b[1m\u001b[38;5;12m|\u001b[0m\n\u001b[0m\u001b[1m\u001b[38;5;12m10\u001b[0m\u001b[0m \u001b[0m\u001b[0m\u001b[1m\u001b[38;5;12m|\u001b[0m\u001b[0m \u001b[0m\u001b[0mpub struct ProjectOperator {\u001b[0m\n\u001b[0m   \u001b[0m\u001b[0m\u001b[1m\u001b[38;5;12m|\u001b[0m\u001b[0m \u001b[0m\u001b[0m\u001b[1m\u001b[38;5;12m--------------------------\u001b[0m\u001b[0m \u001b[0m\u001b[0m\u001b[1m\u001b[38;5;12mmethod `execute` not found for this struct\u001b[0m\n\u001b[0m   \u001b[0m\u001b[0m\u001b[1m\u001b[38;5;12m|\u001b[0m\n\u001b[0m  \u001b[0m\u001b[0m\u001b[1m\u001b[38;5;12m::: \u001b[0m\u001b[0msrc/execution/operators/mod.rs:27:8\u001b[0m\n\u001b[0m   \u001b[0m\u001b[0m\u001b[1m\u001b[38;5;12m|\u001b[0m\n\u001b[0m\u001b[1m\u001b[38;5;12m27\u001b[0m\u001b[0m \u001b[0m\u001b[0m\u001b[1m\u001b[38;5;12m|\u001b[0m\u001b[0m \u001b[0m\u001b[0m    fn execute(&self, input: &RecordBatch) -> Result<RecordBatch, String>;\u001b[0m\n\u001b[0m   \u001b[0m\u001b[0m\u001b[1m\u001b[38;5;12m|\u001b[0m\u001b[0m        \u001b[0m\u001b[0m\u001b[1m\u001b[38;5;12m-------\u001b[0m\u001b[0m \u001b[0m\u001b[0m\u001b[1m\u001b[38;5;12mthe method is available for `ProjectOperator` here\u001b[0m\n\u001b[0m  \u001b[0m\u001b[0m\u001b[1m\u001b[38;5;12m--> \u001b[0m\u001b[0msrc/execution/executor.rs:48:45\u001b[0m\n\u001b[0m   \u001b[0m\u001b[0m\u001b[1m\u001b[38;5;12m|\u001b[0m\n\u001b[0m\u001b[1m\u001b[38;5;12m48\u001b[0m\u001b[0m \u001b[0m\u001b[0m\u001b[1m\u001b[38;5;12m|\u001b[0m\u001b[0m \u001b[0m\u001b[0m                    .map(|batch| project_op.execute(batch))\u001b[0m\n\u001b[0m   \u001b[0m\u001b[0m\u001b[1m\u001b[38;5;12m|\u001b[0m\u001b[0m                                             \u001b[0m\u001b[0m\u001b[1m\u001b[38;5;9m^^^^^^^\u001b[0m\n\u001b[0m   \u001b[0m\u001b[0m\u001b[1m\u001b[38;5;12m|\u001b[0m\n\u001b[0m   \u001b[0m\u001b[0m\u001b[1m\u001b[38;5;12m= \u001b[0m\u001b[0m\u001b[1mhelp\u001b[0m\u001b[0m: items from traits can only be used if the trait is in scope\u001b[0m\n\u001b[0m\u001b[1m\u001b[38;5;14mhelp\u001b[0m\u001b[0m: trait `Operator` which provides `execute` is implemented but not in scope; perhaps you want to import it\u001b[0m\n\u001b[0m   \u001b[0m\u001b[0m\u001b[1m\u001b[38;5;12m|\u001b[0m\n\u001b[0m\u001b[1m\u001b[38;5;12m3\u001b[0m\u001b[0m  \u001b[0m\u001b[0m\u001b[38;5;10m+ use crate::execution::operators::Operator;\u001b[0m\n\u001b[0m   \u001b[0m\u001b[0m\u001b[1m\u001b[38;5;12m|\u001b[0m\n\u001b[0m\u001b[1m\u001b[38;5;14mhelp\u001b[0m\u001b[0m: there is a method `execute_many` with a similar name\u001b[0m\n\u001b[0m   \u001b[0m\u001b[0m\u001b[1m\u001b[38;5;12m|\u001b[0m\n\u001b[0m\u001b[1m\u001b[38;5;12m48\u001b[0m\u001b[0m \u001b[0m\u001b[0m\u001b[1m\u001b[38;5;12m| \u001b[0m\u001b[0m                    .map(|batch| project_op.execute\u001b[0m\u001b[0m\u001b[38;5;10m_many\u001b[0m\u001b[0m(batch))\u001b[0m\n\u001b[0m   \u001b[0m\u001b[0m\u001b[1m\u001b[38;5;12m|\u001b[0m\u001b[0m                                                    \u001b[0m\u001b[0m\u001b[38;5;10m+++++\u001b[0m\n\n"}
{"$message_type":"diagnostic","message":"no method named `execute` found for struct `FilterOperator` in the current scope","code":{"code":"E0599","explanation":"This error occurs when a method is used on a type which doesn't implement it:\n\nErroneous code example:\n\n```compile_fail,E0599\nstruct Mouth;\n\nlet x = Mouth;\nx.chocolate(); // error: no method named `chocolate` found for type `Mouth`\n               //        in the current scope\n```\n\nIn this case, you need to implement the `chocolate` method to fix the error:\n\n```\nstruct Mouth;\n\nimpl Mouth {\n    fn chocolate(&self) { // We implement the `chocolate` method here.\n        println!(\"Hmmm! I love chocolate!\");\n    }\n}\n\nlet x = Mouth;\nx.chocolate(); // ok!\n```\n"},"level":"error","spans":[{"file_name":"src/execution/operators/filter.rs","byte_start":391,"byte_end":416,"line_start":11,"line_end":11,"column_start":1,"column_end":26,"is_primary":false,"text":[{"text":"pub struct FilterOperator {","highlight_start":1,"highlight_end":26}],"label":"method `execute` not found for this struct","suggested_replacement":null,"suggestion_applicability":null,"expansion":null},{"file_name":"src/execution/operators/mod.rs","byte_start":724,"byte_end":731,"line_start":27,"line_end":27,"column_start":8,"column_end":15,"is_primary":false,"text":[{"text":"    fn execute(&self, input: &RecordBatch) -> Result<RecordBatch, String>;","highlight_start":8,"highlight_end":15}],"label":"the method is available for `FilterOperator` here","suggested_replacement":null,"suggestion_applicability":null,"expansion":null},{"file_name":"src/execution/executor.rs","byte_start":2659,"byte_end":2666,"line_start":68,"line_end":68,"column_start":44,"column_end":51,"is_primary":true,"text":[{"text":"                    .map(|batch| filter_op.execute(batch))","highlight_start":44,"highlight_end":51}],"label":null,"suggested_replacement":null,"suggestion_applicability":null,"expansion":null}],"children":[{"message":"items from traits can only be used if the trait is in scope","code":null,"level":"help","spans":[],"children":[],"rendered":null},{"message":"trait `Operator` which provides `execute` is implemented but not in scope; perhaps you want to import it","code":null,"level":"help","spans":[{"file_name":"src/execution/executor.rs","byte_start":33,"byte_end":33,"line_start":3,"line_end":3,"column_start":1,"column_end":1,"is_primary":true,"text":[{"text":"use crate::execution::batch::RecordBatch;","highlight_start":1,"highlight_end":1}],"label":null,"suggested_replacement":"use crate::execution::operators::Operator;\n","suggestion_applicability":"MaybeIncorrect","expansion":null}],"children":[],"rendered":null},{"message":"there is a method `execute_many` with a similar name","code":null,"level":"help","spans":[{"file_name":"src/execution/executor.rs","byte_start":2659,"byte_end":2666,"line_start":68,"line_end":68,"column_start":44,"column_end":51,"is_primary":true,"text":[{"text":"                    .map(|batch| filter_op.execute(batch))","highlight_start":44,"highlight_end":51}],"label":null,"suggested_replacement":"execute_many","suggestion_applicability":"MaybeIncorrect","expansion":null}],"children":[],"rendered":null}],"rendered":"\u001b[0m\u001b[1m\u001b[38;5;9merror[E0599]\u001b[0m\u001b[0m\u001b[1m: no method named `execute` found for struct `FilterOperator` in the current scope\u001b[0m\n\u001b[0m   \u001b[0m\u001b[0m\u001b[1m\u001b[38;5;12m|\u001b[0m\n\u001b[0m  \u001b[0m\u001b[0m\u001b[1m\u001b[38;5;12m::: \u001b[0m\u001b[0msrc/execution/operators/filter.rs:11:1\u001b[0m\n\u001b[0m   \u001b[0m\u001b[0m\u001b[1m\u001b[38;5;12m|\u001b[0m\n\u001b[0m\u001b[1m\u001b[38;5;12m11\u001b[0m\u001b[0m \u001b[0m\u001b[0m\u001b[1m\u001b[38;5;12m|\u001b[0m\u001b[0m \u001b[0m\u001b[0mpub struct FilterOperator {\u001b[0m\n\u001b[0m   \u001b[0m\u001b[0m\u001b[1m\u001b[38;5;12m|\u001b[0m\u001b[0m \u001b[0m\u001b[0m\u001b[1m\u001b[38;5;12m-------------------------\u001b[0m\u001b[0m \u001b[0m\u001b[0m\u001b[1m\u001b[38;5;12mmethod `execute` not found for this struct\u001b[0m\n\u001b[0m   \u001b[0m\u001b[0m\u001b[1m\u001b[38;5;12m|\u001b[0m\n\u001b[0m  \u001b[0m\u001b[0m\u001b[1m\u001b[38;5;12m::: \u001b[0m\u001b[0msrc/execution/operators/mod.rs:27:8\u001b[0m\n\u001b[0m   \u001b[0m\u001b[0m\u001b[1m\u001b[38;5;12m|\u001b[0m\n\u001b[0m\u001b[1m\u001b[38;5;12m27\u001b[0m\u001b[0m \u001b[0m\u001b[0m\u001b[1m\u001b[38;5;12m|\u001b[0m\u001b[0m \u001b[0m\u001b[0m    fn execute(&self, input: &RecordBatch) -> Result<RecordBatch, String>;\u001b[0m\n\u001b[0m   \u001b[0m\u001b[0m\u001b[1m\u001b[38;5;12m|\u001b[0m\u001b[0m        \u001b[0m\u001b[0m\u001b[1m\u001b[38;5;12m-------\u001b[0m\u001b[0m \u001b[0m\u001b[0m\u001b[1m\u001b[38;5;12mthe method is available for `FilterOperator` here\u001b[0m\n\u001b[0m  \u001b[0m\u001b[0m\u001b[1m\u001b[38;5;12m--> \u001b[0m\u001b[0msrc/execution/executor.rs:68:44\u001b[0m\n\u001b[0m   \u001b[0m\u001b[0m\u001b[1m\u001b[38;5;12m|\u001b[0m\n\u001b[0m\u001b[1m\u001b[38;5;12m68\u001b[0m\u001b[0m \u001b[0m\u001b[0m\u001b[1m\u001b[38;5;12m|\u001b[0m\u001b[0m \u001b[0m\u001b[0m                    .map(|batch| filter_op.execute(batch))\u001b[0m\n\u001b[0m   \u001b[0m\u001b[0m\u001b[1m\u001b[38;5;12m|\u001b[0m\u001b[0m                                            \u001b[0m\u001b[0m\u001b[1m\u001b[38;5;9m^^^^^^^\u001b[0m\n\u001b[0m   \u001b[0m\u001b[0m\u001b[1m\u001b[38;5;12m|\u001b[0m\n\u001b[0m   \u001b[0m\u001b[0m\u001b[1m\u001b[38;5;12m= \u001b[0m\u001b[0m\u001b[1mhelp\u001b[0m\u001b[0m: items from traits can only be used if the trait is in scope\u001b[0m\n\u001b[0m\u001b[1m\u001b[38;5;14mhelp\u001b[0m\u001b[0m: trait `Operator` which provides `execute` is implemented but not in scope; perhaps you want to import it\u001b[0m\n\u001b[0m   \u001b[0m\u001b[0m\u001b[1m\u001b[38;5;12m|\u001b[0m\n\u001b[0m\u001b[1m\u001b[38;5;12m3\u001b[0m\u001b[0m  \u001b[0m\u001b[0m\u001b[38;5;10m+ use crate::execution::operators::Operator;\u001b[0m\n\u001b[0m   \u001b[0m\u001b[0m\u001b[1m\u001b[38;5;12m|\u001b[0m\n\u001b[0m\u001b[1m\u001b[38;5;14mhelp\u001b[0m\u001b[0m: there is a method `execute_many` with a similar name\u001b[0m\n\u001b[0m   \u001b[0m\u001b[0m\u001b[1m\u001b[38;5;12m|\u001b[0m\n\u001b[0m\u001b[1m\u001b[38;5;12m68\u001b[0m\u001b[0m \u001b[0m\u001b[0m\u001b[1m\u001b[38;5;12m| \u001b[0m\u001b[0m                    .map(|batch| filter_op.execute\u001b[0m\u001b[0m\u001b[38;5;10m_many\u001b[0m\u001b[0m(batch))\u001b[0m\n\u001b[0m   \u001b[0m\u001b[0m\u001b[1m\u001b[38;5;12m|\u001b[0m\u001b[0m                                                   \u001b[0m\u001b[0m\u001b[38;5;10m+++++\u001b[0m\n\n"}
{"$message_type":"diagnostic","message":"no method named `execute_many` found for struct `AggregateOperator` in the current scope","code":{"code":"E0599","explanation":"This error occurs when a method is used on a type which doesn't implement it:\n\nErroneous code example:\n\n```compile_fail,E0599\nstruct Mouth;\n\nlet x = Mouth;\nx.chocolate(); // error: no method named `chocolate` found for type `Mouth`\n               //        in the current scope\n```\n\nIn this case, you need to implement the `chocolate` method to fix the error:\n\n```\nstruct Mouth;\n\nimpl Mouth {\n    fn chocolate(&self) { // We implement the `chocolate` method here.\n        println!(\"Hmmm! I love chocolate!\");\n    }\n}\n\nlet x = Mouth;\nx.chocolate(); // ok!\n```\n"},"level":"error","spans":[{"file_name":"src/execution/operators/aggregate.rs","byte_start":1279,"byte_end":1307,"line_start":47,"line_end":47,"column_start":1,"column_end":29,"is_primary":false,"text":[{"text":"pub struct AggregateOperator {","highlight_start":1,"highlight_end":29}],"label":"method `execute_many` not found for this struct","suggested_replacement":null,"suggestion_applicability":null,"expansion":null},{"file_name":"src/execution/operators/mod.rs","byte_start":1288,"byte_end":1300,"line_start":43,"line_end":43,"column_start":8,"column_end":20,"is_primary":false,"text":[{"text":"    fn execute_many(&self, inputs: &[RecordBatch]) -> Result<Vec<RecordBatch>, String> {","highlight_start":8,"highlight_end":20}],"label":"the method is available for `AggregateOperator` here","suggested_replacement":null,"suggestion_applicability":null,"expansion":null},{"file_name":"src/execution/executor.rs","byte_start":4606,"byte_end":4618,"line_start":112,"line_end":112,"column_start":24,"column_end":36,"is_primary":true,"text":[{"text":"                agg_op.execute_many(&input_batches)","highlight_start":24,"highlight_end":36}],"label":null,"suggested_replacement":null,"suggestion_applicability":null,"expansion":null}],"children":[{"message":"items from traits can only be used if the trait is in scope","code":null,"level":"help","spans":[],"children":[],"rendered":null},{"message":"trait `Operator` which provides `execute_many` is implemented but not in scope; perhaps you want to import it","code":null,"level":"help","spans":[{"file_name":"src/execution/executor.rs","byte_start":33,"byte_end":33,"line_start":3,"line_end":3,"column_start":1,"column_end":1,"is_primary":true,"text":[{"text":"use crate::execution::batch::RecordBatch;","highlight_start":1,"highlight_end":1}],"label":null,"suggested_replacement":"use crate::execution::operators::Operator;\n","suggestion_applicability":"MaybeIncorrect","expansion":null}],"children":[],"rendered":null},{"message":"there is a method `execute` with a similar name","code":null,"level":"help","spans":[{"file_name":"src/execution/executor.rs","byte_start":4606,"byte_end":4618,"line_start":112,"line_end":112,"column_start":24,"column_end":36,"is_primary":true,"text":[{"text":"                agg_op.execute_many(&input_batches)","highlight_start":24,"highlight_end":36}],"label":null,"suggested_replacement":"execute","suggestion_applicability":"MaybeIncorrect","expansion":null}],"children":[],"rendered":null}],"rendered":"\u001b[0m\u001b[1m\u001b[38;5;9merror[E0599]\u001b[0m\u001b[0m\u001b[1m: no method named `execute_many` found for struct `AggregateOperator` in the current scope\u001b[0m\n\u001b[0m    \u001b[0m\u001b[0m\u001b[1m\u001b[38;5;12m|\u001b[0m\n\u001b[0m   \u001b[0m\u001b[0m\u001b[1m\u001b[38;5;12m::: \u001b[0m\u001b[0msrc/execution/operators/aggregate.rs:47:1\u001b[0m\n\u001b[0m    \u001b[0m\u001b[0m\u001b[1m\u001b[38;5;12m|\u001b[0m\n\u001b[0m\u001b[1m\u001b[38;5;12m47\u001b[0m\u001b[0m  \u001b[0m\u001b[0m\u001b[1m\u001b[38;5;12m|\u001b[0m\u001b[0m \u001b[0m\u001b[0mpub struct AggregateOperator {\u001b[0m\n\u001b[0m    \u001b[0m\u001b[0m\u001b[1m\u001b[38;5;12m|\u001b[0m\u001b[0m \u001b[0m\u001b[0m\u001b[1m\u001b[38;5;12m----------------------------\u001b[0m\u001b[0m \u001b[0m\u001b[0m\u001b[1m\u001b[38;5;12mmethod `execute_many` not found for this struct\u001b[0m\n\u001b[0m    \u001b[0m\u001b[0m\u001b[1m\u001b[38;5;12m|\u001b[0m\n\u001b[0m   \u001b[0m\u001b[0m\u001b[1m\u001b[38;5;12m::: \u001b[0m\u001b[0msrc/execution/operators/mod.rs:43:8\u001b[0m\n\u001b[0m    \u001b[0m\u001b[0m\u001b[1m\u001b[38;5;12m|\u001b[0m\n\u001b[0m\u001b[1m\u001b[38;5;12m43\u001b[0m\u001b[0m  \u001b[0m\u001b[0m\u001b[1m\u001b[38;5;12m|\u001b[0m\u001b[0m \u001b[0m\u001b[0m    fn execute_many(&self, inputs: &[RecordBatch]) -> Result<Vec<RecordBatch>, String> {\u001b[0m\n\u001b[0m    \u001b[0m\u001b[0m\u001b[1m\u001b[38;5;12m|\u001b[0m\u001b[0m        \u001b[0m\u001b[0m\u001b[1m\u001b[38;5;12m------------\u001b[0m\u001b[0m \u001b[0m\u001b[0m\u001b[1m\u001b[38;5;12mthe method is available for `AggregateOperator` here\u001b[0m\n\u001b[0m   \u001b[0m\u001b[0m\u001b[1m\u001b[38;5;12m--> \u001b[0m\u001b[0msrc/execution/executor.rs:112:24\u001b[0m\n\u001b[0m    \u001b[0m\u001b[0m\u001b[1m\u001b[38;5;12m|\u001b[0m\n\u001b[0m\u001b[1m\u001b[38;5;12m112\u001b[0m\u001b[0m \u001b[0m\u001b[0m\u001b[1m\u001b[38;5;12m|\u001b[0m\u001b[0m \u001b[0m\u001b[0m                agg_op.execute_many(&input_batches)\u001b[0m\n\u001b[0m    \u001b[0m\u001b[0m\u001b[1m\u001b[38;5;12m|\u001b[0m\u001b[0m                        \u001b[0m\u001b[0m\u001b[1m\u001b[38;5;9m^^^^^^^^^^^^\u001b[0m\n\u001b[0m    \u001b[0m\u001b[0m\u001b[1m\u001b[38;5;12m|\u001b[0m\n\u001b[0m    \u001b[0m\u001b[0m\u001b[1m\u001b[38;5;12m= \u001b[0m\u001b[0m\u001b[1mhelp\u001b[0m\u001b[0m: items from traits can only be used if the trait is in scope\u001b[0m\n\u001b[0m\u001b[1m\u001b[38;5;14mhelp\u001b[0m\u001b[0m: trait `Operator` which provides `execute_many` is implemented but not in scope; perhaps you want to import it\u001b[0m\n\u001b[0m    \u001b[0m\u001b[0m\u001b[1m\u001b[38;5;12m|\u001b[0m\n\u001b[0m\u001b[1m\u001b[38;5;12m3\u001b[0m\u001b[0m   \u001b[0m\u001b[0m\u001b[38;5;10m+ use crate::execution::operators::Operator;\u001b[0m\n\u001b[0m    \u001b[0m\u001b[0m\u001b[1m\u001b[38;5;12m|\u001b[0m\n\u001b[0m\u001b[1m\u001b[38;5;14mhelp\u001b[0m\u001b[0m: there is a method `execute` with a similar name\u001b[0m\n\u001b[0m    \u001b[0m\u001b[0m\u001b[1m\u001b[38;5;12m|\u001b[0m\n\u001b[0m\u001b[1m\u001b[38;5;12m112\u001b[0m\u001b[0m \u001b[0m\u001b[0m\u001b[38;5;9m- \u001b[0m\u001b[0m                agg_op.\u001b[0m\u001b[0m\u001b[38;5;9mexecute_many\u001b[0m\u001b[0m(&input_batches)\u001b[0m\n\u001b[0m\u001b[1m\u001b[38;5;12m112\u001b[0m\u001b[0m \u001b[0m\u001b[0m\u001b[38;5;10m+ \u001b[0m\u001b[0m                agg_op.\u001b[0m\u001b[0m\u001b[38;5;10mexecute\u001b[0m\u001b[0m(&input_batches)\u001b[0m\n\u001b[0m    \u001b[0m\u001b[0m\u001b[1m\u001b[38;5;12m|\u001b[0m\n\n"}
{"$message_type":"diagnostic","message":"mismatched types","code":{"code":"E0308","explanation":"Expected type did not match the received type.\n\nErroneous code examples:\n\n```compile_fail,E0308\nfn plus_one(x: i32) -> i32 {\n    x + 1\n}\n\nplus_one(\"Not a number\");\n//       ^^^^^^^^^^^^^^ expected `i32`, found `&str`\n\nif \"Not a bool\" {\n// ^^^^^^^^^^^^ expected `bool`, found `&str`\n}\n\nlet x: f32 = \"Not a float\";\n//     ---   ^^^^^^^^^^^^^ expected `f32`, found `&str`\n//     |\n//     expected due to this\n```\n\nThis error occurs when an expression was used in a place where the compiler\nexpected an expression of a different type. It can occur in several cases, the\nmost common being when calling a function and passing an argument which has a\ndifferent type than the matching type in the function declaration.\n"},"level":"error","spans":[{"file_name":"src/execution/operators/aggregate.rs","byte_start":2011,"byte_end":2016,"line_start":70,"line_end":70,"column_start":25,"column_end":30,"is_primary":true,"text":[{"text":"            fields.push(field);","highlight_start":25,"highlight_end":30}],"label":"expected `Field`, found `Arc<Field>`","suggested_replacement":null,"suggestion_applicability":null,"expansion":null},{"file_name":"src/execution/operators/aggregate.rs","byte_start":2006,"byte_end":2010,"line_start":70,"line_end":70,"column_start":20,"column_end":24,"is_primary":false,"text":[{"text":"            fields.push(field);","highlight_start":20,"highlight_end":24}],"label":"arguments to this method are incorrect","suggested_replacement":null,"suggestion_applicability":null,"expansion":null}],"children":[{"message":"expected struct `arrow::datatypes::Field`\n   found struct `std::sync::Arc<arrow::datatypes::Field>`","code":null,"level":"note","spans":[],"children":[],"rendered":null},{"message":"method defined here","code":null,"level":"note","spans":[{"file_name":"/Users/nshah/.rustup/toolchains/stable-aarch64-apple-darwin/lib/rustlib/src/rust/library/alloc/src/vec/mod.rs","byte_start":92801,"byte_end":92805,"line_start":2442,"line_end":2442,"column_start":12,"column_end":16,"is_primary":true,"text":[{"text":"    pub fn push(&mut self, value: T) {","highlight_start":12,"highlight_end":16}],"label":null,"suggested_replacement":null,"suggestion_applicability":null,"expansion":null}],"children":[],"rendered":null}],"rendered":"\u001b[0m\u001b[1m\u001b[38;5;9merror[E0308]\u001b[0m\u001b[0m\u001b[1m: mismatched types\u001b[0m\n\u001b[0m    \u001b[0m\u001b[0m\u001b[1m\u001b[38;5;12m--> \u001b[0m\u001b[0msrc/execution/operators/aggregate.rs:70:25\u001b[0m\n\u001b[0m     \u001b[0m\u001b[0m\u001b[1m\u001b[38;5;12m|\u001b[0m\n\u001b[0m\u001b[1m\u001b[38;5;12m70\u001b[0m\u001b[0m   \u001b[0m\u001b[0m\u001b[1m\u001b[38;5;12m|\u001b[0m\u001b[0m \u001b[0m\u001b[0m            fields.push(field);\u001b[0m\n\u001b[0m     \u001b[0m\u001b[0m\u001b[1m\u001b[38;5;12m|\u001b[0m\u001b[0m                    \u001b[0m\u001b[0m\u001b[1m\u001b[38;5;12m----\u001b[0m\u001b[0m \u001b[0m\u001b[0m\u001b[1m\u001b[38;5;9m^^^^^\u001b[0m\u001b[0m \u001b[0m\u001b[0m\u001b[1m\u001b[38;5;9mexpected `Field`, found `Arc<Field>`\u001b[0m\n\u001b[0m     \u001b[0m\u001b[0m\u001b[1m\u001b[38;5;12m|\u001b[0m\u001b[0m                    \u001b[0m\u001b[0m\u001b[1m\u001b[38;5;12m|\u001b[0m\n\u001b[0m     \u001b[0m\u001b[0m\u001b[1m\u001b[38;5;12m|\u001b[0m\u001b[0m                    \u001b[0m\u001b[0m\u001b[1m\u001b[38;5;12marguments to this method are incorrect\u001b[0m\n\u001b[0m     \u001b[0m\u001b[0m\u001b[1m\u001b[38;5;12m|\u001b[0m\n\u001b[0m     \u001b[0m\u001b[0m\u001b[1m\u001b[38;5;12m= \u001b[0m\u001b[0m\u001b[1mnote\u001b[0m\u001b[0m: expected struct `arrow::datatypes::Field`\u001b[0m\n\u001b[0m                found struct `\u001b[0m\u001b[0m\u001b[1m\u001b[35mstd::sync::Arc<\u001b[0m\u001b[0marrow::datatypes::Field\u001b[0m\u001b[0m\u001b[1m\u001b[35m>\u001b[0m\u001b[0m`\u001b[0m\n\u001b[0m\u001b[1m\u001b[38;5;10mnote\u001b[0m\u001b[0m: method defined here\u001b[0m\n\u001b[0m    \u001b[0m\u001b[0m\u001b[1m\u001b[38;5;12m--> \u001b[0m\u001b[0m/Users/nshah/.rustup/toolchains/stable-aarch64-apple-darwin/lib/rustlib/src/rust/library/alloc/src/vec/mod.rs:2442:12\u001b[0m\n\u001b[0m     \u001b[0m\u001b[0m\u001b[1m\u001b[38;5;12m|\u001b[0m\n\u001b[0m\u001b[1m\u001b[38;5;12m2442\u001b[0m\u001b[0m \u001b[0m\u001b[0m\u001b[1m\u001b[38;5;12m|\u001b[0m\u001b[0m \u001b[0m\u001b[0m    pub fn push(&mut self, value: T) {\u001b[0m\n\u001b[0m     \u001b[0m\u001b[0m\u001b[1m\u001b[38;5;12m|\u001b[0m\u001b[0m            \u001b[0m\u001b[0m\u001b[1m\u001b[38;5;10m^^^^\u001b[0m\n\n"}
{"$message_type":"diagnostic","message":"arguments to this function are incorrect","code":{"code":"E0308","explanation":"Expected type did not match the received type.\n\nErroneous code examples:\n\n```compile_fail,E0308\nfn plus_one(x: i32) -> i32 {\n    x + 1\n}\n\nplus_one(\"Not a number\");\n//       ^^^^^^^^^^^^^^ expected `i32`, found `&str`\n\nif \"Not a bool\" {\n// ^^^^^^^^^^^^ expected `bool`, found `&str`\n}\n\nlet x: f32 = \"Not a float\";\n//     ---   ^^^^^^^^^^^^^ expected `f32`, found `&str`\n//     |\n//     expected due to this\n```\n\nThis error occurs when an expression was used in a place where the compiler\nexpected an expression of a different type. It can occur in several cases, the\nmost common being when calling a function and passing an argument which has a\ndifferent type than the matching type in the function declaration.\n"},"level":"error","spans":[{"file_name":"src/execution/operators/filter.rs","byte_start":2190,"byte_end":2208,"line_start":57,"line_end":57,"column_start":25,"column_end":43,"is_primary":true,"text":[{"text":"                        arrow::compute::eq(&left_array, &right_array)","highlight_start":25,"highlight_end":43}],"label":null,"suggested_replacement":null,"suggestion_applicability":null,"expansion":null}],"children":[{"message":"expected `&PrimitiveArray<_>`, found `&Arc<dyn Array>`","code":null,"level":"note","spans":[{"file_name":"src/execution/operators/filter.rs","byte_start":2209,"byte_end":2220,"line_start":57,"line_end":57,"column_start":44,"column_end":55,"is_primary":true,"text":[{"text":"                        arrow::compute::eq(&left_array, &right_array)","highlight_start":44,"highlight_end":55}],"label":null,"suggested_replacement":null,"suggestion_applicability":null,"expansion":null}],"children":[],"rendered":null},{"message":"expected reference `&PrimitiveArray<_>`\n   found reference `&std::sync::Arc<dyn arrow::array::Array>`","code":null,"level":"note","spans":[],"children":[],"rendered":null},{"message":"expected `&PrimitiveArray<_>`, found `&Arc<dyn Array>`","code":null,"level":"note","spans":[{"file_name":"src/execution/operators/filter.rs","byte_start":2222,"byte_end":2234,"line_start":57,"line_end":57,"column_start":57,"column_end":69,"is_primary":true,"text":[{"text":"                        arrow::compute::eq(&left_array, &right_array)","highlight_start":57,"highlight_end":69}],"label":null,"suggested_replacement":null,"suggestion_applicability":null,"expansion":null}],"children":[],"rendered":null},{"message":"expected reference `&PrimitiveArray<_>`\n   found reference `&std::sync::Arc<dyn arrow::array::Array>`","code":null,"level":"note","spans":[],"children":[],"rendered":null},{"message":"function defined here","code":null,"level":"note","spans":[{"file_name":"/Users/nshah/.cargo/registry/src/index.crates.io-1949cf8c6b5b557f/arrow-ord-50.0.0/src/comparison.rs","byte_start":42682,"byte_end":42684,"line_start":960,"line_end":960,"column_start":8,"column_end":10,"is_primary":true,"text":[{"text":"pub fn eq<T>(","highlight_start":8,"highlight_end":10}],"label":null,"suggested_replacement":null,"suggestion_applicability":null,"expansion":null}],"children":[],"rendered":null}],"rendered":"\u001b[0m\u001b[1m\u001b[38;5;9merror[E0308]\u001b[0m\u001b[0m\u001b[1m: arguments to this function are incorrect\u001b[0m\n\u001b[0m   \u001b[0m\u001b[0m\u001b[1m\u001b[38;5;12m--> \u001b[0m\u001b[0msrc/execution/operators/filter.rs:57:25\u001b[0m\n\u001b[0m    \u001b[0m\u001b[0m\u001b[1m\u001b[38;5;12m|\u001b[0m\n\u001b[0m\u001b[1m\u001b[38;5;12m57\u001b[0m\u001b[0m  \u001b[0m\u001b[0m\u001b[1m\u001b[38;5;12m|\u001b[0m\u001b[0m \u001b[0m\u001b[0m                        arrow::compute::eq(&left_array, &right_array)\u001b[0m\n\u001b[0m    \u001b[0m\u001b[0m\u001b[1m\u001b[38;5;12m|\u001b[0m\u001b[0m                         \u001b[0m\u001b[0m\u001b[1m\u001b[38;5;9m^^^^^^^^^^^^^^^^^^\u001b[0m\n\u001b[0m    \u001b[0m\u001b[0m\u001b[1m\u001b[38;5;12m|\u001b[0m\n\u001b[0m\u001b[1m\u001b[38;5;10mnote\u001b[0m\u001b[0m: expected `&PrimitiveArray<_>`, found `&Arc<dyn Array>`\u001b[0m\n\u001b[0m   \u001b[0m\u001b[0m\u001b[1m\u001b[38;5;12m--> \u001b[0m\u001b[0msrc/execution/operators/filter.rs:57:44\u001b[0m\n\u001b[0m    \u001b[0m\u001b[0m\u001b[1m\u001b[38;5;12m|\u001b[0m\n\u001b[0m\u001b[1m\u001b[38;5;12m57\u001b[0m\u001b[0m  \u001b[0m\u001b[0m\u001b[1m\u001b[38;5;12m|\u001b[0m\u001b[0m \u001b[0m\u001b[0m                        arrow::compute::eq(&left_array, &right_array)\u001b[0m\n\u001b[0m    \u001b[0m\u001b[0m\u001b[1m\u001b[38;5;12m|\u001b[0m\u001b[0m                                            \u001b[0m\u001b[0m\u001b[1m\u001b[38;5;10m^^^^^^^^^^^\u001b[0m\n\u001b[0m    \u001b[0m\u001b[0m\u001b[1m\u001b[38;5;12m= \u001b[0m\u001b[0m\u001b[1mnote\u001b[0m\u001b[0m: expected reference `&\u001b[0m\u001b[0m\u001b[1m\u001b[35mPrimitiveArray<_>\u001b[0m\u001b[0m`\u001b[0m\n\u001b[0m               found reference `&\u001b[0m\u001b[0m\u001b[1m\u001b[35mstd::sync::Arc<dyn arrow::array::Array>\u001b[0m\u001b[0m`\u001b[0m\n\u001b[0m\u001b[1m\u001b[38;5;10mnote\u001b[0m\u001b[0m: expected `&PrimitiveArray<_>`, found `&Arc<dyn Array>`\u001b[0m\n\u001b[0m   \u001b[0m\u001b[0m\u001b[1m\u001b[38;5;12m--> \u001b[0m\u001b[0msrc/execution/operators/filter.rs:57:57\u001b[0m\n\u001b[0m    \u001b[0m\u001b[0m\u001b[1m\u001b[38;5;12m|\u001b[0m\n\u001b[0m\u001b[1m\u001b[38;5;12m57\u001b[0m\u001b[0m  \u001b[0m\u001b[0m\u001b[1m\u001b[38;5;12m|\u001b[0m\u001b[0m \u001b[0m\u001b[0m                        arrow::compute::eq(&left_array, &right_array)\u001b[0m\n\u001b[0m    \u001b[0m\u001b[0m\u001b[1m\u001b[38;5;12m|\u001b[0m\u001b[0m                                                         \u001b[0m\u001b[0m\u001b[1m\u001b[38;5;10m^^^^^^^^^^^^\u001b[0m\n\u001b[0m    \u001b[0m\u001b[0m\u001b[1m\u001b[38;5;12m= \u001b[0m\u001b[0m\u001b[1mnote\u001b[0m\u001b[0m: expected reference `&\u001b[0m\u001b[0m\u001b[1m\u001b[35mPrimitiveArray<_>\u001b[0m\u001b[0m`\u001b[0m\n\u001b[0m               found reference `&\u001b[0m\u001b[0m\u001b[1m\u001b[35mstd::sync::Arc<dyn arrow::array::Array>\u001b[0m\u001b[0m`\u001b[0m\n\u001b[0m\u001b[1m\u001b[38;5;10mnote\u001b[0m\u001b[0m: function defined here\u001b[0m\n\u001b[0m   \u001b[0m\u001b[0m\u001b[1m\u001b[38;5;12m--> \u001b[0m\u001b[0m/Users/nshah/.cargo/registry/src/index.crates.io-1949cf8c6b5b557f/arrow-ord-50.0.0/src/comparison.rs:960:8\u001b[0m\n\u001b[0m    \u001b[0m\u001b[0m\u001b[1m\u001b[38;5;12m|\u001b[0m\n\u001b[0m\u001b[1m\u001b[38;5;12m960\u001b[0m\u001b[0m \u001b[0m\u001b[0m\u001b[1m\u001b[38;5;12m|\u001b[0m\u001b[0m \u001b[0m\u001b[0mpub fn eq<T>(\u001b[0m\n\u001b[0m    \u001b[0m\u001b[0m\u001b[1m\u001b[38;5;12m|\u001b[0m\u001b[0m        \u001b[0m\u001b[0m\u001b[1m\u001b[38;5;10m^^\u001b[0m\n\n"}
{"$message_type":"diagnostic","message":"arguments to this function are incorrect","code":{"code":"E0308","explanation":"Expected type did not match the received type.\n\nErroneous code examples:\n\n```compile_fail,E0308\nfn plus_one(x: i32) -> i32 {\n    x + 1\n}\n\nplus_one(\"Not a number\");\n//       ^^^^^^^^^^^^^^ expected `i32`, found `&str`\n\nif \"Not a bool\" {\n// ^^^^^^^^^^^^ expected `bool`, found `&str`\n}\n\nlet x: f32 = \"Not a float\";\n//     ---   ^^^^^^^^^^^^^ expected `f32`, found `&str`\n//     |\n//     expected due to this\n```\n\nThis error occurs when an expression was used in a place where the compiler\nexpected an expression of a different type. It can occur in several cases, the\nmost common being when calling a function and passing an argument which has a\ndifferent type than the matching type in the function declaration.\n"},"level":"error","spans":[{"file_name":"src/execution/operators/filter.rs","byte_start":2409,"byte_end":2428,"line_start":61,"line_end":61,"column_start":25,"column_end":44,"is_primary":true,"text":[{"text":"                        arrow::compute::neq(&left_array, &right_array)","highlight_start":25,"highlight_end":44}],"label":null,"suggested_replacement":null,"suggestion_applicability":null,"expansion":null}],"children":[{"message":"expected `&PrimitiveArray<_>`, found `&Arc<dyn Array>`","code":null,"level":"note","spans":[{"file_name":"src/execution/operators/filter.rs","byte_start":2429,"byte_end":2440,"line_start":61,"line_end":61,"column_start":45,"column_end":56,"is_primary":true,"text":[{"text":"                        arrow::compute::neq(&left_array, &right_array)","highlight_start":45,"highlight_end":56}],"label":null,"suggested_replacement":null,"suggestion_applicability":null,"expansion":null}],"children":[],"rendered":null},{"message":"expected reference `&PrimitiveArray<_>`\n   found reference `&std::sync::Arc<dyn arrow::array::Array>`","code":null,"level":"note","spans":[],"children":[],"rendered":null},{"message":"expected `&PrimitiveArray<_>`, found `&Arc<dyn Array>`","code":null,"level":"note","spans":[{"file_name":"src/execution/operators/filter.rs","byte_start":2442,"byte_end":2454,"line_start":61,"line_end":61,"column_start":58,"column_end":70,"is_primary":true,"text":[{"text":"                        arrow::compute::neq(&left_array, &right_array)","highlight_start":58,"highlight_end":70}],"label":null,"suggested_replacement":null,"suggestion_applicability":null,"expansion":null}],"children":[],"rendered":null},{"message":"expected reference `&PrimitiveArray<_>`\n   found reference `&std::sync::Arc<dyn arrow::array::Array>`","code":null,"level":"note","spans":[],"children":[],"rendered":null},{"message":"function defined here","code":null,"level":"note","spans":[{"file_name":"/Users/nshah/.cargo/registry/src/index.crates.io-1949cf8c6b5b557f/arrow-ord-50.0.0/src/comparison.rs","byte_start":44618,"byte_end":44621,"line_start":1006,"line_end":1006,"column_start":8,"column_end":11,"is_primary":true,"text":[{"text":"pub fn neq<T>(","highlight_start":8,"highlight_end":11}],"label":null,"suggested_replacement":null,"suggestion_applicability":null,"expansion":null}],"children":[],"rendered":null}],"rendered":"\u001b[0m\u001b[1m\u001b[38;5;9merror[E0308]\u001b[0m\u001b[0m\u001b[1m: arguments to this function are incorrect\u001b[0m\n\u001b[0m    \u001b[0m\u001b[0m\u001b[1m\u001b[38;5;12m--> \u001b[0m\u001b[0msrc/execution/operators/filter.rs:61:25\u001b[0m\n\u001b[0m     \u001b[0m\u001b[0m\u001b[1m\u001b[38;5;12m|\u001b[0m\n\u001b[0m\u001b[1m\u001b[38;5;12m61\u001b[0m\u001b[0m   \u001b[0m\u001b[0m\u001b[1m\u001b[38;5;12m|\u001b[0m\u001b[0m \u001b[0m\u001b[0m                        arrow::compute::neq(&left_array, &right_array)\u001b[0m\n\u001b[0m     \u001b[0m\u001b[0m\u001b[1m\u001b[38;5;12m|\u001b[0m\u001b[0m                         \u001b[0m\u001b[0m\u001b[1m\u001b[38;5;9m^^^^^^^^^^^^^^^^^^^\u001b[0m\n\u001b[0m     \u001b[0m\u001b[0m\u001b[1m\u001b[38;5;12m|\u001b[0m\n\u001b[0m\u001b[1m\u001b[38;5;10mnote\u001b[0m\u001b[0m: expected `&PrimitiveArray<_>`, found `&Arc<dyn Array>`\u001b[0m\n\u001b[0m    \u001b[0m\u001b[0m\u001b[1m\u001b[38;5;12m--> \u001b[0m\u001b[0msrc/execution/operators/filter.rs:61:45\u001b[0m\n\u001b[0m     \u001b[0m\u001b[0m\u001b[1m\u001b[38;5;12m|\u001b[0m\n\u001b[0m\u001b[1m\u001b[38;5;12m61\u001b[0m\u001b[0m   \u001b[0m\u001b[0m\u001b[1m\u001b[38;5;12m|\u001b[0m\u001b[0m \u001b[0m\u001b[0m                        arrow::compute::neq(&left_array, &right_array)\u001b[0m\n\u001b[0m     \u001b[0m\u001b[0m\u001b[1m\u001b[38;5;12m|\u001b[0m\u001b[0m                                             \u001b[0m\u001b[0m\u001b[1m\u001b[38;5;10m^^^^^^^^^^^\u001b[0m\n\u001b[0m     \u001b[0m\u001b[0m\u001b[1m\u001b[38;5;12m= \u001b[0m\u001b[0m\u001b[1mnote\u001b[0m\u001b[0m: expected reference `&\u001b[0m\u001b[0m\u001b[1m\u001b[35mPrimitiveArray<_>\u001b[0m\u001b[0m`\u001b[0m\n\u001b[0m                found reference `&\u001b[0m\u001b[0m\u001b[1m\u001b[35mstd::sync::Arc<dyn arrow::array::Array>\u001b[0m\u001b[0m`\u001b[0m\n\u001b[0m\u001b[1m\u001b[38;5;10mnote\u001b[0m\u001b[0m: expected `&PrimitiveArray<_>`, found `&Arc<dyn Array>`\u001b[0m\n\u001b[0m    \u001b[0m\u001b[0m\u001b[1m\u001b[38;5;12m--> \u001b[0m\u001b[0msrc/execution/operators/filter.rs:61:58\u001b[0m\n\u001b[0m     \u001b[0m\u001b[0m\u001b[1m\u001b[38;5;12m|\u001b[0m\n\u001b[0m\u001b[1m\u001b[38;5;12m61\u001b[0m\u001b[0m   \u001b[0m\u001b[0m\u001b[1m\u001b[38;5;12m|\u001b[0m\u001b[0m \u001b[0m\u001b[0m                        arrow::compute::neq(&left_array, &right_array)\u001b[0m\n\u001b[0m     \u001b[0m\u001b[0m\u001b[1m\u001b[38;5;12m|\u001b[0m\u001b[0m                                                          \u001b[0m\u001b[0m\u001b[1m\u001b[38;5;10m^^^^^^^^^^^^\u001b[0m\n\u001b[0m     \u001b[0m\u001b[0m\u001b[1m\u001b[38;5;12m= \u001b[0m\u001b[0m\u001b[1mnote\u001b[0m\u001b[0m: expected reference `&\u001b[0m\u001b[0m\u001b[1m\u001b[35mPrimitiveArray<_>\u001b[0m\u001b[0m`\u001b[0m\n\u001b[0m                found reference `&\u001b[0m\u001b[0m\u001b[1m\u001b[35mstd::sync::Arc<dyn arrow::array::Array>\u001b[0m\u001b[0m`\u001b[0m\n\u001b[0m\u001b[1m\u001b[38;5;10mnote\u001b[0m\u001b[0m: function defined here\u001b[0m\n\u001b[0m    \u001b[0m\u001b[0m\u001b[1m\u001b[38;5;12m--> \u001b[0m\u001b[0m/Users/nshah/.cargo/registry/src/index.crates.io-1949cf8c6b5b557f/arrow-ord-50.0.0/src/comparison.rs:1006:8\u001b[0m\n\u001b[0m     \u001b[0m\u001b[0m\u001b[1m\u001b[38;5;12m|\u001b[0m\n\u001b[0m\u001b[1m\u001b[38;5;12m1006\u001b[0m\u001b[0m \u001b[0m\u001b[0m\u001b[1m\u001b[38;5;12m|\u001b[0m\u001b[0m \u001b[0m\u001b[0mpub fn neq<T>(\u001b[0m\n\u001b[0m     \u001b[0m\u001b[0m\u001b[1m\u001b[38;5;12m|\u001b[0m\u001b[0m        \u001b[0m\u001b[0m\u001b[1m\u001b[38;5;10m^^^\u001b[0m\n\n"}
{"$message_type":"diagnostic","message":"arguments to this function are incorrect","code":{"code":"E0308","explanation":"Expected type did not match the received type.\n\nErroneous code examples:\n\n```compile_fail,E0308\nfn plus_one(x: i32) -> i32 {\n    x + 1\n}\n\nplus_one(\"Not a number\");\n//       ^^^^^^^^^^^^^^ expected `i32`, found `&str`\n\nif \"Not a bool\" {\n// ^^^^^^^^^^^^ expected `bool`, found `&str`\n}\n\nlet x: f32 = \"Not a float\";\n//     ---   ^^^^^^^^^^^^^ expected `f32`, found `&str`\n//     |\n//     expected due to this\n```\n\nThis error occurs when an expression was used in a place where the compiler\nexpected an expression of a different type. It can occur in several cases, the\nmost common being when calling a function and passing an argument which has a\ndifferent type than the matching type in the function declaration.\n"},"level":"error","spans":[{"file_name":"src/execution/operators/filter.rs","byte_start":2630,"byte_end":2648,"line_start":65,"line_end":65,"column_start":25,"column_end":43,"is_primary":true,"text":[{"text":"                        arrow::compute::lt(&left_array, &right_array)","highlight_start":25,"highlight_end":43}],"label":null,"suggested_replacement":null,"suggestion_applicability":null,"expansion":null}],"children":[{"message":"expected `&PrimitiveArray<_>`, found `&Arc<dyn Array>`","code":null,"level":"note","spans":[{"file_name":"src/execution/operators/filter.rs","byte_start":2649,"byte_end":2660,"line_start":65,"line_end":65,"column_start":44,"column_end":55,"is_primary":true,"text":[{"text":"                        arrow::compute::lt(&left_array, &right_array)","highlight_start":44,"highlight_end":55}],"label":null,"suggested_replacement":null,"suggestion_applicability":null,"expansion":null}],"children":[],"rendered":null},{"message":"expected reference `&PrimitiveArray<_>`\n   found reference `&std::sync::Arc<dyn arrow::array::Array>`","code":null,"level":"note","spans":[],"children":[],"rendered":null},{"message":"expected `&PrimitiveArray<_>`, found `&Arc<dyn Array>`","code":null,"level":"note","spans":[{"file_name":"src/execution/operators/filter.rs","byte_start":2662,"byte_end":2674,"line_start":65,"line_end":65,"column_start":57,"column_end":69,"is_primary":true,"text":[{"text":"                        arrow::compute::lt(&left_array, &right_array)","highlight_start":57,"highlight_end":69}],"label":null,"suggested_replacement":null,"suggestion_applicability":null,"expansion":null}],"children":[],"rendered":null},{"message":"expected reference `&PrimitiveArray<_>`\n   found reference `&std::sync::Arc<dyn arrow::array::Array>`","code":null,"level":"note","spans":[],"children":[],"rendered":null},{"message":"function defined here","code":null,"level":"note","spans":[{"file_name":"/Users/nshah/.cargo/registry/src/index.crates.io-1949cf8c6b5b557f/arrow-ord-50.0.0/src/comparison.rs","byte_start":46272,"byte_end":46274,"line_start":1043,"line_end":1043,"column_start":8,"column_end":10,"is_primary":true,"text":[{"text":"pub fn lt<T>(","highlight_start":8,"highlight_end":10}],"label":null,"suggested_replacement":null,"suggestion_applicability":null,"expansion":null}],"children":[],"rendered":null}],"rendered":"\u001b[0m\u001b[1m\u001b[38;5;9merror[E0308]\u001b[0m\u001b[0m\u001b[1m: arguments to this function are incorrect\u001b[0m\n\u001b[0m    \u001b[0m\u001b[0m\u001b[1m\u001b[38;5;12m--> \u001b[0m\u001b[0msrc/execution/operators/filter.rs:65:25\u001b[0m\n\u001b[0m     \u001b[0m\u001b[0m\u001b[1m\u001b[38;5;12m|\u001b[0m\n\u001b[0m\u001b[1m\u001b[38;5;12m65\u001b[0m\u001b[0m   \u001b[0m\u001b[0m\u001b[1m\u001b[38;5;12m|\u001b[0m\u001b[0m \u001b[0m\u001b[0m                        arrow::compute::lt(&left_array, &right_array)\u001b[0m\n\u001b[0m     \u001b[0m\u001b[0m\u001b[1m\u001b[38;5;12m|\u001b[0m\u001b[0m                         \u001b[0m\u001b[0m\u001b[1m\u001b[38;5;9m^^^^^^^^^^^^^^^^^^\u001b[0m\n\u001b[0m     \u001b[0m\u001b[0m\u001b[1m\u001b[38;5;12m|\u001b[0m\n\u001b[0m\u001b[1m\u001b[38;5;10mnote\u001b[0m\u001b[0m: expected `&PrimitiveArray<_>`, found `&Arc<dyn Array>`\u001b[0m\n\u001b[0m    \u001b[0m\u001b[0m\u001b[1m\u001b[38;5;12m--> \u001b[0m\u001b[0msrc/execution/operators/filter.rs:65:44\u001b[0m\n\u001b[0m     \u001b[0m\u001b[0m\u001b[1m\u001b[38;5;12m|\u001b[0m\n\u001b[0m\u001b[1m\u001b[38;5;12m65\u001b[0m\u001b[0m   \u001b[0m\u001b[0m\u001b[1m\u001b[38;5;12m|\u001b[0m\u001b[0m \u001b[0m\u001b[0m                        arrow::compute::lt(&left_array, &right_array)\u001b[0m\n\u001b[0m     \u001b[0m\u001b[0m\u001b[1m\u001b[38;5;12m|\u001b[0m\u001b[0m                                            \u001b[0m\u001b[0m\u001b[1m\u001b[38;5;10m^^^^^^^^^^^\u001b[0m\n\u001b[0m     \u001b[0m\u001b[0m\u001b[1m\u001b[38;5;12m= \u001b[0m\u001b[0m\u001b[1mnote\u001b[0m\u001b[0m: expected reference `&\u001b[0m\u001b[0m\u001b[1m\u001b[35mPrimitiveArray<_>\u001b[0m\u001b[0m`\u001b[0m\n\u001b[0m                found reference `&\u001b[0m\u001b[0m\u001b[1m\u001b[35mstd::sync::Arc<dyn arrow::array::Array>\u001b[0m\u001b[0m`\u001b[0m\n\u001b[0m\u001b[1m\u001b[38;5;10mnote\u001b[0m\u001b[0m: expected `&PrimitiveArray<_>`, found `&Arc<dyn Array>`\u001b[0m\n\u001b[0m    \u001b[0m\u001b[0m\u001b[1m\u001b[38;5;12m--> \u001b[0m\u001b[0msrc/execution/operators/filter.rs:65:57\u001b[0m\n\u001b[0m     \u001b[0m\u001b[0m\u001b[1m\u001b[38;5;12m|\u001b[0m\n\u001b[0m\u001b[1m\u001b[38;5;12m65\u001b[0m\u001b[0m   \u001b[0m\u001b[0m\u001b[1m\u001b[38;5;12m|\u001b[0m\u001b[0m \u001b[0m\u001b[0m                        arrow::compute::lt(&left_array, &right_array)\u001b[0m\n\u001b[0m     \u001b[0m\u001b[0m\u001b[1m\u001b[38;5;12m|\u001b[0m\u001b[0m                                                         \u001b[0m\u001b[0m\u001b[1m\u001b[38;5;10m^^^^^^^^^^^^\u001b[0m\n\u001b[0m     \u001b[0m\u001b[0m\u001b[1m\u001b[38;5;12m= \u001b[0m\u001b[0m\u001b[1mnote\u001b[0m\u001b[0m: expected reference `&\u001b[0m\u001b[0m\u001b[1m\u001b[35mPrimitiveArray<_>\u001b[0m\u001b[0m`\u001b[0m\n\u001b[0m                found reference `&\u001b[0m\u001b[0m\u001b[1m\u001b[35mstd::sync::Arc<dyn arrow::array::Array>\u001b[0m\u001b[0m`\u001b[0m\n\u001b[0m\u001b[1m\u001b[38;5;10mnote\u001b[0m\u001b[0m: function defined here\u001b[0m\n\u001b[0m    \u001b[0m\u001b[0m\u001b[1m\u001b[38;5;12m--> \u001b[0m\u001b[0m/Users/nshah/.cargo/registry/src/index.crates.io-1949cf8c6b5b557f/arrow-ord-50.0.0/src/comparison.rs:1043:8\u001b[0m\n\u001b[0m     \u001b[0m\u001b[0m\u001b[1m\u001b[38;5;12m|\u001b[0m\n\u001b[0m\u001b[1m\u001b[38;5;12m1043\u001b[0m\u001b[0m \u001b[0m\u001b[0m\u001b[1m\u001b[38;5;12m|\u001b[0m\u001b[0m \u001b[0m\u001b[0mpub fn lt<T>(\u001b[0m\n\u001b[0m     \u001b[0m\u001b[0m\u001b[1m\u001b[38;5;12m|\u001b[0m\u001b[0m        \u001b[0m\u001b[0m\u001b[1m\u001b[38;5;10m^^\u001b[0m\n\n"}
{"$message_type":"diagnostic","message":"arguments to this function are incorrect","code":{"code":"E0308","explanation":"Expected type did not match the received type.\n\nErroneous code examples:\n\n```compile_fail,E0308\nfn plus_one(x: i32) -> i32 {\n    x + 1\n}\n\nplus_one(\"Not a number\");\n//       ^^^^^^^^^^^^^^ expected `i32`, found `&str`\n\nif \"Not a bool\" {\n// ^^^^^^^^^^^^ expected `bool`, found `&str`\n}\n\nlet x: f32 = \"Not a float\";\n//     ---   ^^^^^^^^^^^^^ expected `f32`, found `&str`\n//     |\n//     expected due to this\n```\n\nThis error occurs when an expression was used in a place where the compiler\nexpected an expression of a different type. It can occur in several cases, the\nmost common being when calling a function and passing an argument which has a\ndifferent type than the matching type in the function declaration.\n"},"level":"error","spans":[{"file_name":"src/execution/operators/filter.rs","byte_start":2849,"byte_end":2870,"line_start":69,"line_end":69,"column_start":25,"column_end":46,"is_primary":true,"text":[{"text":"                        arrow::compute::lt_eq(&left_array, &right_array)","highlight_start":25,"highlight_end":46}],"label":null,"suggested_replacement":null,"suggestion_applicability":null,"expansion":null}],"children":[{"message":"expected `&PrimitiveArray<_>`, found `&Arc<dyn Array>`","code":null,"level":"note","spans":[{"file_name":"src/execution/operators/filter.rs","byte_start":2871,"byte_end":2882,"line_start":69,"line_end":69,"column_start":47,"column_end":58,"is_primary":true,"text":[{"text":"                        arrow::compute::lt_eq(&left_array, &right_array)","highlight_start":47,"highlight_end":58}],"label":null,"suggested_replacement":null,"suggestion_applicability":null,"expansion":null}],"children":[],"rendered":null},{"message":"expected reference `&PrimitiveArray<_>`\n   found reference `&std::sync::Arc<dyn arrow::array::Array>`","code":null,"level":"note","spans":[],"children":[],"rendered":null},{"message":"expected `&PrimitiveArray<_>`, found `&Arc<dyn Array>`","code":null,"level":"note","spans":[{"file_name":"src/execution/operators/filter.rs","byte_start":2884,"byte_end":2896,"line_start":69,"line_end":69,"column_start":60,"column_end":72,"is_primary":true,"text":[{"text":"                        arrow::compute::lt_eq(&left_array, &right_array)","highlight_start":60,"highlight_end":72}],"label":null,"suggested_replacement":null,"suggestion_applicability":null,"expansion":null}],"children":[],"rendered":null},{"message":"expected reference `&PrimitiveArray<_>`\n   found reference `&std::sync::Arc<dyn arrow::array::Array>`","code":null,"level":"note","spans":[],"children":[],"rendered":null},{"message":"function defined here","code":null,"level":"note","spans":[{"file_name":"/Users/nshah/.cargo/registry/src/index.crates.io-1949cf8c6b5b557f/arrow-ord-50.0.0/src/comparison.rs","byte_start":47971,"byte_end":47976,"line_start":1081,"line_end":1081,"column_start":8,"column_end":13,"is_primary":true,"text":[{"text":"pub fn lt_eq<T>(","highlight_start":8,"highlight_end":13}],"label":null,"suggested_replacement":null,"suggestion_applicability":null,"expansion":null}],"children":[],"rendered":null}],"rendered":"\u001b[0m\u001b[1m\u001b[38;5;9merror[E0308]\u001b[0m\u001b[0m\u001b[1m: arguments to this function are incorrect\u001b[0m\n\u001b[0m    \u001b[0m\u001b[0m\u001b[1m\u001b[38;5;12m--> \u001b[0m\u001b[0msrc/execution/operators/filter.rs:69:25\u001b[0m\n\u001b[0m     \u001b[0m\u001b[0m\u001b[1m\u001b[38;5;12m|\u001b[0m\n\u001b[0m\u001b[1m\u001b[38;5;12m69\u001b[0m\u001b[0m   \u001b[0m\u001b[0m\u001b[1m\u001b[38;5;12m|\u001b[0m\u001b[0m \u001b[0m\u001b[0m                        arrow::compute::lt_eq(&left_array, &right_array)\u001b[0m\n\u001b[0m     \u001b[0m\u001b[0m\u001b[1m\u001b[38;5;12m|\u001b[0m\u001b[0m                         \u001b[0m\u001b[0m\u001b[1m\u001b[38;5;9m^^^^^^^^^^^^^^^^^^^^^\u001b[0m\n\u001b[0m     \u001b[0m\u001b[0m\u001b[1m\u001b[38;5;12m|\u001b[0m\n\u001b[0m\u001b[1m\u001b[38;5;10mnote\u001b[0m\u001b[0m: expected `&PrimitiveArray<_>`, found `&Arc<dyn Array>`\u001b[0m\n\u001b[0m    \u001b[0m\u001b[0m\u001b[1m\u001b[38;5;12m--> \u001b[0m\u001b[0msrc/execution/operators/filter.rs:69:47\u001b[0m\n\u001b[0m     \u001b[0m\u001b[0m\u001b[1m\u001b[38;5;12m|\u001b[0m\n\u001b[0m\u001b[1m\u001b[38;5;12m69\u001b[0m\u001b[0m   \u001b[0m\u001b[0m\u001b[1m\u001b[38;5;12m|\u001b[0m\u001b[0m \u001b[0m\u001b[0m                        arrow::compute::lt_eq(&left_array, &right_array)\u001b[0m\n\u001b[0m     \u001b[0m\u001b[0m\u001b[1m\u001b[38;5;12m|\u001b[0m\u001b[0m                                               \u001b[0m\u001b[0m\u001b[1m\u001b[38;5;10m^^^^^^^^^^^\u001b[0m\n\u001b[0m     \u001b[0m\u001b[0m\u001b[1m\u001b[38;5;12m= \u001b[0m\u001b[0m\u001b[1mnote\u001b[0m\u001b[0m: expected reference `&\u001b[0m\u001b[0m\u001b[1m\u001b[35mPrimitiveArray<_>\u001b[0m\u001b[0m`\u001b[0m\n\u001b[0m                found reference `&\u001b[0m\u001b[0m\u001b[1m\u001b[35mstd::sync::Arc<dyn arrow::array::Array>\u001b[0m\u001b[0m`\u001b[0m\n\u001b[0m\u001b[1m\u001b[38;5;10mnote\u001b[0m\u001b[0m: expected `&PrimitiveArray<_>`, found `&Arc<dyn Array>`\u001b[0m\n\u001b[0m    \u001b[0m\u001b[0m\u001b[1m\u001b[38;5;12m--> \u001b[0m\u001b[0msrc/execution/operators/filter.rs:69:60\u001b[0m\n\u001b[0m     \u001b[0m\u001b[0m\u001b[1m\u001b[38;5;12m|\u001b[0m\n\u001b[0m\u001b[1m\u001b[38;5;12m69\u001b[0m\u001b[0m   \u001b[0m\u001b[0m\u001b[1m\u001b[38;5;12m|\u001b[0m\u001b[0m \u001b[0m\u001b[0m                        arrow::compute::lt_eq(&left_array, &right_array)\u001b[0m\n\u001b[0m     \u001b[0m\u001b[0m\u001b[1m\u001b[38;5;12m|\u001b[0m\u001b[0m                                                            \u001b[0m\u001b[0m\u001b[1m\u001b[38;5;10m^^^^^^^^^^^^\u001b[0m\n\u001b[0m     \u001b[0m\u001b[0m\u001b[1m\u001b[38;5;12m= \u001b[0m\u001b[0m\u001b[1mnote\u001b[0m\u001b[0m: expected reference `&\u001b[0m\u001b[0m\u001b[1m\u001b[35mPrimitiveArray<_>\u001b[0m\u001b[0m`\u001b[0m\n\u001b[0m                found reference `&\u001b[0m\u001b[0m\u001b[1m\u001b[35mstd::sync::Arc<dyn arrow::array::Array>\u001b[0m\u001b[0m`\u001b[0m\n\u001b[0m\u001b[1m\u001b[38;5;10mnote\u001b[0m\u001b[0m: function defined here\u001b[0m\n\u001b[0m    \u001b[0m\u001b[0m\u001b[1m\u001b[38;5;12m--> \u001b[0m\u001b[0m/Users/nshah/.cargo/registry/src/index.crates.io-1949cf8c6b5b557f/arrow-ord-50.0.0/src/comparison.rs:1081:8\u001b[0m\n\u001b[0m     \u001b[0m\u001b[0m\u001b[1m\u001b[38;5;12m|\u001b[0m\n\u001b[0m\u001b[1m\u001b[38;5;12m1081\u001b[0m\u001b[0m \u001b[0m\u001b[0m\u001b[1m\u001b[38;5;12m|\u001b[0m\u001b[0m \u001b[0m\u001b[0mpub fn lt_eq<T>(\u001b[0m\n\u001b[0m     \u001b[0m\u001b[0m\u001b[1m\u001b[38;5;12m|\u001b[0m\u001b[0m        \u001b[0m\u001b[0m\u001b[1m\u001b[38;5;10m^^^^^\u001b[0m\n\n"}
{"$message_type":"diagnostic","message":"arguments to this function are incorrect","code":{"code":"E0308","explanation":"Expected type did not match the received type.\n\nErroneous code examples:\n\n```compile_fail,E0308\nfn plus_one(x: i32) -> i32 {\n    x + 1\n}\n\nplus_one(\"Not a number\");\n//       ^^^^^^^^^^^^^^ expected `i32`, found `&str`\n\nif \"Not a bool\" {\n// ^^^^^^^^^^^^ expected `bool`, found `&str`\n}\n\nlet x: f32 = \"Not a float\";\n//     ---   ^^^^^^^^^^^^^ expected `f32`, found `&str`\n//     |\n//     expected due to this\n```\n\nThis error occurs when an expression was used in a place where the compiler\nexpected an expression of a different type. It can occur in several cases, the\nmost common being when calling a function and passing an argument which has a\ndifferent type than the matching type in the function declaration.\n"},"level":"error","spans":[{"file_name":"src/execution/operators/filter.rs","byte_start":3080,"byte_end":3098,"line_start":73,"line_end":73,"column_start":25,"column_end":43,"is_primary":true,"text":[{"text":"                        arrow::compute::gt(&left_array, &right_array)","highlight_start":25,"highlight_end":43}],"label":null,"suggested_replacement":null,"suggestion_applicability":null,"expansion":null}],"children":[{"message":"expected `&PrimitiveArray<_>`, found `&Arc<dyn Array>`","code":null,"level":"note","spans":[{"file_name":"src/execution/operators/filter.rs","byte_start":3099,"byte_end":3110,"line_start":73,"line_end":73,"column_start":44,"column_end":55,"is_primary":true,"text":[{"text":"                        arrow::compute::gt(&left_array, &right_array)","highlight_start":44,"highlight_end":55}],"label":null,"suggested_replacement":null,"suggestion_applicability":null,"expansion":null}],"children":[],"rendered":null},{"message":"expected reference `&PrimitiveArray<_>`\n   found reference `&std::sync::Arc<dyn arrow::array::Array>`","code":null,"level":"note","spans":[],"children":[],"rendered":null},{"message":"expected `&PrimitiveArray<_>`, found `&Arc<dyn Array>`","code":null,"level":"note","spans":[{"file_name":"src/execution/operators/filter.rs","byte_start":3112,"byte_end":3124,"line_start":73,"line_end":73,"column_start":57,"column_end":69,"is_primary":true,"text":[{"text":"                        arrow::compute::gt(&left_array, &right_array)","highlight_start":57,"highlight_end":69}],"label":null,"suggested_replacement":null,"suggestion_applicability":null,"expansion":null}],"children":[],"rendered":null},{"message":"expected reference `&PrimitiveArray<_>`\n   found reference `&std::sync::Arc<dyn arrow::array::Array>`","code":null,"level":"note","spans":[],"children":[],"rendered":null},{"message":"function defined here","code":null,"level":"note","spans":[{"file_name":"/Users/nshah/.cargo/registry/src/index.crates.io-1949cf8c6b5b557f/arrow-ord-50.0.0/src/comparison.rs","byte_start":49696,"byte_end":49698,"line_start":1122,"line_end":1122,"column_start":8,"column_end":10,"is_primary":true,"text":[{"text":"pub fn gt<T>(","highlight_start":8,"highlight_end":10}],"label":null,"suggested_replacement":null,"suggestion_applicability":null,"expansion":null}],"children":[],"rendered":null}],"rendered":"\u001b[0m\u001b[1m\u001b[38;5;9merror[E0308]\u001b[0m\u001b[0m\u001b[1m: arguments to this function are incorrect\u001b[0m\n\u001b[0m    \u001b[0m\u001b[0m\u001b[1m\u001b[38;5;12m--> \u001b[0m\u001b[0msrc/execution/operators/filter.rs:73:25\u001b[0m\n\u001b[0m     \u001b[0m\u001b[0m\u001b[1m\u001b[38;5;12m|\u001b[0m\n\u001b[0m\u001b[1m\u001b[38;5;12m73\u001b[0m\u001b[0m   \u001b[0m\u001b[0m\u001b[1m\u001b[38;5;12m|\u001b[0m\u001b[0m \u001b[0m\u001b[0m                        arrow::compute::gt(&left_array, &right_array)\u001b[0m\n\u001b[0m     \u001b[0m\u001b[0m\u001b[1m\u001b[38;5;12m|\u001b[0m\u001b[0m                         \u001b[0m\u001b[0m\u001b[1m\u001b[38;5;9m^^^^^^^^^^^^^^^^^^\u001b[0m\n\u001b[0m     \u001b[0m\u001b[0m\u001b[1m\u001b[38;5;12m|\u001b[0m\n\u001b[0m\u001b[1m\u001b[38;5;10mnote\u001b[0m\u001b[0m: expected `&PrimitiveArray<_>`, found `&Arc<dyn Array>`\u001b[0m\n\u001b[0m    \u001b[0m\u001b[0m\u001b[1m\u001b[38;5;12m--> \u001b[0m\u001b[0msrc/execution/operators/filter.rs:73:44\u001b[0m\n\u001b[0m     \u001b[0m\u001b[0m\u001b[1m\u001b[38;5;12m|\u001b[0m\n\u001b[0m\u001b[1m\u001b[38;5;12m73\u001b[0m\u001b[0m   \u001b[0m\u001b[0m\u001b[1m\u001b[38;5;12m|\u001b[0m\u001b[0m \u001b[0m\u001b[0m                        arrow::compute::gt(&left_array, &right_array)\u001b[0m\n\u001b[0m     \u001b[0m\u001b[0m\u001b[1m\u001b[38;5;12m|\u001b[0m\u001b[0m                                            \u001b[0m\u001b[0m\u001b[1m\u001b[38;5;10m^^^^^^^^^^^\u001b[0m\n\u001b[0m     \u001b[0m\u001b[0m\u001b[1m\u001b[38;5;12m= \u001b[0m\u001b[0m\u001b[1mnote\u001b[0m\u001b[0m: expected reference `&\u001b[0m\u001b[0m\u001b[1m\u001b[35mPrimitiveArray<_>\u001b[0m\u001b[0m`\u001b[0m\n\u001b[0m                found reference `&\u001b[0m\u001b[0m\u001b[1m\u001b[35mstd::sync::Arc<dyn arrow::array::Array>\u001b[0m\u001b[0m`\u001b[0m\n\u001b[0m\u001b[1m\u001b[38;5;10mnote\u001b[0m\u001b[0m: expected `&PrimitiveArray<_>`, found `&Arc<dyn Array>`\u001b[0m\n\u001b[0m    \u001b[0m\u001b[0m\u001b[1m\u001b[38;5;12m--> \u001b[0m\u001b[0msrc/execution/operators/filter.rs:73:57\u001b[0m\n\u001b[0m     \u001b[0m\u001b[0m\u001b[1m\u001b[38;5;12m|\u001b[0m\n\u001b[0m\u001b[1m\u001b[38;5;12m73\u001b[0m\u001b[0m   \u001b[0m\u001b[0m\u001b[1m\u001b[38;5;12m|\u001b[0m\u001b[0m \u001b[0m\u001b[0m                        arrow::compute::gt(&left_array, &right_array)\u001b[0m\n\u001b[0m     \u001b[0m\u001b[0m\u001b[1m\u001b[38;5;12m|\u001b[0m\u001b[0m                                                         \u001b[0m\u001b[0m\u001b[1m\u001b[38;5;10m^^^^^^^^^^^^\u001b[0m\n\u001b[0m     \u001b[0m\u001b[0m\u001b[1m\u001b[38;5;12m= \u001b[0m\u001b[0m\u001b[1mnote\u001b[0m\u001b[0m: expected reference `&\u001b[0m\u001b[0m\u001b[1m\u001b[35mPrimitiveArray<_>\u001b[0m\u001b[0m`\u001b[0m\n\u001b[0m                found reference `&\u001b[0m\u001b[0m\u001b[1m\u001b[35mstd::sync::Arc<dyn arrow::array::Array>\u001b[0m\u001b[0m`\u001b[0m\n\u001b[0m\u001b[1m\u001b[38;5;10mnote\u001b[0m\u001b[0m: function defined here\u001b[0m\n\u001b[0m    \u001b[0m\u001b[0m\u001b[1m\u001b[38;5;12m--> \u001b[0m\u001b[0m/Users/nshah/.cargo/registry/src/index.crates.io-1949cf8c6b5b557f/arrow-ord-50.0.0/src/comparison.rs:1122:8\u001b[0m\n\u001b[0m     \u001b[0m\u001b[0m\u001b[1m\u001b[38;5;12m|\u001b[0m\n\u001b[0m\u001b[1m\u001b[38;5;12m1122\u001b[0m\u001b[0m \u001b[0m\u001b[0m\u001b[1m\u001b[38;5;12m|\u001b[0m\u001b[0m \u001b[0m\u001b[0mpub fn gt<T>(\u001b[0m\n\u001b[0m     \u001b[0m\u001b[0m\u001b[1m\u001b[38;5;12m|\u001b[0m\u001b[0m        \u001b[0m\u001b[0m\u001b[1m\u001b[38;5;10m^^\u001b[0m\n\n"}
{"$message_type":"diagnostic","message":"arguments to this function are incorrect","code":{"code":"E0308","explanation":"Expected type did not match the received type.\n\nErroneous code examples:\n\n```compile_fail,E0308\nfn plus_one(x: i32) -> i32 {\n    x + 1\n}\n\nplus_one(\"Not a number\");\n//       ^^^^^^^^^^^^^^ expected `i32`, found `&str`\n\nif \"Not a bool\" {\n// ^^^^^^^^^^^^ expected `bool`, found `&str`\n}\n\nlet x: f32 = \"Not a float\";\n//     ---   ^^^^^^^^^^^^^ expected `f32`, found `&str`\n//     |\n//     expected due to this\n```\n\nThis error occurs when an expression was used in a place where the compiler\nexpected an expression of a different type. It can occur in several cases, the\nmost common being when calling a function and passing an argument which has a\ndifferent type than the matching type in the function declaration.\n"},"level":"error","spans":[{"file_name":"src/execution/operators/filter.rs","byte_start":3302,"byte_end":3323,"line_start":77,"line_end":77,"column_start":25,"column_end":46,"is_primary":true,"text":[{"text":"                        arrow::compute::gt_eq(&left_array, &right_array)","highlight_start":25,"highlight_end":46}],"label":null,"suggested_replacement":null,"suggestion_applicability":null,"expansion":null}],"children":[{"message":"expected `&PrimitiveArray<_>`, found `&Arc<dyn Array>`","code":null,"level":"note","spans":[{"file_name":"src/execution/operators/filter.rs","byte_start":3324,"byte_end":3335,"line_start":77,"line_end":77,"column_start":47,"column_end":58,"is_primary":true,"text":[{"text":"                        arrow::compute::gt_eq(&left_array, &right_array)","highlight_start":47,"highlight_end":58}],"label":null,"suggested_replacement":null,"suggestion_applicability":null,"expansion":null}],"children":[],"rendered":null},{"message":"expected reference `&PrimitiveArray<_>`\n   found reference `&std::sync::Arc<dyn arrow::array::Array>`","code":null,"level":"note","spans":[],"children":[],"rendered":null},{"message":"expected `&PrimitiveArray<_>`, found `&Arc<dyn Array>`","code":null,"level":"note","spans":[{"file_name":"src/execution/operators/filter.rs","byte_start":3337,"byte_end":3349,"line_start":77,"line_end":77,"column_start":60,"column_end":72,"is_primary":true,"text":[{"text":"                        arrow::compute::gt_eq(&left_array, &right_array)","highlight_start":60,"highlight_end":72}],"label":null,"suggested_replacement":null,"suggestion_applicability":null,"expansion":null}],"children":[],"rendered":null},{"message":"expected reference `&PrimitiveArray<_>`\n   found reference `&std::sync::Arc<dyn arrow::array::Array>`","code":null,"level":"note","spans":[],"children":[],"rendered":null},{"message":"function defined here","code":null,"level":"note","spans":[{"file_name":"/Users/nshah/.cargo/registry/src/index.crates.io-1949cf8c6b5b557f/arrow-ord-50.0.0/src/comparison.rs","byte_start":51401,"byte_end":51406,"line_start":1160,"line_end":1160,"column_start":8,"column_end":13,"is_primary":true,"text":[{"text":"pub fn gt_eq<T>(","highlight_start":8,"highlight_end":13}],"label":null,"suggested_replacement":null,"suggestion_applicability":null,"expansion":null}],"children":[],"rendered":null}],"rendered":"\u001b[0m\u001b[1m\u001b[38;5;9merror[E0308]\u001b[0m\u001b[0m\u001b[1m: arguments to this function are incorrect\u001b[0m\n\u001b[0m    \u001b[0m\u001b[0m\u001b[1m\u001b[38;5;12m--> \u001b[0m\u001b[0msrc/execution/operators/filter.rs:77:25\u001b[0m\n\u001b[0m     \u001b[0m\u001b[0m\u001b[1m\u001b[38;5;12m|\u001b[0m\n\u001b[0m\u001b[1m\u001b[38;5;12m77\u001b[0m\u001b[0m   \u001b[0m\u001b[0m\u001b[1m\u001b[38;5;12m|\u001b[0m\u001b[0m \u001b[0m\u001b[0m                        arrow::compute::gt_eq(&left_array, &right_array)\u001b[0m\n\u001b[0m     \u001b[0m\u001b[0m\u001b[1m\u001b[38;5;12m|\u001b[0m\u001b[0m                         \u001b[0m\u001b[0m\u001b[1m\u001b[38;5;9m^^^^^^^^^^^^^^^^^^^^^\u001b[0m\n\u001b[0m     \u001b[0m\u001b[0m\u001b[1m\u001b[38;5;12m|\u001b[0m\n\u001b[0m\u001b[1m\u001b[38;5;10mnote\u001b[0m\u001b[0m: expected `&PrimitiveArray<_>`, found `&Arc<dyn Array>`\u001b[0m\n\u001b[0m    \u001b[0m\u001b[0m\u001b[1m\u001b[38;5;12m--> \u001b[0m\u001b[0msrc/execution/operators/filter.rs:77:47\u001b[0m\n\u001b[0m     \u001b[0m\u001b[0m\u001b[1m\u001b[38;5;12m|\u001b[0m\n\u001b[0m\u001b[1m\u001b[38;5;12m77\u001b[0m\u001b[0m   \u001b[0m\u001b[0m\u001b[1m\u001b[38;5;12m|\u001b[0m\u001b[0m \u001b[0m\u001b[0m                        arrow::compute::gt_eq(&left_array, &right_array)\u001b[0m\n\u001b[0m     \u001b[0m\u001b[0m\u001b[1m\u001b[38;5;12m|\u001b[0m\u001b[0m                                               \u001b[0m\u001b[0m\u001b[1m\u001b[38;5;10m^^^^^^^^^^^\u001b[0m\n\u001b[0m     \u001b[0m\u001b[0m\u001b[1m\u001b[38;5;12m= \u001b[0m\u001b[0m\u001b[1mnote\u001b[0m\u001b[0m: expected reference `&\u001b[0m\u001b[0m\u001b[1m\u001b[35mPrimitiveArray<_>\u001b[0m\u001b[0m`\u001b[0m\n\u001b[0m                found reference `&\u001b[0m\u001b[0m\u001b[1m\u001b[35mstd::sync::Arc<dyn arrow::array::Array>\u001b[0m\u001b[0m`\u001b[0m\n\u001b[0m\u001b[1m\u001b[38;5;10mnote\u001b[0m\u001b[0m: expected `&PrimitiveArray<_>`, found `&Arc<dyn Array>`\u001b[0m\n\u001b[0m    \u001b[0m\u001b[0m\u001b[1m\u001b[38;5;12m--> \u001b[0m\u001b[0msrc/execution/operators/filter.rs:77:60\u001b[0m\n\u001b[0m     \u001b[0m\u001b[0m\u001b[1m\u001b[38;5;12m|\u001b[0m\n\u001b[0m\u001b[1m\u001b[38;5;12m77\u001b[0m\u001b[0m   \u001b[0m\u001b[0m\u001b[1m\u001b[38;5;12m|\u001b[0m\u001b[0m \u001b[0m\u001b[0m                        arrow::compute::gt_eq(&left_array, &right_array)\u001b[0m\n\u001b[0m     \u001b[0m\u001b[0m\u001b[1m\u001b[38;5;12m|\u001b[0m\u001b[0m                                                            \u001b[0m\u001b[0m\u001b[1m\u001b[38;5;10m^^^^^^^^^^^^\u001b[0m\n\u001b[0m     \u001b[0m\u001b[0m\u001b[1m\u001b[38;5;12m= \u001b[0m\u001b[0m\u001b[1mnote\u001b[0m\u001b[0m: expected reference `&\u001b[0m\u001b[0m\u001b[1m\u001b[35mPrimitiveArray<_>\u001b[0m\u001b[0m`\u001b[0m\n\u001b[0m                found reference `&\u001b[0m\u001b[0m\u001b[1m\u001b[35mstd::sync::Arc<dyn arrow::array::Array>\u001b[0m\u001b[0m`\u001b[0m\n\u001b[0m\u001b[1m\u001b[38;5;10mnote\u001b[0m\u001b[0m: function defined here\u001b[0m\n\u001b[0m    \u001b[0m\u001b[0m\u001b[1m\u001b[38;5;12m--> \u001b[0m\u001b[0m/Users/nshah/.cargo/registry/src/index.crates.io-1949cf8c6b5b557f/arrow-ord-50.0.0/src/comparison.rs:1160:8\u001b[0m\n\u001b[0m     \u001b[0m\u001b[0m\u001b[1m\u001b[38;5;12m|\u001b[0m\n\u001b[0m\u001b[1m\u001b[38;5;12m1160\u001b[0m\u001b[0m \u001b[0m\u001b[0m\u001b[1m\u001b[38;5;12m|\u001b[0m\u001b[0m \u001b[0m\u001b[0mpub fn gt_eq<T>(\u001b[0m\n\u001b[0m     \u001b[0m\u001b[0m\u001b[1m\u001b[38;5;12m|\u001b[0m\u001b[0m        \u001b[0m\u001b[0m\u001b[1m\u001b[38;5;10m^^^^^\u001b[0m\n\n"}
{"$message_type":"diagnostic","message":"the trait bound `std::io::BufReader<std::fs::File>: ChunkReader` is not satisfied","code":{"code":"E0277","explanation":"You tried to use a type which doesn't implement some trait in a place which\nexpected that trait.\n\nErroneous code example:\n\n```compile_fail,E0277\n// here we declare the Foo trait with a bar method\ntrait Foo {\n    fn bar(&self);\n}\n\n// we now declare a function which takes an object implementing the Foo trait\nfn some_func<T: Foo>(foo: T) {\n    foo.bar();\n}\n\nfn main() {\n    // we now call the method with the i32 type, which doesn't implement\n    // the Foo trait\n    some_func(5i32); // error: the trait bound `i32 : Foo` is not satisfied\n}\n```\n\nIn order to fix this error, verify that the type you're using does implement\nthe trait. Example:\n\n```\ntrait Foo {\n    fn bar(&self);\n}\n\n// we implement the trait on the i32 type\nimpl Foo for i32 {\n    fn bar(&self) {}\n}\n\nfn some_func<T: Foo>(foo: T) {\n    foo.bar(); // we can now use this method since i32 implements the\n               // Foo trait\n}\n\nfn main() {\n    some_func(5i32); // ok!\n}\n```\n\nOr in a generic context, an erroneous code example would look like:\n\n```compile_fail,E0277\nfn some_func<T>(foo: T) {\n    println!(\"{:?}\", foo); // error: the trait `core::fmt::Debug` is not\n                           //        implemented for the type `T`\n}\n\nfn main() {\n    // We now call the method with the i32 type,\n    // which *does* implement the Debug trait.\n    some_func(5i32);\n}\n```\n\nNote that the error here is in the definition of the generic function. Although\nwe only call it with a parameter that does implement `Debug`, the compiler\nstill rejects the function. It must work with all possible input types. In\norder to make this example compile, we need to restrict the generic type we're\naccepting:\n\n```\nuse std::fmt;\n\n// Restrict the input type to types that implement Debug.\nfn some_func<T: fmt::Debug>(foo: T) {\n    println!(\"{:?}\", foo);\n}\n\nfn main() {\n    // Calling the method is still fine, as i32 implements Debug.\n    some_func(5i32);\n\n    // This would fail to compile now:\n    // struct WithoutDebug;\n    // some_func(WithoutDebug);\n}\n```\n\nRust only looks at the signature of the called function, as such it must\nalready specify all requirements that will be used for every type parameter.\n"},"level":"error","spans":[{"file_name":"src/storage/parquet_reader.rs","byte_start":1857,"byte_end":1867,"line_start":57,"line_end":57,"column_start":62,"column_end":72,"is_primary":true,"text":[{"text":"        let file_reader = Arc::new(SerializedFileReader::new(buf_reader)?);","highlight_start":62,"highlight_end":72}],"label":"the trait `ChunkReader` is not implemented for `std::io::BufReader<std::fs::File>`","suggested_replacement":null,"suggestion_applicability":null,"expansion":null},{"file_name":"src/storage/parquet_reader.rs","byte_start":1831,"byte_end":1856,"line_start":57,"line_end":57,"column_start":36,"column_end":61,"is_primary":false,"text":[{"text":"        let file_reader = Arc::new(SerializedFileReader::new(buf_reader)?);","highlight_start":36,"highlight_end":61}],"label":"required by a bound introduced by this call","suggested_replacement":null,"suggestion_applicability":null,"expansion":null}],"children":[{"message":"the following other types implement trait `ChunkReader`:\n  bytes::bytes::Bytes\n  std::fs::File","code":null,"level":"help","spans":[],"children":[],"rendered":null},{"message":"required by a bound in `SerializedFileReader::<R>::new`","code":null,"level":"note","spans":[{"file_name":"/Users/nshah/.cargo/registry/src/index.crates.io-1949cf8c6b5b557f/parquet-50.0.0/src/file/serialized_reader.rs","byte_start":6023,"byte_end":6026,"line_start":181,"line_end":181,"column_start":12,"column_end":15,"is_primary":false,"text":[{"text":"    pub fn new(chunk_reader: R) -> Result<Self> {","highlight_start":12,"highlight_end":15}],"label":"required by a bound in this associated function","suggested_replacement":null,"suggestion_applicability":null,"expansion":null},{"file_name":"/Users/nshah/.cargo/registry/src/index.crates.io-1949cf8c6b5b557f/parquet-50.0.0/src/file/serialized_reader.rs","byte_start":5856,"byte_end":5867,"line_start":178,"line_end":178,"column_start":19,"column_end":30,"is_primary":true,"text":[{"text":"impl<R: 'static + ChunkReader> SerializedFileReader<R> {","highlight_start":19,"highlight_end":30}],"label":"required by this bound in `SerializedFileReader::<R>::new`","suggested_replacement":null,"suggestion_applicability":null,"expansion":null}],"children":[],"rendered":null}],"rendered":"\u001b[0m\u001b[1m\u001b[38;5;9merror[E0277]\u001b[0m\u001b[0m\u001b[1m: the trait bound `std::io::BufReader<std::fs::File>: ChunkReader` is not satisfied\u001b[0m\n\u001b[0m   \u001b[0m\u001b[0m\u001b[1m\u001b[38;5;12m--> \u001b[0m\u001b[0msrc/storage/parquet_reader.rs:57:62\u001b[0m\n\u001b[0m    \u001b[0m\u001b[0m\u001b[1m\u001b[38;5;12m|\u001b[0m\n\u001b[0m\u001b[1m\u001b[38;5;12m57\u001b[0m\u001b[0m  \u001b[0m\u001b[0m\u001b[1m\u001b[38;5;12m|\u001b[0m\u001b[0m \u001b[0m\u001b[0m        let file_reader = Arc::new(SerializedFileReader::new(buf_reader)?);\u001b[0m\n\u001b[0m    \u001b[0m\u001b[0m\u001b[1m\u001b[38;5;12m|\u001b[0m\u001b[0m                                    \u001b[0m\u001b[0m\u001b[1m\u001b[38;5;12m-------------------------\u001b[0m\u001b[0m \u001b[0m\u001b[0m\u001b[1m\u001b[38;5;9m^^^^^^^^^^\u001b[0m\u001b[0m \u001b[0m\u001b[0m\u001b[1m\u001b[38;5;9mthe trait `ChunkReader` is not implemented for `std::io::BufReader<std::fs::File>`\u001b[0m\n\u001b[0m    \u001b[0m\u001b[0m\u001b[1m\u001b[38;5;12m|\u001b[0m\u001b[0m                                    \u001b[0m\u001b[0m\u001b[1m\u001b[38;5;12m|\u001b[0m\n\u001b[0m    \u001b[0m\u001b[0m\u001b[1m\u001b[38;5;12m|\u001b[0m\u001b[0m                                    \u001b[0m\u001b[0m\u001b[1m\u001b[38;5;12mrequired by a bound introduced by this call\u001b[0m\n\u001b[0m    \u001b[0m\u001b[0m\u001b[1m\u001b[38;5;12m|\u001b[0m\n\u001b[0m    \u001b[0m\u001b[0m\u001b[1m\u001b[38;5;12m= \u001b[0m\u001b[0m\u001b[1mhelp\u001b[0m\u001b[0m: the following other types implement trait `ChunkReader`:\u001b[0m\n\u001b[0m              bytes::bytes::Bytes\u001b[0m\n\u001b[0m              std::fs::File\u001b[0m\n\u001b[0m\u001b[1m\u001b[38;5;10mnote\u001b[0m\u001b[0m: required by a bound in `SerializedFileReader::<R>::new`\u001b[0m\n\u001b[0m   \u001b[0m\u001b[0m\u001b[1m\u001b[38;5;12m--> \u001b[0m\u001b[0m/Users/nshah/.cargo/registry/src/index.crates.io-1949cf8c6b5b557f/parquet-50.0.0/src/file/serialized_reader.rs:178:19\u001b[0m\n\u001b[0m    \u001b[0m\u001b[0m\u001b[1m\u001b[38;5;12m|\u001b[0m\n\u001b[0m\u001b[1m\u001b[38;5;12m178\u001b[0m\u001b[0m \u001b[0m\u001b[0m\u001b[1m\u001b[38;5;12m|\u001b[0m\u001b[0m \u001b[0m\u001b[0mimpl<R: 'static + ChunkReader> SerializedFileReader<R> {\u001b[0m\n\u001b[0m    \u001b[0m\u001b[0m\u001b[1m\u001b[38;5;12m|\u001b[0m\u001b[0m                   \u001b[0m\u001b[0m\u001b[1m\u001b[38;5;10m^^^^^^^^^^^\u001b[0m\u001b[0m \u001b[0m\u001b[0m\u001b[1m\u001b[38;5;10mrequired by this bound in `SerializedFileReader::<R>::new`\u001b[0m\n\u001b[0m\u001b[1m\u001b[38;5;12m...\u001b[0m\n\u001b[0m\u001b[1m\u001b[38;5;12m181\u001b[0m\u001b[0m \u001b[0m\u001b[0m\u001b[1m\u001b[38;5;12m|\u001b[0m\u001b[0m \u001b[0m\u001b[0m    pub fn new(chunk_reader: R) -> Result<Self> {\u001b[0m\n\u001b[0m    \u001b[0m\u001b[0m\u001b[1m\u001b[38;5;12m|\u001b[0m\u001b[0m            \u001b[0m\u001b[0m\u001b[1m\u001b[38;5;12m---\u001b[0m\u001b[0m \u001b[0m\u001b[0m\u001b[1m\u001b[38;5;12mrequired by a bound in this associated function\u001b[0m\n\n"}
{"$message_type":"diagnostic","message":"the trait bound `std::io::BufReader<std::fs::File>: ChunkReader` is not satisfied","code":{"code":"E0277","explanation":"You tried to use a type which doesn't implement some trait in a place which\nexpected that trait.\n\nErroneous code example:\n\n```compile_fail,E0277\n// here we declare the Foo trait with a bar method\ntrait Foo {\n    fn bar(&self);\n}\n\n// we now declare a function which takes an object implementing the Foo trait\nfn some_func<T: Foo>(foo: T) {\n    foo.bar();\n}\n\nfn main() {\n    // we now call the method with the i32 type, which doesn't implement\n    // the Foo trait\n    some_func(5i32); // error: the trait bound `i32 : Foo` is not satisfied\n}\n```\n\nIn order to fix this error, verify that the type you're using does implement\nthe trait. Example:\n\n```\ntrait Foo {\n    fn bar(&self);\n}\n\n// we implement the trait on the i32 type\nimpl Foo for i32 {\n    fn bar(&self) {}\n}\n\nfn some_func<T: Foo>(foo: T) {\n    foo.bar(); // we can now use this method since i32 implements the\n               // Foo trait\n}\n\nfn main() {\n    some_func(5i32); // ok!\n}\n```\n\nOr in a generic context, an erroneous code example would look like:\n\n```compile_fail,E0277\nfn some_func<T>(foo: T) {\n    println!(\"{:?}\", foo); // error: the trait `core::fmt::Debug` is not\n                           //        implemented for the type `T`\n}\n\nfn main() {\n    // We now call the method with the i32 type,\n    // which *does* implement the Debug trait.\n    some_func(5i32);\n}\n```\n\nNote that the error here is in the definition of the generic function. Although\nwe only call it with a parameter that does implement `Debug`, the compiler\nstill rejects the function. It must work with all possible input types. In\norder to make this example compile, we need to restrict the generic type we're\naccepting:\n\n```\nuse std::fmt;\n\n// Restrict the input type to types that implement Debug.\nfn some_func<T: fmt::Debug>(foo: T) {\n    println!(\"{:?}\", foo);\n}\n\nfn main() {\n    // Calling the method is still fine, as i32 implements Debug.\n    some_func(5i32);\n\n    // This would fail to compile now:\n    // struct WithoutDebug;\n    // some_func(WithoutDebug);\n}\n```\n\nRust only looks at the signature of the called function, as such it must\nalready specify all requirements that will be used for every type parameter.\n"},"level":"error","spans":[{"file_name":"src/storage/parquet_reader.rs","byte_start":1831,"byte_end":1868,"line_start":57,"line_end":57,"column_start":36,"column_end":73,"is_primary":true,"text":[{"text":"        let file_reader = Arc::new(SerializedFileReader::new(buf_reader)?);","highlight_start":36,"highlight_end":73}],"label":"the trait `ChunkReader` is not implemented for `std::io::BufReader<std::fs::File>`","suggested_replacement":null,"suggestion_applicability":null,"expansion":null}],"children":[{"message":"the following other types implement trait `ChunkReader`:\n  bytes::bytes::Bytes\n  std::fs::File","code":null,"level":"help","spans":[],"children":[],"rendered":null},{"message":"required by a bound in `SerializedFileReader`","code":null,"level":"note","spans":[{"file_name":"/Users/nshah/.cargo/registry/src/index.crates.io-1949cf8c6b5b557f/parquet-50.0.0/src/file/serialized_reader.rs","byte_start":3077,"byte_end":3088,"line_start":94,"line_end":94,"column_start":36,"column_end":47,"is_primary":true,"text":[{"text":"pub struct SerializedFileReader<R: ChunkReader> {","highlight_start":36,"highlight_end":47}],"label":"required by this bound in `SerializedFileReader`","suggested_replacement":null,"suggestion_applicability":null,"expansion":null}],"children":[],"rendered":null}],"rendered":"\u001b[0m\u001b[1m\u001b[38;5;9merror[E0277]\u001b[0m\u001b[0m\u001b[1m: the trait bound `std::io::BufReader<std::fs::File>: ChunkReader` is not satisfied\u001b[0m\n\u001b[0m  \u001b[0m\u001b[0m\u001b[1m\u001b[38;5;12m--> \u001b[0m\u001b[0msrc/storage/parquet_reader.rs:57:36\u001b[0m\n\u001b[0m   \u001b[0m\u001b[0m\u001b[1m\u001b[38;5;12m|\u001b[0m\n\u001b[0m\u001b[1m\u001b[38;5;12m57\u001b[0m\u001b[0m \u001b[0m\u001b[0m\u001b[1m\u001b[38;5;12m|\u001b[0m\u001b[0m \u001b[0m\u001b[0m        let file_reader = Arc::new(SerializedFileReader::new(buf_reader)?);\u001b[0m\n\u001b[0m   \u001b[0m\u001b[0m\u001b[1m\u001b[38;5;12m|\u001b[0m\u001b[0m                                    \u001b[0m\u001b[0m\u001b[1m\u001b[38;5;9m^^^^^^^^^^^^^^^^^^^^^^^^^^^^^^^^^^^^^\u001b[0m\u001b[0m \u001b[0m\u001b[0m\u001b[1m\u001b[38;5;9mthe trait `ChunkReader` is not implemented for `std::io::BufReader<std::fs::File>`\u001b[0m\n\u001b[0m   \u001b[0m\u001b[0m\u001b[1m\u001b[38;5;12m|\u001b[0m\n\u001b[0m   \u001b[0m\u001b[0m\u001b[1m\u001b[38;5;12m= \u001b[0m\u001b[0m\u001b[1mhelp\u001b[0m\u001b[0m: the following other types implement trait `ChunkReader`:\u001b[0m\n\u001b[0m             bytes::bytes::Bytes\u001b[0m\n\u001b[0m             std::fs::File\u001b[0m\n\u001b[0m\u001b[1m\u001b[38;5;10mnote\u001b[0m\u001b[0m: required by a bound in `SerializedFileReader`\u001b[0m\n\u001b[0m  \u001b[0m\u001b[0m\u001b[1m\u001b[38;5;12m--> \u001b[0m\u001b[0m/Users/nshah/.cargo/registry/src/index.crates.io-1949cf8c6b5b557f/parquet-50.0.0/src/file/serialized_reader.rs:94:36\u001b[0m\n\u001b[0m   \u001b[0m\u001b[0m\u001b[1m\u001b[38;5;12m|\u001b[0m\n\u001b[0m\u001b[1m\u001b[38;5;12m94\u001b[0m\u001b[0m \u001b[0m\u001b[0m\u001b[1m\u001b[38;5;12m|\u001b[0m\u001b[0m \u001b[0m\u001b[0mpub struct SerializedFileReader<R: ChunkReader> {\u001b[0m\n\u001b[0m   \u001b[0m\u001b[0m\u001b[1m\u001b[38;5;12m|\u001b[0m\u001b[0m                                    \u001b[0m\u001b[0m\u001b[1m\u001b[38;5;10m^^^^^^^^^^^\u001b[0m\u001b[0m \u001b[0m\u001b[0m\u001b[1m\u001b[38;5;10mrequired by this bound in `SerializedFileReader`\u001b[0m\n\n"}
{"$message_type":"diagnostic","message":"the trait bound `std::io::BufReader<std::fs::File>: ChunkReader` is not satisfied","code":{"code":"E0277","explanation":"You tried to use a type which doesn't implement some trait in a place which\nexpected that trait.\n\nErroneous code example:\n\n```compile_fail,E0277\n// here we declare the Foo trait with a bar method\ntrait Foo {\n    fn bar(&self);\n}\n\n// we now declare a function which takes an object implementing the Foo trait\nfn some_func<T: Foo>(foo: T) {\n    foo.bar();\n}\n\nfn main() {\n    // we now call the method with the i32 type, which doesn't implement\n    // the Foo trait\n    some_func(5i32); // error: the trait bound `i32 : Foo` is not satisfied\n}\n```\n\nIn order to fix this error, verify that the type you're using does implement\nthe trait. Example:\n\n```\ntrait Foo {\n    fn bar(&self);\n}\n\n// we implement the trait on the i32 type\nimpl Foo for i32 {\n    fn bar(&self) {}\n}\n\nfn some_func<T: Foo>(foo: T) {\n    foo.bar(); // we can now use this method since i32 implements the\n               // Foo trait\n}\n\nfn main() {\n    some_func(5i32); // ok!\n}\n```\n\nOr in a generic context, an erroneous code example would look like:\n\n```compile_fail,E0277\nfn some_func<T>(foo: T) {\n    println!(\"{:?}\", foo); // error: the trait `core::fmt::Debug` is not\n                           //        implemented for the type `T`\n}\n\nfn main() {\n    // We now call the method with the i32 type,\n    // which *does* implement the Debug trait.\n    some_func(5i32);\n}\n```\n\nNote that the error here is in the definition of the generic function. Although\nwe only call it with a parameter that does implement `Debug`, the compiler\nstill rejects the function. It must work with all possible input types. In\norder to make this example compile, we need to restrict the generic type we're\naccepting:\n\n```\nuse std::fmt;\n\n// Restrict the input type to types that implement Debug.\nfn some_func<T: fmt::Debug>(foo: T) {\n    println!(\"{:?}\", foo);\n}\n\nfn main() {\n    // Calling the method is still fine, as i32 implements Debug.\n    some_func(5i32);\n\n    // This would fail to compile now:\n    // struct WithoutDebug;\n    // some_func(WithoutDebug);\n}\n```\n\nRust only looks at the signature of the called function, as such it must\nalready specify all requirements that will be used for every type parameter.\n"},"level":"error","spans":[{"file_name":"src/storage/parquet_reader.rs","byte_start":1831,"byte_end":1869,"line_start":57,"line_end":57,"column_start":36,"column_end":74,"is_primary":true,"text":[{"text":"        let file_reader = Arc::new(SerializedFileReader::new(buf_reader)?);","highlight_start":36,"highlight_end":74}],"label":"the trait `ChunkReader` is not implemented for `std::io::BufReader<std::fs::File>`","suggested_replacement":null,"suggestion_applicability":null,"expansion":{"span":{"file_name":"src/storage/parquet_reader.rs","byte_start":1831,"byte_end":1869,"line_start":57,"line_end":57,"column_start":36,"column_end":74,"is_primary":false,"text":[{"text":"        let file_reader = Arc::new(SerializedFileReader::new(buf_reader)?);","highlight_start":36,"highlight_end":74}],"label":null,"suggested_replacement":null,"suggestion_applicability":null,"expansion":null},"macro_decl_name":"desugaring of operator `?`","def_site_span":{"file_name":"src/lib.rs","byte_start":0,"byte_end":0,"line_start":1,"line_end":1,"column_start":1,"column_end":1,"is_primary":false,"text":[],"label":null,"suggested_replacement":null,"suggestion_applicability":null,"expansion":null}}}],"children":[{"message":"the following other types implement trait `ChunkReader`:\n  bytes::bytes::Bytes\n  std::fs::File","code":null,"level":"help","spans":[],"children":[],"rendered":null},{"message":"required by a bound in `SerializedFileReader`","code":null,"level":"note","spans":[{"file_name":"/Users/nshah/.cargo/registry/src/index.crates.io-1949cf8c6b5b557f/parquet-50.0.0/src/file/serialized_reader.rs","byte_start":3077,"byte_end":3088,"line_start":94,"line_end":94,"column_start":36,"column_end":47,"is_primary":true,"text":[{"text":"pub struct SerializedFileReader<R: ChunkReader> {","highlight_start":36,"highlight_end":47}],"label":"required by this bound in `SerializedFileReader`","suggested_replacement":null,"suggestion_applicability":null,"expansion":null}],"children":[],"rendered":null}],"rendered":"\u001b[0m\u001b[1m\u001b[38;5;9merror[E0277]\u001b[0m\u001b[0m\u001b[1m: the trait bound `std::io::BufReader<std::fs::File>: ChunkReader` is not satisfied\u001b[0m\n\u001b[0m  \u001b[0m\u001b[0m\u001b[1m\u001b[38;5;12m--> \u001b[0m\u001b[0msrc/storage/parquet_reader.rs:57:36\u001b[0m\n\u001b[0m   \u001b[0m\u001b[0m\u001b[1m\u001b[38;5;12m|\u001b[0m\n\u001b[0m\u001b[1m\u001b[38;5;12m57\u001b[0m\u001b[0m \u001b[0m\u001b[0m\u001b[1m\u001b[38;5;12m|\u001b[0m\u001b[0m \u001b[0m\u001b[0m        let file_reader = Arc::new(SerializedFileReader::new(buf_reader)?);\u001b[0m\n\u001b[0m   \u001b[0m\u001b[0m\u001b[1m\u001b[38;5;12m|\u001b[0m\u001b[0m                                    \u001b[0m\u001b[0m\u001b[1m\u001b[38;5;9m^^^^^^^^^^^^^^^^^^^^^^^^^^^^^^^^^^^^^^\u001b[0m\u001b[0m \u001b[0m\u001b[0m\u001b[1m\u001b[38;5;9mthe trait `ChunkReader` is not implemented for `std::io::BufReader<std::fs::File>`\u001b[0m\n\u001b[0m   \u001b[0m\u001b[0m\u001b[1m\u001b[38;5;12m|\u001b[0m\n\u001b[0m   \u001b[0m\u001b[0m\u001b[1m\u001b[38;5;12m= \u001b[0m\u001b[0m\u001b[1mhelp\u001b[0m\u001b[0m: the following other types implement trait `ChunkReader`:\u001b[0m\n\u001b[0m             bytes::bytes::Bytes\u001b[0m\n\u001b[0m             std::fs::File\u001b[0m\n\u001b[0m\u001b[1m\u001b[38;5;10mnote\u001b[0m\u001b[0m: required by a bound in `SerializedFileReader`\u001b[0m\n\u001b[0m  \u001b[0m\u001b[0m\u001b[1m\u001b[38;5;12m--> \u001b[0m\u001b[0m/Users/nshah/.cargo/registry/src/index.crates.io-1949cf8c6b5b557f/parquet-50.0.0/src/file/serialized_reader.rs:94:36\u001b[0m\n\u001b[0m   \u001b[0m\u001b[0m\u001b[1m\u001b[38;5;12m|\u001b[0m\n\u001b[0m\u001b[1m\u001b[38;5;12m94\u001b[0m\u001b[0m \u001b[0m\u001b[0m\u001b[1m\u001b[38;5;12m|\u001b[0m\u001b[0m \u001b[0m\u001b[0mpub struct SerializedFileReader<R: ChunkReader> {\u001b[0m\n\u001b[0m   \u001b[0m\u001b[0m\u001b[1m\u001b[38;5;12m|\u001b[0m\u001b[0m                                    \u001b[0m\u001b[0m\u001b[1m\u001b[38;5;10m^^^^^^^^^^^\u001b[0m\u001b[0m \u001b[0m\u001b[0m\u001b[1m\u001b[38;5;10mrequired by this bound in `SerializedFileReader`\u001b[0m\n\n"}
{"$message_type":"diagnostic","message":"the trait bound `std::io::BufReader<std::fs::File>: ChunkReader` is not satisfied","code":{"code":"E0277","explanation":"You tried to use a type which doesn't implement some trait in a place which\nexpected that trait.\n\nErroneous code example:\n\n```compile_fail,E0277\n// here we declare the Foo trait with a bar method\ntrait Foo {\n    fn bar(&self);\n}\n\n// we now declare a function which takes an object implementing the Foo trait\nfn some_func<T: Foo>(foo: T) {\n    foo.bar();\n}\n\nfn main() {\n    // we now call the method with the i32 type, which doesn't implement\n    // the Foo trait\n    some_func(5i32); // error: the trait bound `i32 : Foo` is not satisfied\n}\n```\n\nIn order to fix this error, verify that the type you're using does implement\nthe trait. Example:\n\n```\ntrait Foo {\n    fn bar(&self);\n}\n\n// we implement the trait on the i32 type\nimpl Foo for i32 {\n    fn bar(&self) {}\n}\n\nfn some_func<T: Foo>(foo: T) {\n    foo.bar(); // we can now use this method since i32 implements the\n               // Foo trait\n}\n\nfn main() {\n    some_func(5i32); // ok!\n}\n```\n\nOr in a generic context, an erroneous code example would look like:\n\n```compile_fail,E0277\nfn some_func<T>(foo: T) {\n    println!(\"{:?}\", foo); // error: the trait `core::fmt::Debug` is not\n                           //        implemented for the type `T`\n}\n\nfn main() {\n    // We now call the method with the i32 type,\n    // which *does* implement the Debug trait.\n    some_func(5i32);\n}\n```\n\nNote that the error here is in the definition of the generic function. Although\nwe only call it with a parameter that does implement `Debug`, the compiler\nstill rejects the function. It must work with all possible input types. In\norder to make this example compile, we need to restrict the generic type we're\naccepting:\n\n```\nuse std::fmt;\n\n// Restrict the input type to types that implement Debug.\nfn some_func<T: fmt::Debug>(foo: T) {\n    println!(\"{:?}\", foo);\n}\n\nfn main() {\n    // Calling the method is still fine, as i32 implements Debug.\n    some_func(5i32);\n\n    // This would fail to compile now:\n    // struct WithoutDebug;\n    // some_func(WithoutDebug);\n}\n```\n\nRust only looks at the signature of the called function, as such it must\nalready specify all requirements that will be used for every type parameter.\n"},"level":"error","spans":[{"file_name":"src/storage/parquet_reader.rs","byte_start":1822,"byte_end":1825,"line_start":57,"line_end":57,"column_start":27,"column_end":30,"is_primary":true,"text":[{"text":"        let file_reader = Arc::new(SerializedFileReader::new(buf_reader)?);","highlight_start":27,"highlight_end":30}],"label":"the trait `ChunkReader` is not implemented for `std::io::BufReader<std::fs::File>`","suggested_replacement":null,"suggestion_applicability":null,"expansion":null}],"children":[{"message":"the following other types implement trait `ChunkReader`:\n  bytes::bytes::Bytes\n  std::fs::File","code":null,"level":"help","spans":[],"children":[],"rendered":null},{"message":"required by a bound in `SerializedFileReader`","code":null,"level":"note","spans":[{"file_name":"/Users/nshah/.cargo/registry/src/index.crates.io-1949cf8c6b5b557f/parquet-50.0.0/src/file/serialized_reader.rs","byte_start":3077,"byte_end":3088,"line_start":94,"line_end":94,"column_start":36,"column_end":47,"is_primary":true,"text":[{"text":"pub struct SerializedFileReader<R: ChunkReader> {","highlight_start":36,"highlight_end":47}],"label":"required by this bound in `SerializedFileReader`","suggested_replacement":null,"suggestion_applicability":null,"expansion":null}],"children":[],"rendered":null}],"rendered":"\u001b[0m\u001b[1m\u001b[38;5;9merror[E0277]\u001b[0m\u001b[0m\u001b[1m: the trait bound `std::io::BufReader<std::fs::File>: ChunkReader` is not satisfied\u001b[0m\n\u001b[0m  \u001b[0m\u001b[0m\u001b[1m\u001b[38;5;12m--> \u001b[0m\u001b[0msrc/storage/parquet_reader.rs:57:27\u001b[0m\n\u001b[0m   \u001b[0m\u001b[0m\u001b[1m\u001b[38;5;12m|\u001b[0m\n\u001b[0m\u001b[1m\u001b[38;5;12m57\u001b[0m\u001b[0m \u001b[0m\u001b[0m\u001b[1m\u001b[38;5;12m|\u001b[0m\u001b[0m \u001b[0m\u001b[0m        let file_reader = Arc::new(SerializedFileReader::new(buf_reader)?);\u001b[0m\n\u001b[0m   \u001b[0m\u001b[0m\u001b[1m\u001b[38;5;12m|\u001b[0m\u001b[0m                           \u001b[0m\u001b[0m\u001b[1m\u001b[38;5;9m^^^\u001b[0m\u001b[0m \u001b[0m\u001b[0m\u001b[1m\u001b[38;5;9mthe trait `ChunkReader` is not implemented for `std::io::BufReader<std::fs::File>`\u001b[0m\n\u001b[0m   \u001b[0m\u001b[0m\u001b[1m\u001b[38;5;12m|\u001b[0m\n\u001b[0m   \u001b[0m\u001b[0m\u001b[1m\u001b[38;5;12m= \u001b[0m\u001b[0m\u001b[1mhelp\u001b[0m\u001b[0m: the following other types implement trait `ChunkReader`:\u001b[0m\n\u001b[0m             bytes::bytes::Bytes\u001b[0m\n\u001b[0m             std::fs::File\u001b[0m\n\u001b[0m\u001b[1m\u001b[38;5;10mnote\u001b[0m\u001b[0m: required by a bound in `SerializedFileReader`\u001b[0m\n\u001b[0m  \u001b[0m\u001b[0m\u001b[1m\u001b[38;5;12m--> \u001b[0m\u001b[0m/Users/nshah/.cargo/registry/src/index.crates.io-1949cf8c6b5b557f/parquet-50.0.0/src/file/serialized_reader.rs:94:36\u001b[0m\n\u001b[0m   \u001b[0m\u001b[0m\u001b[1m\u001b[38;5;12m|\u001b[0m\n\u001b[0m\u001b[1m\u001b[38;5;12m94\u001b[0m\u001b[0m \u001b[0m\u001b[0m\u001b[1m\u001b[38;5;12m|\u001b[0m\u001b[0m \u001b[0m\u001b[0mpub struct SerializedFileReader<R: ChunkReader> {\u001b[0m\n\u001b[0m   \u001b[0m\u001b[0m\u001b[1m\u001b[38;5;12m|\u001b[0m\u001b[0m                                    \u001b[0m\u001b[0m\u001b[1m\u001b[38;5;10m^^^^^^^^^^^\u001b[0m\u001b[0m \u001b[0m\u001b[0m\u001b[1m\u001b[38;5;10mrequired by this bound in `SerializedFileReader`\u001b[0m\n\n"}
{"$message_type":"diagnostic","message":"the trait bound `std::io::BufReader<std::fs::File>: ChunkReader` is not satisfied","code":{"code":"E0277","explanation":"You tried to use a type which doesn't implement some trait in a place which\nexpected that trait.\n\nErroneous code example:\n\n```compile_fail,E0277\n// here we declare the Foo trait with a bar method\ntrait Foo {\n    fn bar(&self);\n}\n\n// we now declare a function which takes an object implementing the Foo trait\nfn some_func<T: Foo>(foo: T) {\n    foo.bar();\n}\n\nfn main() {\n    // we now call the method with the i32 type, which doesn't implement\n    // the Foo trait\n    some_func(5i32); // error: the trait bound `i32 : Foo` is not satisfied\n}\n```\n\nIn order to fix this error, verify that the type you're using does implement\nthe trait. Example:\n\n```\ntrait Foo {\n    fn bar(&self);\n}\n\n// we implement the trait on the i32 type\nimpl Foo for i32 {\n    fn bar(&self) {}\n}\n\nfn some_func<T: Foo>(foo: T) {\n    foo.bar(); // we can now use this method since i32 implements the\n               // Foo trait\n}\n\nfn main() {\n    some_func(5i32); // ok!\n}\n```\n\nOr in a generic context, an erroneous code example would look like:\n\n```compile_fail,E0277\nfn some_func<T>(foo: T) {\n    println!(\"{:?}\", foo); // error: the trait `core::fmt::Debug` is not\n                           //        implemented for the type `T`\n}\n\nfn main() {\n    // We now call the method with the i32 type,\n    // which *does* implement the Debug trait.\n    some_func(5i32);\n}\n```\n\nNote that the error here is in the definition of the generic function. Although\nwe only call it with a parameter that does implement `Debug`, the compiler\nstill rejects the function. It must work with all possible input types. In\norder to make this example compile, we need to restrict the generic type we're\naccepting:\n\n```\nuse std::fmt;\n\n// Restrict the input type to types that implement Debug.\nfn some_func<T: fmt::Debug>(foo: T) {\n    println!(\"{:?}\", foo);\n}\n\nfn main() {\n    // Calling the method is still fine, as i32 implements Debug.\n    some_func(5i32);\n\n    // This would fail to compile now:\n    // struct WithoutDebug;\n    // some_func(WithoutDebug);\n}\n```\n\nRust only looks at the signature of the called function, as such it must\nalready specify all requirements that will be used for every type parameter.\n"},"level":"error","spans":[{"file_name":"src/storage/parquet_reader.rs","byte_start":1822,"byte_end":1870,"line_start":57,"line_end":57,"column_start":27,"column_end":75,"is_primary":true,"text":[{"text":"        let file_reader = Arc::new(SerializedFileReader::new(buf_reader)?);","highlight_start":27,"highlight_end":75}],"label":"the trait `ChunkReader` is not implemented for `std::io::BufReader<std::fs::File>`","suggested_replacement":null,"suggestion_applicability":null,"expansion":null}],"children":[{"message":"the following other types implement trait `ChunkReader`:\n  bytes::bytes::Bytes\n  std::fs::File","code":null,"level":"help","spans":[],"children":[],"rendered":null},{"message":"required by a bound in `SerializedFileReader`","code":null,"level":"note","spans":[{"file_name":"/Users/nshah/.cargo/registry/src/index.crates.io-1949cf8c6b5b557f/parquet-50.0.0/src/file/serialized_reader.rs","byte_start":3077,"byte_end":3088,"line_start":94,"line_end":94,"column_start":36,"column_end":47,"is_primary":true,"text":[{"text":"pub struct SerializedFileReader<R: ChunkReader> {","highlight_start":36,"highlight_end":47}],"label":"required by this bound in `SerializedFileReader`","suggested_replacement":null,"suggestion_applicability":null,"expansion":null}],"children":[],"rendered":null}],"rendered":"\u001b[0m\u001b[1m\u001b[38;5;9merror[E0277]\u001b[0m\u001b[0m\u001b[1m: the trait bound `std::io::BufReader<std::fs::File>: ChunkReader` is not satisfied\u001b[0m\n\u001b[0m  \u001b[0m\u001b[0m\u001b[1m\u001b[38;5;12m--> \u001b[0m\u001b[0msrc/storage/parquet_reader.rs:57:27\u001b[0m\n\u001b[0m   \u001b[0m\u001b[0m\u001b[1m\u001b[38;5;12m|\u001b[0m\n\u001b[0m\u001b[1m\u001b[38;5;12m57\u001b[0m\u001b[0m \u001b[0m\u001b[0m\u001b[1m\u001b[38;5;12m|\u001b[0m\u001b[0m \u001b[0m\u001b[0m        let file_reader = Arc::new(SerializedFileReader::new(buf_reader)?);\u001b[0m\n\u001b[0m   \u001b[0m\u001b[0m\u001b[1m\u001b[38;5;12m|\u001b[0m\u001b[0m                           \u001b[0m\u001b[0m\u001b[1m\u001b[38;5;9m^^^^^^^^^^^^^^^^^^^^^^^^^^^^^^^^^^^^^^^^^^^^^^^^\u001b[0m\u001b[0m \u001b[0m\u001b[0m\u001b[1m\u001b[38;5;9mthe trait `ChunkReader` is not implemented for `std::io::BufReader<std::fs::File>`\u001b[0m\n\u001b[0m   \u001b[0m\u001b[0m\u001b[1m\u001b[38;5;12m|\u001b[0m\n\u001b[0m   \u001b[0m\u001b[0m\u001b[1m\u001b[38;5;12m= \u001b[0m\u001b[0m\u001b[1mhelp\u001b[0m\u001b[0m: the following other types implement trait `ChunkReader`:\u001b[0m\n\u001b[0m             bytes::bytes::Bytes\u001b[0m\n\u001b[0m             std::fs::File\u001b[0m\n\u001b[0m\u001b[1m\u001b[38;5;10mnote\u001b[0m\u001b[0m: required by a bound in `SerializedFileReader`\u001b[0m\n\u001b[0m  \u001b[0m\u001b[0m\u001b[1m\u001b[38;5;12m--> \u001b[0m\u001b[0m/Users/nshah/.cargo/registry/src/index.crates.io-1949cf8c6b5b557f/parquet-50.0.0/src/file/serialized_reader.rs:94:36\u001b[0m\n\u001b[0m   \u001b[0m\u001b[0m\u001b[1m\u001b[38;5;12m|\u001b[0m\n\u001b[0m\u001b[1m\u001b[38;5;12m94\u001b[0m\u001b[0m \u001b[0m\u001b[0m\u001b[1m\u001b[38;5;12m|\u001b[0m\u001b[0m \u001b[0m\u001b[0mpub struct SerializedFileReader<R: ChunkReader> {\u001b[0m\n\u001b[0m   \u001b[0m\u001b[0m\u001b[1m\u001b[38;5;12m|\u001b[0m\u001b[0m                                    \u001b[0m\u001b[0m\u001b[1m\u001b[38;5;10m^^^^^^^^^^^\u001b[0m\u001b[0m \u001b[0m\u001b[0m\u001b[1m\u001b[38;5;10mrequired by this bound in `SerializedFileReader`\u001b[0m\n\n"}
{"$message_type":"diagnostic","message":"the trait bound `std::io::BufReader<std::fs::File>: ChunkReader` is not satisfied","code":{"code":"E0277","explanation":"You tried to use a type which doesn't implement some trait in a place which\nexpected that trait.\n\nErroneous code example:\n\n```compile_fail,E0277\n// here we declare the Foo trait with a bar method\ntrait Foo {\n    fn bar(&self);\n}\n\n// we now declare a function which takes an object implementing the Foo trait\nfn some_func<T: Foo>(foo: T) {\n    foo.bar();\n}\n\nfn main() {\n    // we now call the method with the i32 type, which doesn't implement\n    // the Foo trait\n    some_func(5i32); // error: the trait bound `i32 : Foo` is not satisfied\n}\n```\n\nIn order to fix this error, verify that the type you're using does implement\nthe trait. Example:\n\n```\ntrait Foo {\n    fn bar(&self);\n}\n\n// we implement the trait on the i32 type\nimpl Foo for i32 {\n    fn bar(&self) {}\n}\n\nfn some_func<T: Foo>(foo: T) {\n    foo.bar(); // we can now use this method since i32 implements the\n               // Foo trait\n}\n\nfn main() {\n    some_func(5i32); // ok!\n}\n```\n\nOr in a generic context, an erroneous code example would look like:\n\n```compile_fail,E0277\nfn some_func<T>(foo: T) {\n    println!(\"{:?}\", foo); // error: the trait `core::fmt::Debug` is not\n                           //        implemented for the type `T`\n}\n\nfn main() {\n    // We now call the method with the i32 type,\n    // which *does* implement the Debug trait.\n    some_func(5i32);\n}\n```\n\nNote that the error here is in the definition of the generic function. Although\nwe only call it with a parameter that does implement `Debug`, the compiler\nstill rejects the function. It must work with all possible input types. In\norder to make this example compile, we need to restrict the generic type we're\naccepting:\n\n```\nuse std::fmt;\n\n// Restrict the input type to types that implement Debug.\nfn some_func<T: fmt::Debug>(foo: T) {\n    println!(\"{:?}\", foo);\n}\n\nfn main() {\n    // Calling the method is still fine, as i32 implements Debug.\n    some_func(5i32);\n\n    // This would fail to compile now:\n    // struct WithoutDebug;\n    // some_func(WithoutDebug);\n}\n```\n\nRust only looks at the signature of the called function, as such it must\nalready specify all requirements that will be used for every type parameter.\n"},"level":"error","spans":[{"file_name":"src/storage/parquet_reader.rs","byte_start":1927,"byte_end":1946,"line_start":58,"line_end":58,"column_start":56,"column_end":75,"is_primary":true,"text":[{"text":"        let arrow_reader = ParquetFileArrowReader::new(file_reader.clone());","highlight_start":56,"highlight_end":75}],"label":"the trait `ChunkReader` is not implemented for `std::io::BufReader<std::fs::File>`","suggested_replacement":null,"suggestion_applicability":null,"expansion":null}],"children":[{"message":"the following other types implement trait `ChunkReader`:\n  bytes::bytes::Bytes\n  std::fs::File","code":null,"level":"help","spans":[],"children":[],"rendered":null},{"message":"required by a bound in `SerializedFileReader`","code":null,"level":"note","spans":[{"file_name":"/Users/nshah/.cargo/registry/src/index.crates.io-1949cf8c6b5b557f/parquet-50.0.0/src/file/serialized_reader.rs","byte_start":3077,"byte_end":3088,"line_start":94,"line_end":94,"column_start":36,"column_end":47,"is_primary":true,"text":[{"text":"pub struct SerializedFileReader<R: ChunkReader> {","highlight_start":36,"highlight_end":47}],"label":"required by this bound in `SerializedFileReader`","suggested_replacement":null,"suggestion_applicability":null,"expansion":null}],"children":[],"rendered":null}],"rendered":"\u001b[0m\u001b[1m\u001b[38;5;9merror[E0277]\u001b[0m\u001b[0m\u001b[1m: the trait bound `std::io::BufReader<std::fs::File>: ChunkReader` is not satisfied\u001b[0m\n\u001b[0m  \u001b[0m\u001b[0m\u001b[1m\u001b[38;5;12m--> \u001b[0m\u001b[0msrc/storage/parquet_reader.rs:58:56\u001b[0m\n\u001b[0m   \u001b[0m\u001b[0m\u001b[1m\u001b[38;5;12m|\u001b[0m\n\u001b[0m\u001b[1m\u001b[38;5;12m58\u001b[0m\u001b[0m \u001b[0m\u001b[0m\u001b[1m\u001b[38;5;12m|\u001b[0m\u001b[0m \u001b[0m\u001b[0m        let arrow_reader = ParquetFileArrowReader::new(file_reader.clone());\u001b[0m\n\u001b[0m   \u001b[0m\u001b[0m\u001b[1m\u001b[38;5;12m|\u001b[0m\u001b[0m                                                        \u001b[0m\u001b[0m\u001b[1m\u001b[38;5;9m^^^^^^^^^^^^^^^^^^^\u001b[0m\u001b[0m \u001b[0m\u001b[0m\u001b[1m\u001b[38;5;9mthe trait `ChunkReader` is not implemented for `std::io::BufReader<std::fs::File>`\u001b[0m\n\u001b[0m   \u001b[0m\u001b[0m\u001b[1m\u001b[38;5;12m|\u001b[0m\n\u001b[0m   \u001b[0m\u001b[0m\u001b[1m\u001b[38;5;12m= \u001b[0m\u001b[0m\u001b[1mhelp\u001b[0m\u001b[0m: the following other types implement trait `ChunkReader`:\u001b[0m\n\u001b[0m             bytes::bytes::Bytes\u001b[0m\n\u001b[0m             std::fs::File\u001b[0m\n\u001b[0m\u001b[1m\u001b[38;5;10mnote\u001b[0m\u001b[0m: required by a bound in `SerializedFileReader`\u001b[0m\n\u001b[0m  \u001b[0m\u001b[0m\u001b[1m\u001b[38;5;12m--> \u001b[0m\u001b[0m/Users/nshah/.cargo/registry/src/index.crates.io-1949cf8c6b5b557f/parquet-50.0.0/src/file/serialized_reader.rs:94:36\u001b[0m\n\u001b[0m   \u001b[0m\u001b[0m\u001b[1m\u001b[38;5;12m|\u001b[0m\n\u001b[0m\u001b[1m\u001b[38;5;12m94\u001b[0m\u001b[0m \u001b[0m\u001b[0m\u001b[1m\u001b[38;5;12m|\u001b[0m\u001b[0m \u001b[0m\u001b[0mpub struct SerializedFileReader<R: ChunkReader> {\u001b[0m\n\u001b[0m   \u001b[0m\u001b[0m\u001b[1m\u001b[38;5;12m|\u001b[0m\u001b[0m                                    \u001b[0m\u001b[0m\u001b[1m\u001b[38;5;10m^^^^^^^^^^^\u001b[0m\u001b[0m \u001b[0m\u001b[0m\u001b[1m\u001b[38;5;10mrequired by this bound in `SerializedFileReader`\u001b[0m\n\n"}
{"$message_type":"diagnostic","message":"the trait bound `std::io::BufReader<std::fs::File>: ChunkReader` is not satisfied","code":{"code":"E0277","explanation":"You tried to use a type which doesn't implement some trait in a place which\nexpected that trait.\n\nErroneous code example:\n\n```compile_fail,E0277\n// here we declare the Foo trait with a bar method\ntrait Foo {\n    fn bar(&self);\n}\n\n// we now declare a function which takes an object implementing the Foo trait\nfn some_func<T: Foo>(foo: T) {\n    foo.bar();\n}\n\nfn main() {\n    // we now call the method with the i32 type, which doesn't implement\n    // the Foo trait\n    some_func(5i32); // error: the trait bound `i32 : Foo` is not satisfied\n}\n```\n\nIn order to fix this error, verify that the type you're using does implement\nthe trait. Example:\n\n```\ntrait Foo {\n    fn bar(&self);\n}\n\n// we implement the trait on the i32 type\nimpl Foo for i32 {\n    fn bar(&self) {}\n}\n\nfn some_func<T: Foo>(foo: T) {\n    foo.bar(); // we can now use this method since i32 implements the\n               // Foo trait\n}\n\nfn main() {\n    some_func(5i32); // ok!\n}\n```\n\nOr in a generic context, an erroneous code example would look like:\n\n```compile_fail,E0277\nfn some_func<T>(foo: T) {\n    println!(\"{:?}\", foo); // error: the trait `core::fmt::Debug` is not\n                           //        implemented for the type `T`\n}\n\nfn main() {\n    // We now call the method with the i32 type,\n    // which *does* implement the Debug trait.\n    some_func(5i32);\n}\n```\n\nNote that the error here is in the definition of the generic function. Although\nwe only call it with a parameter that does implement `Debug`, the compiler\nstill rejects the function. It must work with all possible input types. In\norder to make this example compile, we need to restrict the generic type we're\naccepting:\n\n```\nuse std::fmt;\n\n// Restrict the input type to types that implement Debug.\nfn some_func<T: fmt::Debug>(foo: T) {\n    println!(\"{:?}\", foo);\n}\n\nfn main() {\n    // Calling the method is still fine, as i32 implements Debug.\n    some_func(5i32);\n\n    // This would fail to compile now:\n    // struct WithoutDebug;\n    // some_func(WithoutDebug);\n}\n```\n\nRust only looks at the signature of the called function, as such it must\nalready specify all requirements that will be used for every type parameter.\n"},"level":"error","spans":[{"file_name":"src/storage/parquet_reader.rs","byte_start":2003,"byte_end":2014,"line_start":62,"line_end":62,"column_start":13,"column_end":24,"is_primary":true,"text":[{"text":"            file_reader,","highlight_start":13,"highlight_end":24}],"label":"the trait `ChunkReader` is not implemented for `std::io::BufReader<std::fs::File>`","suggested_replacement":null,"suggestion_applicability":null,"expansion":null}],"children":[{"message":"the following other types implement trait `ChunkReader`:\n  bytes::bytes::Bytes\n  std::fs::File","code":null,"level":"help","spans":[],"children":[],"rendered":null},{"message":"required by a bound in `SerializedFileReader`","code":null,"level":"note","spans":[{"file_name":"/Users/nshah/.cargo/registry/src/index.crates.io-1949cf8c6b5b557f/parquet-50.0.0/src/file/serialized_reader.rs","byte_start":3077,"byte_end":3088,"line_start":94,"line_end":94,"column_start":36,"column_end":47,"is_primary":true,"text":[{"text":"pub struct SerializedFileReader<R: ChunkReader> {","highlight_start":36,"highlight_end":47}],"label":"required by this bound in `SerializedFileReader`","suggested_replacement":null,"suggestion_applicability":null,"expansion":null}],"children":[],"rendered":null}],"rendered":"\u001b[0m\u001b[1m\u001b[38;5;9merror[E0277]\u001b[0m\u001b[0m\u001b[1m: the trait bound `std::io::BufReader<std::fs::File>: ChunkReader` is not satisfied\u001b[0m\n\u001b[0m  \u001b[0m\u001b[0m\u001b[1m\u001b[38;5;12m--> \u001b[0m\u001b[0msrc/storage/parquet_reader.rs:62:13\u001b[0m\n\u001b[0m   \u001b[0m\u001b[0m\u001b[1m\u001b[38;5;12m|\u001b[0m\n\u001b[0m\u001b[1m\u001b[38;5;12m62\u001b[0m\u001b[0m \u001b[0m\u001b[0m\u001b[1m\u001b[38;5;12m|\u001b[0m\u001b[0m \u001b[0m\u001b[0m            file_reader,\u001b[0m\n\u001b[0m   \u001b[0m\u001b[0m\u001b[1m\u001b[38;5;12m|\u001b[0m\u001b[0m             \u001b[0m\u001b[0m\u001b[1m\u001b[38;5;9m^^^^^^^^^^^\u001b[0m\u001b[0m \u001b[0m\u001b[0m\u001b[1m\u001b[38;5;9mthe trait `ChunkReader` is not implemented for `std::io::BufReader<std::fs::File>`\u001b[0m\n\u001b[0m   \u001b[0m\u001b[0m\u001b[1m\u001b[38;5;12m|\u001b[0m\n\u001b[0m   \u001b[0m\u001b[0m\u001b[1m\u001b[38;5;12m= \u001b[0m\u001b[0m\u001b[1mhelp\u001b[0m\u001b[0m: the following other types implement trait `ChunkReader`:\u001b[0m\n\u001b[0m             bytes::bytes::Bytes\u001b[0m\n\u001b[0m             std::fs::File\u001b[0m\n\u001b[0m\u001b[1m\u001b[38;5;10mnote\u001b[0m\u001b[0m: required by a bound in `SerializedFileReader`\u001b[0m\n\u001b[0m  \u001b[0m\u001b[0m\u001b[1m\u001b[38;5;12m--> \u001b[0m\u001b[0m/Users/nshah/.cargo/registry/src/index.crates.io-1949cf8c6b5b557f/parquet-50.0.0/src/file/serialized_reader.rs:94:36\u001b[0m\n\u001b[0m   \u001b[0m\u001b[0m\u001b[1m\u001b[38;5;12m|\u001b[0m\n\u001b[0m\u001b[1m\u001b[38;5;12m94\u001b[0m\u001b[0m \u001b[0m\u001b[0m\u001b[1m\u001b[38;5;12m|\u001b[0m\u001b[0m \u001b[0m\u001b[0mpub struct SerializedFileReader<R: ChunkReader> {\u001b[0m\n\u001b[0m   \u001b[0m\u001b[0m\u001b[1m\u001b[38;5;12m|\u001b[0m\u001b[0m                                    \u001b[0m\u001b[0m\u001b[1m\u001b[38;5;10m^^^^^^^^^^^\u001b[0m\u001b[0m \u001b[0m\u001b[0m\u001b[1m\u001b[38;5;10mrequired by this bound in `SerializedFileReader`\u001b[0m\n\n"}
{"$message_type":"diagnostic","message":"the method `num_row_groups` exists for struct `Arc<SerializedFileReader<BufReader<File>>>`, but its trait bounds were not satisfied","code":{"code":"E0599","explanation":"This error occurs when a method is used on a type which doesn't implement it:\n\nErroneous code example:\n\n```compile_fail,E0599\nstruct Mouth;\n\nlet x = Mouth;\nx.chocolate(); // error: no method named `chocolate` found for type `Mouth`\n               //        in the current scope\n```\n\nIn this case, you need to implement the `chocolate` method to fix the error:\n\n```\nstruct Mouth;\n\nimpl Mouth {\n    fn chocolate(&self) { // We implement the `chocolate` method here.\n        println!(\"Hmmm! I love chocolate!\");\n    }\n}\n\nlet x = Mouth;\nx.chocolate(); // ok!\n```\n"},"level":"error","spans":[{"file_name":"src/storage/parquet_reader.rs","byte_start":2615,"byte_end":2629,"line_start":81,"line_end":81,"column_start":47,"column_end":61,"is_primary":true,"text":[{"text":"        let num_row_groups = self.file_reader.num_row_groups();","highlight_start":47,"highlight_end":61}],"label":"method cannot be called on `Arc<SerializedFileReader<BufReader<File>>>` due to unsatisfied trait bounds","suggested_replacement":null,"suggestion_applicability":null,"expansion":null},{"file_name":"/Users/nshah/.cargo/registry/src/index.crates.io-1949cf8c6b5b557f/parquet-50.0.0/src/file/serialized_reader.rs","byte_start":3042,"byte_end":3089,"line_start":94,"line_end":94,"column_start":1,"column_end":48,"is_primary":false,"text":[{"text":"pub struct SerializedFileReader<R: ChunkReader> {","highlight_start":1,"highlight_end":48}],"label":"doesn't satisfy `_: FileReader`","suggested_replacement":null,"suggestion_applicability":null,"expansion":null},{"file_name":"/Users/nshah/.rustup/toolchains/stable-aarch64-apple-darwin/lib/rustlib/src/rust/library/std/src/io/buffered/bufreader.rs","byte_start":1838,"byte_end":1869,"line_start":51,"line_end":51,"column_start":1,"column_end":32,"is_primary":false,"text":[{"text":"pub struct BufReader<R: ?Sized> {","highlight_start":1,"highlight_end":32}],"label":"doesn't satisfy `std::io::BufReader<std::fs::File>: ChunkReader`","suggested_replacement":null,"suggestion_applicability":null,"expansion":null}],"children":[{"message":"the following trait bounds were not satisfied:\n`std::io::BufReader<std::fs::File>: ChunkReader`\nwhich is required by `SerializedFileReader<std::io::BufReader<std::fs::File>>: parquet::file::reader::FileReader`","code":null,"level":"note","spans":[],"children":[],"rendered":null}],"rendered":"\u001b[0m\u001b[1m\u001b[38;5;9merror[E0599]\u001b[0m\u001b[0m\u001b[1m: the method `num_row_groups` exists for struct `Arc<SerializedFileReader<BufReader<File>>>`, but its trait bounds were not satisfied\u001b[0m\n\u001b[0m  \u001b[0m\u001b[0m\u001b[1m\u001b[38;5;12m--> \u001b[0m\u001b[0msrc/storage/parquet_reader.rs:81:47\u001b[0m\n\u001b[0m   \u001b[0m\u001b[0m\u001b[1m\u001b[38;5;12m|\u001b[0m\n\u001b[0m\u001b[1m\u001b[38;5;12m81\u001b[0m\u001b[0m \u001b[0m\u001b[0m\u001b[1m\u001b[38;5;12m|\u001b[0m\u001b[0m \u001b[0m\u001b[0m        let num_row_groups = self.file_reader.num_row_groups();\u001b[0m\n\u001b[0m   \u001b[0m\u001b[0m\u001b[1m\u001b[38;5;12m|\u001b[0m\u001b[0m                                               \u001b[0m\u001b[0m\u001b[1m\u001b[38;5;9m^^^^^^^^^^^^^^\u001b[0m\u001b[0m \u001b[0m\u001b[0m\u001b[1m\u001b[38;5;9mmethod cannot be called on `Arc<SerializedFileReader<BufReader<File>>>` due to unsatisfied trait bounds\u001b[0m\n\u001b[0m   \u001b[0m\u001b[0m\u001b[1m\u001b[38;5;12m|\u001b[0m\n\u001b[0m  \u001b[0m\u001b[0m\u001b[1m\u001b[38;5;12m::: \u001b[0m\u001b[0m/Users/nshah/.cargo/registry/src/index.crates.io-1949cf8c6b5b557f/parquet-50.0.0/src/file/serialized_reader.rs:94:1\u001b[0m\n\u001b[0m   \u001b[0m\u001b[0m\u001b[1m\u001b[38;5;12m|\u001b[0m\n\u001b[0m\u001b[1m\u001b[38;5;12m94\u001b[0m\u001b[0m \u001b[0m\u001b[0m\u001b[1m\u001b[38;5;12m|\u001b[0m\u001b[0m \u001b[0m\u001b[0mpub struct SerializedFileReader<R: ChunkReader> {\u001b[0m\n\u001b[0m   \u001b[0m\u001b[0m\u001b[1m\u001b[38;5;12m|\u001b[0m\u001b[0m \u001b[0m\u001b[0m\u001b[1m\u001b[38;5;12m-----------------------------------------------\u001b[0m\u001b[0m \u001b[0m\u001b[0m\u001b[1m\u001b[38;5;12mdoesn't satisfy `_: FileReader`\u001b[0m\n\u001b[0m   \u001b[0m\u001b[0m\u001b[1m\u001b[38;5;12m|\u001b[0m\n\u001b[0m  \u001b[0m\u001b[0m\u001b[1m\u001b[38;5;12m::: \u001b[0m\u001b[0m/Users/nshah/.rustup/toolchains/stable-aarch64-apple-darwin/lib/rustlib/src/rust/library/std/src/io/buffered/bufreader.rs:51:1\u001b[0m\n\u001b[0m   \u001b[0m\u001b[0m\u001b[1m\u001b[38;5;12m|\u001b[0m\n\u001b[0m\u001b[1m\u001b[38;5;12m51\u001b[0m\u001b[0m \u001b[0m\u001b[0m\u001b[1m\u001b[38;5;12m|\u001b[0m\u001b[0m \u001b[0m\u001b[0mpub struct BufReader<R: ?Sized> {\u001b[0m\n\u001b[0m   \u001b[0m\u001b[0m\u001b[1m\u001b[38;5;12m|\u001b[0m\u001b[0m \u001b[0m\u001b[0m\u001b[1m\u001b[38;5;12m-------------------------------\u001b[0m\u001b[0m \u001b[0m\u001b[0m\u001b[1m\u001b[38;5;12mdoesn't satisfy `std::io::BufReader<std::fs::File>: ChunkReader`\u001b[0m\n\u001b[0m   \u001b[0m\u001b[0m\u001b[1m\u001b[38;5;12m|\u001b[0m\n\u001b[0m   \u001b[0m\u001b[0m\u001b[1m\u001b[38;5;12m= \u001b[0m\u001b[0m\u001b[1mnote\u001b[0m\u001b[0m: the following trait bounds were not satisfied:\u001b[0m\n\u001b[0m           `std::io::BufReader<std::fs::File>: ChunkReader`\u001b[0m\n\u001b[0m           which is required by `SerializedFileReader<std::io::BufReader<std::fs::File>>: parquet::file::reader::FileReader`\u001b[0m\n\n"}
{"$message_type":"diagnostic","message":"the method `num_row_groups` exists for struct `Arc<SerializedFileReader<BufReader<File>>>`, but its trait bounds were not satisfied","code":{"code":"E0599","explanation":"This error occurs when a method is used on a type which doesn't implement it:\n\nErroneous code example:\n\n```compile_fail,E0599\nstruct Mouth;\n\nlet x = Mouth;\nx.chocolate(); // error: no method named `chocolate` found for type `Mouth`\n               //        in the current scope\n```\n\nIn this case, you need to implement the `chocolate` method to fix the error:\n\n```\nstruct Mouth;\n\nimpl Mouth {\n    fn chocolate(&self) { // We implement the `chocolate` method here.\n        println!(\"Hmmm! I love chocolate!\");\n    }\n}\n\nlet x = Mouth;\nx.chocolate(); // ok!\n```\n"},"level":"error","spans":[{"file_name":"src/storage/parquet_reader.rs","byte_start":3076,"byte_end":3090,"line_start":97,"line_end":97,"column_start":47,"column_end":61,"is_primary":true,"text":[{"text":"        let num_row_groups = self.file_reader.num_row_groups();","highlight_start":47,"highlight_end":61}],"label":"method cannot be called on `Arc<SerializedFileReader<BufReader<File>>>` due to unsatisfied trait bounds","suggested_replacement":null,"suggestion_applicability":null,"expansion":null},{"file_name":"/Users/nshah/.cargo/registry/src/index.crates.io-1949cf8c6b5b557f/parquet-50.0.0/src/file/serialized_reader.rs","byte_start":3042,"byte_end":3089,"line_start":94,"line_end":94,"column_start":1,"column_end":48,"is_primary":false,"text":[{"text":"pub struct SerializedFileReader<R: ChunkReader> {","highlight_start":1,"highlight_end":48}],"label":"doesn't satisfy `_: FileReader`","suggested_replacement":null,"suggestion_applicability":null,"expansion":null},{"file_name":"/Users/nshah/.rustup/toolchains/stable-aarch64-apple-darwin/lib/rustlib/src/rust/library/std/src/io/buffered/bufreader.rs","byte_start":1838,"byte_end":1869,"line_start":51,"line_end":51,"column_start":1,"column_end":32,"is_primary":false,"text":[{"text":"pub struct BufReader<R: ?Sized> {","highlight_start":1,"highlight_end":32}],"label":"doesn't satisfy `std::io::BufReader<std::fs::File>: ChunkReader`","suggested_replacement":null,"suggestion_applicability":null,"expansion":null}],"children":[{"message":"the following trait bounds were not satisfied:\n`std::io::BufReader<std::fs::File>: ChunkReader`\nwhich is required by `SerializedFileReader<std::io::BufReader<std::fs::File>>: parquet::file::reader::FileReader`","code":null,"level":"note","spans":[],"children":[],"rendered":null}],"rendered":"\u001b[0m\u001b[1m\u001b[38;5;9merror[E0599]\u001b[0m\u001b[0m\u001b[1m: the method `num_row_groups` exists for struct `Arc<SerializedFileReader<BufReader<File>>>`, but its trait bounds were not satisfied\u001b[0m\n\u001b[0m  \u001b[0m\u001b[0m\u001b[1m\u001b[38;5;12m--> \u001b[0m\u001b[0msrc/storage/parquet_reader.rs:97:47\u001b[0m\n\u001b[0m   \u001b[0m\u001b[0m\u001b[1m\u001b[38;5;12m|\u001b[0m\n\u001b[0m\u001b[1m\u001b[38;5;12m97\u001b[0m\u001b[0m \u001b[0m\u001b[0m\u001b[1m\u001b[38;5;12m|\u001b[0m\u001b[0m \u001b[0m\u001b[0m        let num_row_groups = self.file_reader.num_row_groups();\u001b[0m\n\u001b[0m   \u001b[0m\u001b[0m\u001b[1m\u001b[38;5;12m|\u001b[0m\u001b[0m                                               \u001b[0m\u001b[0m\u001b[1m\u001b[38;5;9m^^^^^^^^^^^^^^\u001b[0m\u001b[0m \u001b[0m\u001b[0m\u001b[1m\u001b[38;5;9mmethod cannot be called on `Arc<SerializedFileReader<BufReader<File>>>` due to unsatisfied trait bounds\u001b[0m\n\u001b[0m   \u001b[0m\u001b[0m\u001b[1m\u001b[38;5;12m|\u001b[0m\n\u001b[0m  \u001b[0m\u001b[0m\u001b[1m\u001b[38;5;12m::: \u001b[0m\u001b[0m/Users/nshah/.cargo/registry/src/index.crates.io-1949cf8c6b5b557f/parquet-50.0.0/src/file/serialized_reader.rs:94:1\u001b[0m\n\u001b[0m   \u001b[0m\u001b[0m\u001b[1m\u001b[38;5;12m|\u001b[0m\n\u001b[0m\u001b[1m\u001b[38;5;12m94\u001b[0m\u001b[0m \u001b[0m\u001b[0m\u001b[1m\u001b[38;5;12m|\u001b[0m\u001b[0m \u001b[0m\u001b[0mpub struct SerializedFileReader<R: ChunkReader> {\u001b[0m\n\u001b[0m   \u001b[0m\u001b[0m\u001b[1m\u001b[38;5;12m|\u001b[0m\u001b[0m \u001b[0m\u001b[0m\u001b[1m\u001b[38;5;12m-----------------------------------------------\u001b[0m\u001b[0m \u001b[0m\u001b[0m\u001b[1m\u001b[38;5;12mdoesn't satisfy `_: FileReader`\u001b[0m\n\u001b[0m   \u001b[0m\u001b[0m\u001b[1m\u001b[38;5;12m|\u001b[0m\n\u001b[0m  \u001b[0m\u001b[0m\u001b[1m\u001b[38;5;12m::: \u001b[0m\u001b[0m/Users/nshah/.rustup/toolchains/stable-aarch64-apple-darwin/lib/rustlib/src/rust/library/std/src/io/buffered/bufreader.rs:51:1\u001b[0m\n\u001b[0m   \u001b[0m\u001b[0m\u001b[1m\u001b[38;5;12m|\u001b[0m\n\u001b[0m\u001b[1m\u001b[38;5;12m51\u001b[0m\u001b[0m \u001b[0m\u001b[0m\u001b[1m\u001b[38;5;12m|\u001b[0m\u001b[0m \u001b[0m\u001b[0mpub struct BufReader<R: ?Sized> {\u001b[0m\n\u001b[0m   \u001b[0m\u001b[0m\u001b[1m\u001b[38;5;12m|\u001b[0m\u001b[0m \u001b[0m\u001b[0m\u001b[1m\u001b[38;5;12m-------------------------------\u001b[0m\u001b[0m \u001b[0m\u001b[0m\u001b[1m\u001b[38;5;12mdoesn't satisfy `std::io::BufReader<std::fs::File>: ChunkReader`\u001b[0m\n\u001b[0m   \u001b[0m\u001b[0m\u001b[1m\u001b[38;5;12m|\u001b[0m\n\u001b[0m   \u001b[0m\u001b[0m\u001b[1m\u001b[38;5;12m= \u001b[0m\u001b[0m\u001b[1mnote\u001b[0m\u001b[0m: the following trait bounds were not satisfied:\u001b[0m\n\u001b[0m           `std::io::BufReader<std::fs::File>: ChunkReader`\u001b[0m\n\u001b[0m           which is required by `SerializedFileReader<std::io::BufReader<std::fs::File>>: parquet::file::reader::FileReader`\u001b[0m\n\n"}
{"$message_type":"diagnostic","message":"the method `num_row_groups` exists for struct `Arc<SerializedFileReader<BufReader<File>>>`, but its trait bounds were not satisfied","code":{"code":"E0599","explanation":"This error occurs when a method is used on a type which doesn't implement it:\n\nErroneous code example:\n\n```compile_fail,E0599\nstruct Mouth;\n\nlet x = Mouth;\nx.chocolate(); // error: no method named `chocolate` found for type `Mouth`\n               //        in the current scope\n```\n\nIn this case, you need to implement the `chocolate` method to fix the error:\n\n```\nstruct Mouth;\n\nimpl Mouth {\n    fn chocolate(&self) { // We implement the `chocolate` method here.\n        println!(\"Hmmm! I love chocolate!\");\n    }\n}\n\nlet x = Mouth;\nx.chocolate(); // ok!\n```\n"},"level":"error","spans":[{"file_name":"src/storage/parquet_reader.rs","byte_start":3430,"byte_end":3444,"line_start":109,"line_end":109,"column_start":47,"column_end":61,"is_primary":true,"text":[{"text":"        let num_row_groups = self.file_reader.num_row_groups();","highlight_start":47,"highlight_end":61}],"label":"method cannot be called on `Arc<SerializedFileReader<BufReader<File>>>` due to unsatisfied trait bounds","suggested_replacement":null,"suggestion_applicability":null,"expansion":null},{"file_name":"/Users/nshah/.cargo/registry/src/index.crates.io-1949cf8c6b5b557f/parquet-50.0.0/src/file/serialized_reader.rs","byte_start":3042,"byte_end":3089,"line_start":94,"line_end":94,"column_start":1,"column_end":48,"is_primary":false,"text":[{"text":"pub struct SerializedFileReader<R: ChunkReader> {","highlight_start":1,"highlight_end":48}],"label":"doesn't satisfy `_: FileReader`","suggested_replacement":null,"suggestion_applicability":null,"expansion":null},{"file_name":"/Users/nshah/.rustup/toolchains/stable-aarch64-apple-darwin/lib/rustlib/src/rust/library/std/src/io/buffered/bufreader.rs","byte_start":1838,"byte_end":1869,"line_start":51,"line_end":51,"column_start":1,"column_end":32,"is_primary":false,"text":[{"text":"pub struct BufReader<R: ?Sized> {","highlight_start":1,"highlight_end":32}],"label":"doesn't satisfy `std::io::BufReader<std::fs::File>: ChunkReader`","suggested_replacement":null,"suggestion_applicability":null,"expansion":null}],"children":[{"message":"the following trait bounds were not satisfied:\n`std::io::BufReader<std::fs::File>: ChunkReader`\nwhich is required by `SerializedFileReader<std::io::BufReader<std::fs::File>>: parquet::file::reader::FileReader`","code":null,"level":"note","spans":[],"children":[],"rendered":null}],"rendered":"\u001b[0m\u001b[1m\u001b[38;5;9merror[E0599]\u001b[0m\u001b[0m\u001b[1m: the method `num_row_groups` exists for struct `Arc<SerializedFileReader<BufReader<File>>>`, but its trait bounds were not satisfied\u001b[0m\n\u001b[0m   \u001b[0m\u001b[0m\u001b[1m\u001b[38;5;12m--> \u001b[0m\u001b[0msrc/storage/parquet_reader.rs:109:47\u001b[0m\n\u001b[0m    \u001b[0m\u001b[0m\u001b[1m\u001b[38;5;12m|\u001b[0m\n\u001b[0m\u001b[1m\u001b[38;5;12m109\u001b[0m\u001b[0m \u001b[0m\u001b[0m\u001b[1m\u001b[38;5;12m|\u001b[0m\u001b[0m \u001b[0m\u001b[0m        let num_row_groups = self.file_reader.num_row_groups();\u001b[0m\n\u001b[0m    \u001b[0m\u001b[0m\u001b[1m\u001b[38;5;12m|\u001b[0m\u001b[0m                                               \u001b[0m\u001b[0m\u001b[1m\u001b[38;5;9m^^^^^^^^^^^^^^\u001b[0m\u001b[0m \u001b[0m\u001b[0m\u001b[1m\u001b[38;5;9mmethod cannot be called on `Arc<SerializedFileReader<BufReader<File>>>` due to unsatisfied trait bounds\u001b[0m\n\u001b[0m    \u001b[0m\u001b[0m\u001b[1m\u001b[38;5;12m|\u001b[0m\n\u001b[0m   \u001b[0m\u001b[0m\u001b[1m\u001b[38;5;12m::: \u001b[0m\u001b[0m/Users/nshah/.cargo/registry/src/index.crates.io-1949cf8c6b5b557f/parquet-50.0.0/src/file/serialized_reader.rs:94:1\u001b[0m\n\u001b[0m    \u001b[0m\u001b[0m\u001b[1m\u001b[38;5;12m|\u001b[0m\n\u001b[0m\u001b[1m\u001b[38;5;12m94\u001b[0m\u001b[0m  \u001b[0m\u001b[0m\u001b[1m\u001b[38;5;12m|\u001b[0m\u001b[0m \u001b[0m\u001b[0mpub struct SerializedFileReader<R: ChunkReader> {\u001b[0m\n\u001b[0m    \u001b[0m\u001b[0m\u001b[1m\u001b[38;5;12m|\u001b[0m\u001b[0m \u001b[0m\u001b[0m\u001b[1m\u001b[38;5;12m-----------------------------------------------\u001b[0m\u001b[0m \u001b[0m\u001b[0m\u001b[1m\u001b[38;5;12mdoesn't satisfy `_: FileReader`\u001b[0m\n\u001b[0m    \u001b[0m\u001b[0m\u001b[1m\u001b[38;5;12m|\u001b[0m\n\u001b[0m   \u001b[0m\u001b[0m\u001b[1m\u001b[38;5;12m::: \u001b[0m\u001b[0m/Users/nshah/.rustup/toolchains/stable-aarch64-apple-darwin/lib/rustlib/src/rust/library/std/src/io/buffered/bufreader.rs:51:1\u001b[0m\n\u001b[0m    \u001b[0m\u001b[0m\u001b[1m\u001b[38;5;12m|\u001b[0m\n\u001b[0m\u001b[1m\u001b[38;5;12m51\u001b[0m\u001b[0m  \u001b[0m\u001b[0m\u001b[1m\u001b[38;5;12m|\u001b[0m\u001b[0m \u001b[0m\u001b[0mpub struct BufReader<R: ?Sized> {\u001b[0m\n\u001b[0m    \u001b[0m\u001b[0m\u001b[1m\u001b[38;5;12m|\u001b[0m\u001b[0m \u001b[0m\u001b[0m\u001b[1m\u001b[38;5;12m-------------------------------\u001b[0m\u001b[0m \u001b[0m\u001b[0m\u001b[1m\u001b[38;5;12mdoesn't satisfy `std::io::BufReader<std::fs::File>: ChunkReader`\u001b[0m\n\u001b[0m    \u001b[0m\u001b[0m\u001b[1m\u001b[38;5;12m|\u001b[0m\n\u001b[0m    \u001b[0m\u001b[0m\u001b[1m\u001b[38;5;12m= \u001b[0m\u001b[0m\u001b[1mnote\u001b[0m\u001b[0m: the following trait bounds were not satisfied:\u001b[0m\n\u001b[0m            `std::io::BufReader<std::fs::File>: ChunkReader`\u001b[0m\n\u001b[0m            which is required by `SerializedFileReader<std::io::BufReader<std::fs::File>>: parquet::file::reader::FileReader`\u001b[0m\n\n"}
{"$message_type":"diagnostic","message":"the trait bound `std::io::BufReader<std::fs::File>: ChunkReader` is not satisfied","code":{"code":"E0277","explanation":"You tried to use a type which doesn't implement some trait in a place which\nexpected that trait.\n\nErroneous code example:\n\n```compile_fail,E0277\n// here we declare the Foo trait with a bar method\ntrait Foo {\n    fn bar(&self);\n}\n\n// we now declare a function which takes an object implementing the Foo trait\nfn some_func<T: Foo>(foo: T) {\n    foo.bar();\n}\n\nfn main() {\n    // we now call the method with the i32 type, which doesn't implement\n    // the Foo trait\n    some_func(5i32); // error: the trait bound `i32 : Foo` is not satisfied\n}\n```\n\nIn order to fix this error, verify that the type you're using does implement\nthe trait. Example:\n\n```\ntrait Foo {\n    fn bar(&self);\n}\n\n// we implement the trait on the i32 type\nimpl Foo for i32 {\n    fn bar(&self) {}\n}\n\nfn some_func<T: Foo>(foo: T) {\n    foo.bar(); // we can now use this method since i32 implements the\n               // Foo trait\n}\n\nfn main() {\n    some_func(5i32); // ok!\n}\n```\n\nOr in a generic context, an erroneous code example would look like:\n\n```compile_fail,E0277\nfn some_func<T>(foo: T) {\n    println!(\"{:?}\", foo); // error: the trait `core::fmt::Debug` is not\n                           //        implemented for the type `T`\n}\n\nfn main() {\n    // We now call the method with the i32 type,\n    // which *does* implement the Debug trait.\n    some_func(5i32);\n}\n```\n\nNote that the error here is in the definition of the generic function. Although\nwe only call it with a parameter that does implement `Debug`, the compiler\nstill rejects the function. It must work with all possible input types. In\norder to make this example compile, we need to restrict the generic type we're\naccepting:\n\n```\nuse std::fmt;\n\n// Restrict the input type to types that implement Debug.\nfn some_func<T: fmt::Debug>(foo: T) {\n    println!(\"{:?}\", foo);\n}\n\nfn main() {\n    // Calling the method is still fine, as i32 implements Debug.\n    some_func(5i32);\n\n    // This would fail to compile now:\n    // struct WithoutDebug;\n    // some_func(WithoutDebug);\n}\n```\n\nRust only looks at the signature of the called function, as such it must\nalready specify all requirements that will be used for every type parameter.\n"},"level":"error","spans":[{"file_name":"src/storage/parquet_reader.rs","byte_start":3944,"byte_end":3954,"line_start":120,"line_end":120,"column_start":61,"column_end":71,"is_primary":true,"text":[{"text":"                let file_reader = SerializedFileReader::new(buf_reader)?;","highlight_start":61,"highlight_end":71}],"label":"the trait `ChunkReader` is not implemented for `std::io::BufReader<std::fs::File>`","suggested_replacement":null,"suggestion_applicability":null,"expansion":null},{"file_name":"src/storage/parquet_reader.rs","byte_start":3918,"byte_end":3943,"line_start":120,"line_end":120,"column_start":35,"column_end":60,"is_primary":false,"text":[{"text":"                let file_reader = SerializedFileReader::new(buf_reader)?;","highlight_start":35,"highlight_end":60}],"label":"required by a bound introduced by this call","suggested_replacement":null,"suggestion_applicability":null,"expansion":null}],"children":[{"message":"the following other types implement trait `ChunkReader`:\n  bytes::bytes::Bytes\n  std::fs::File","code":null,"level":"help","spans":[],"children":[],"rendered":null},{"message":"required by a bound in `SerializedFileReader::<R>::new`","code":null,"level":"note","spans":[{"file_name":"/Users/nshah/.cargo/registry/src/index.crates.io-1949cf8c6b5b557f/parquet-50.0.0/src/file/serialized_reader.rs","byte_start":6023,"byte_end":6026,"line_start":181,"line_end":181,"column_start":12,"column_end":15,"is_primary":false,"text":[{"text":"    pub fn new(chunk_reader: R) -> Result<Self> {","highlight_start":12,"highlight_end":15}],"label":"required by a bound in this associated function","suggested_replacement":null,"suggestion_applicability":null,"expansion":null},{"file_name":"/Users/nshah/.cargo/registry/src/index.crates.io-1949cf8c6b5b557f/parquet-50.0.0/src/file/serialized_reader.rs","byte_start":5856,"byte_end":5867,"line_start":178,"line_end":178,"column_start":19,"column_end":30,"is_primary":true,"text":[{"text":"impl<R: 'static + ChunkReader> SerializedFileReader<R> {","highlight_start":19,"highlight_end":30}],"label":"required by this bound in `SerializedFileReader::<R>::new`","suggested_replacement":null,"suggestion_applicability":null,"expansion":null}],"children":[],"rendered":null}],"rendered":"\u001b[0m\u001b[1m\u001b[38;5;9merror[E0277]\u001b[0m\u001b[0m\u001b[1m: the trait bound `std::io::BufReader<std::fs::File>: ChunkReader` is not satisfied\u001b[0m\n\u001b[0m   \u001b[0m\u001b[0m\u001b[1m\u001b[38;5;12m--> \u001b[0m\u001b[0msrc/storage/parquet_reader.rs:120:61\u001b[0m\n\u001b[0m    \u001b[0m\u001b[0m\u001b[1m\u001b[38;5;12m|\u001b[0m\n\u001b[0m\u001b[1m\u001b[38;5;12m120\u001b[0m\u001b[0m \u001b[0m\u001b[0m\u001b[1m\u001b[38;5;12m|\u001b[0m\u001b[0m \u001b[0m\u001b[0m                let file_reader = SerializedFileReader::new(buf_reader)?;\u001b[0m\n\u001b[0m    \u001b[0m\u001b[0m\u001b[1m\u001b[38;5;12m|\u001b[0m\u001b[0m                                   \u001b[0m\u001b[0m\u001b[1m\u001b[38;5;12m-------------------------\u001b[0m\u001b[0m \u001b[0m\u001b[0m\u001b[1m\u001b[38;5;9m^^^^^^^^^^\u001b[0m\u001b[0m \u001b[0m\u001b[0m\u001b[1m\u001b[38;5;9mthe trait `ChunkReader` is not implemented for `std::io::BufReader<std::fs::File>`\u001b[0m\n\u001b[0m    \u001b[0m\u001b[0m\u001b[1m\u001b[38;5;12m|\u001b[0m\u001b[0m                                   \u001b[0m\u001b[0m\u001b[1m\u001b[38;5;12m|\u001b[0m\n\u001b[0m    \u001b[0m\u001b[0m\u001b[1m\u001b[38;5;12m|\u001b[0m\u001b[0m                                   \u001b[0m\u001b[0m\u001b[1m\u001b[38;5;12mrequired by a bound introduced by this call\u001b[0m\n\u001b[0m    \u001b[0m\u001b[0m\u001b[1m\u001b[38;5;12m|\u001b[0m\n\u001b[0m    \u001b[0m\u001b[0m\u001b[1m\u001b[38;5;12m= \u001b[0m\u001b[0m\u001b[1mhelp\u001b[0m\u001b[0m: the following other types implement trait `ChunkReader`:\u001b[0m\n\u001b[0m              bytes::bytes::Bytes\u001b[0m\n\u001b[0m              std::fs::File\u001b[0m\n\u001b[0m\u001b[1m\u001b[38;5;10mnote\u001b[0m\u001b[0m: required by a bound in `SerializedFileReader::<R>::new`\u001b[0m\n\u001b[0m   \u001b[0m\u001b[0m\u001b[1m\u001b[38;5;12m--> \u001b[0m\u001b[0m/Users/nshah/.cargo/registry/src/index.crates.io-1949cf8c6b5b557f/parquet-50.0.0/src/file/serialized_reader.rs:178:19\u001b[0m\n\u001b[0m    \u001b[0m\u001b[0m\u001b[1m\u001b[38;5;12m|\u001b[0m\n\u001b[0m\u001b[1m\u001b[38;5;12m178\u001b[0m\u001b[0m \u001b[0m\u001b[0m\u001b[1m\u001b[38;5;12m|\u001b[0m\u001b[0m \u001b[0m\u001b[0mimpl<R: 'static + ChunkReader> SerializedFileReader<R> {\u001b[0m\n\u001b[0m    \u001b[0m\u001b[0m\u001b[1m\u001b[38;5;12m|\u001b[0m\u001b[0m                   \u001b[0m\u001b[0m\u001b[1m\u001b[38;5;10m^^^^^^^^^^^\u001b[0m\u001b[0m \u001b[0m\u001b[0m\u001b[1m\u001b[38;5;10mrequired by this bound in `SerializedFileReader::<R>::new`\u001b[0m\n\u001b[0m\u001b[1m\u001b[38;5;12m...\u001b[0m\n\u001b[0m\u001b[1m\u001b[38;5;12m181\u001b[0m\u001b[0m \u001b[0m\u001b[0m\u001b[1m\u001b[38;5;12m|\u001b[0m\u001b[0m \u001b[0m\u001b[0m    pub fn new(chunk_reader: R) -> Result<Self> {\u001b[0m\n\u001b[0m    \u001b[0m\u001b[0m\u001b[1m\u001b[38;5;12m|\u001b[0m\u001b[0m            \u001b[0m\u001b[0m\u001b[1m\u001b[38;5;12m---\u001b[0m\u001b[0m \u001b[0m\u001b[0m\u001b[1m\u001b[38;5;12mrequired by a bound in this associated function\u001b[0m\n\n"}
{"$message_type":"diagnostic","message":"the trait bound `std::io::BufReader<std::fs::File>: ChunkReader` is not satisfied","code":{"code":"E0277","explanation":"You tried to use a type which doesn't implement some trait in a place which\nexpected that trait.\n\nErroneous code example:\n\n```compile_fail,E0277\n// here we declare the Foo trait with a bar method\ntrait Foo {\n    fn bar(&self);\n}\n\n// we now declare a function which takes an object implementing the Foo trait\nfn some_func<T: Foo>(foo: T) {\n    foo.bar();\n}\n\nfn main() {\n    // we now call the method with the i32 type, which doesn't implement\n    // the Foo trait\n    some_func(5i32); // error: the trait bound `i32 : Foo` is not satisfied\n}\n```\n\nIn order to fix this error, verify that the type you're using does implement\nthe trait. Example:\n\n```\ntrait Foo {\n    fn bar(&self);\n}\n\n// we implement the trait on the i32 type\nimpl Foo for i32 {\n    fn bar(&self) {}\n}\n\nfn some_func<T: Foo>(foo: T) {\n    foo.bar(); // we can now use this method since i32 implements the\n               // Foo trait\n}\n\nfn main() {\n    some_func(5i32); // ok!\n}\n```\n\nOr in a generic context, an erroneous code example would look like:\n\n```compile_fail,E0277\nfn some_func<T>(foo: T) {\n    println!(\"{:?}\", foo); // error: the trait `core::fmt::Debug` is not\n                           //        implemented for the type `T`\n}\n\nfn main() {\n    // We now call the method with the i32 type,\n    // which *does* implement the Debug trait.\n    some_func(5i32);\n}\n```\n\nNote that the error here is in the definition of the generic function. Although\nwe only call it with a parameter that does implement `Debug`, the compiler\nstill rejects the function. It must work with all possible input types. In\norder to make this example compile, we need to restrict the generic type we're\naccepting:\n\n```\nuse std::fmt;\n\n// Restrict the input type to types that implement Debug.\nfn some_func<T: fmt::Debug>(foo: T) {\n    println!(\"{:?}\", foo);\n}\n\nfn main() {\n    // Calling the method is still fine, as i32 implements Debug.\n    some_func(5i32);\n\n    // This would fail to compile now:\n    // struct WithoutDebug;\n    // some_func(WithoutDebug);\n}\n```\n\nRust only looks at the signature of the called function, as such it must\nalready specify all requirements that will be used for every type parameter.\n"},"level":"error","spans":[{"file_name":"src/storage/parquet_reader.rs","byte_start":3918,"byte_end":3955,"line_start":120,"line_end":120,"column_start":35,"column_end":72,"is_primary":true,"text":[{"text":"                let file_reader = SerializedFileReader::new(buf_reader)?;","highlight_start":35,"highlight_end":72}],"label":"the trait `ChunkReader` is not implemented for `std::io::BufReader<std::fs::File>`","suggested_replacement":null,"suggestion_applicability":null,"expansion":null}],"children":[{"message":"the following other types implement trait `ChunkReader`:\n  bytes::bytes::Bytes\n  std::fs::File","code":null,"level":"help","spans":[],"children":[],"rendered":null},{"message":"required by a bound in `SerializedFileReader`","code":null,"level":"note","spans":[{"file_name":"/Users/nshah/.cargo/registry/src/index.crates.io-1949cf8c6b5b557f/parquet-50.0.0/src/file/serialized_reader.rs","byte_start":3077,"byte_end":3088,"line_start":94,"line_end":94,"column_start":36,"column_end":47,"is_primary":true,"text":[{"text":"pub struct SerializedFileReader<R: ChunkReader> {","highlight_start":36,"highlight_end":47}],"label":"required by this bound in `SerializedFileReader`","suggested_replacement":null,"suggestion_applicability":null,"expansion":null}],"children":[],"rendered":null}],"rendered":"\u001b[0m\u001b[1m\u001b[38;5;9merror[E0277]\u001b[0m\u001b[0m\u001b[1m: the trait bound `std::io::BufReader<std::fs::File>: ChunkReader` is not satisfied\u001b[0m\n\u001b[0m   \u001b[0m\u001b[0m\u001b[1m\u001b[38;5;12m--> \u001b[0m\u001b[0msrc/storage/parquet_reader.rs:120:35\u001b[0m\n\u001b[0m    \u001b[0m\u001b[0m\u001b[1m\u001b[38;5;12m|\u001b[0m\n\u001b[0m\u001b[1m\u001b[38;5;12m120\u001b[0m\u001b[0m \u001b[0m\u001b[0m\u001b[1m\u001b[38;5;12m|\u001b[0m\u001b[0m \u001b[0m\u001b[0m                let file_reader = SerializedFileReader::new(buf_reader)?;\u001b[0m\n\u001b[0m    \u001b[0m\u001b[0m\u001b[1m\u001b[38;5;12m|\u001b[0m\u001b[0m                                   \u001b[0m\u001b[0m\u001b[1m\u001b[38;5;9m^^^^^^^^^^^^^^^^^^^^^^^^^^^^^^^^^^^^^\u001b[0m\u001b[0m \u001b[0m\u001b[0m\u001b[1m\u001b[38;5;9mthe trait `ChunkReader` is not implemented for `std::io::BufReader<std::fs::File>`\u001b[0m\n\u001b[0m    \u001b[0m\u001b[0m\u001b[1m\u001b[38;5;12m|\u001b[0m\n\u001b[0m    \u001b[0m\u001b[0m\u001b[1m\u001b[38;5;12m= \u001b[0m\u001b[0m\u001b[1mhelp\u001b[0m\u001b[0m: the following other types implement trait `ChunkReader`:\u001b[0m\n\u001b[0m              bytes::bytes::Bytes\u001b[0m\n\u001b[0m              std::fs::File\u001b[0m\n\u001b[0m\u001b[1m\u001b[38;5;10mnote\u001b[0m\u001b[0m: required by a bound in `SerializedFileReader`\u001b[0m\n\u001b[0m   \u001b[0m\u001b[0m\u001b[1m\u001b[38;5;12m--> \u001b[0m\u001b[0m/Users/nshah/.cargo/registry/src/index.crates.io-1949cf8c6b5b557f/parquet-50.0.0/src/file/serialized_reader.rs:94:36\u001b[0m\n\u001b[0m    \u001b[0m\u001b[0m\u001b[1m\u001b[38;5;12m|\u001b[0m\n\u001b[0m\u001b[1m\u001b[38;5;12m94\u001b[0m\u001b[0m  \u001b[0m\u001b[0m\u001b[1m\u001b[38;5;12m|\u001b[0m\u001b[0m \u001b[0m\u001b[0mpub struct SerializedFileReader<R: ChunkReader> {\u001b[0m\n\u001b[0m    \u001b[0m\u001b[0m\u001b[1m\u001b[38;5;12m|\u001b[0m\u001b[0m                                    \u001b[0m\u001b[0m\u001b[1m\u001b[38;5;10m^^^^^^^^^^^\u001b[0m\u001b[0m \u001b[0m\u001b[0m\u001b[1m\u001b[38;5;10mrequired by this bound in `SerializedFileReader`\u001b[0m\n\n"}
{"$message_type":"diagnostic","message":"the trait bound `std::io::BufReader<std::fs::File>: ChunkReader` is not satisfied","code":{"code":"E0277","explanation":"You tried to use a type which doesn't implement some trait in a place which\nexpected that trait.\n\nErroneous code example:\n\n```compile_fail,E0277\n// here we declare the Foo trait with a bar method\ntrait Foo {\n    fn bar(&self);\n}\n\n// we now declare a function which takes an object implementing the Foo trait\nfn some_func<T: Foo>(foo: T) {\n    foo.bar();\n}\n\nfn main() {\n    // we now call the method with the i32 type, which doesn't implement\n    // the Foo trait\n    some_func(5i32); // error: the trait bound `i32 : Foo` is not satisfied\n}\n```\n\nIn order to fix this error, verify that the type you're using does implement\nthe trait. Example:\n\n```\ntrait Foo {\n    fn bar(&self);\n}\n\n// we implement the trait on the i32 type\nimpl Foo for i32 {\n    fn bar(&self) {}\n}\n\nfn some_func<T: Foo>(foo: T) {\n    foo.bar(); // we can now use this method since i32 implements the\n               // Foo trait\n}\n\nfn main() {\n    some_func(5i32); // ok!\n}\n```\n\nOr in a generic context, an erroneous code example would look like:\n\n```compile_fail,E0277\nfn some_func<T>(foo: T) {\n    println!(\"{:?}\", foo); // error: the trait `core::fmt::Debug` is not\n                           //        implemented for the type `T`\n}\n\nfn main() {\n    // We now call the method with the i32 type,\n    // which *does* implement the Debug trait.\n    some_func(5i32);\n}\n```\n\nNote that the error here is in the definition of the generic function. Although\nwe only call it with a parameter that does implement `Debug`, the compiler\nstill rejects the function. It must work with all possible input types. In\norder to make this example compile, we need to restrict the generic type we're\naccepting:\n\n```\nuse std::fmt;\n\n// Restrict the input type to types that implement Debug.\nfn some_func<T: fmt::Debug>(foo: T) {\n    println!(\"{:?}\", foo);\n}\n\nfn main() {\n    // Calling the method is still fine, as i32 implements Debug.\n    some_func(5i32);\n\n    // This would fail to compile now:\n    // struct WithoutDebug;\n    // some_func(WithoutDebug);\n}\n```\n\nRust only looks at the signature of the called function, as such it must\nalready specify all requirements that will be used for every type parameter.\n"},"level":"error","spans":[{"file_name":"src/storage/parquet_reader.rs","byte_start":3918,"byte_end":3956,"line_start":120,"line_end":120,"column_start":35,"column_end":73,"is_primary":true,"text":[{"text":"                let file_reader = SerializedFileReader::new(buf_reader)?;","highlight_start":35,"highlight_end":73}],"label":"the trait `ChunkReader` is not implemented for `std::io::BufReader<std::fs::File>`","suggested_replacement":null,"suggestion_applicability":null,"expansion":{"span":{"file_name":"src/storage/parquet_reader.rs","byte_start":3918,"byte_end":3956,"line_start":120,"line_end":120,"column_start":35,"column_end":73,"is_primary":false,"text":[{"text":"                let file_reader = SerializedFileReader::new(buf_reader)?;","highlight_start":35,"highlight_end":73}],"label":null,"suggested_replacement":null,"suggestion_applicability":null,"expansion":null},"macro_decl_name":"desugaring of operator `?`","def_site_span":{"file_name":"src/lib.rs","byte_start":0,"byte_end":0,"line_start":1,"line_end":1,"column_start":1,"column_end":1,"is_primary":false,"text":[],"label":null,"suggested_replacement":null,"suggestion_applicability":null,"expansion":null}}}],"children":[{"message":"the following other types implement trait `ChunkReader`:\n  bytes::bytes::Bytes\n  std::fs::File","code":null,"level":"help","spans":[],"children":[],"rendered":null},{"message":"required by a bound in `SerializedFileReader`","code":null,"level":"note","spans":[{"file_name":"/Users/nshah/.cargo/registry/src/index.crates.io-1949cf8c6b5b557f/parquet-50.0.0/src/file/serialized_reader.rs","byte_start":3077,"byte_end":3088,"line_start":94,"line_end":94,"column_start":36,"column_end":47,"is_primary":true,"text":[{"text":"pub struct SerializedFileReader<R: ChunkReader> {","highlight_start":36,"highlight_end":47}],"label":"required by this bound in `SerializedFileReader`","suggested_replacement":null,"suggestion_applicability":null,"expansion":null}],"children":[],"rendered":null}],"rendered":"\u001b[0m\u001b[1m\u001b[38;5;9merror[E0277]\u001b[0m\u001b[0m\u001b[1m: the trait bound `std::io::BufReader<std::fs::File>: ChunkReader` is not satisfied\u001b[0m\n\u001b[0m   \u001b[0m\u001b[0m\u001b[1m\u001b[38;5;12m--> \u001b[0m\u001b[0msrc/storage/parquet_reader.rs:120:35\u001b[0m\n\u001b[0m    \u001b[0m\u001b[0m\u001b[1m\u001b[38;5;12m|\u001b[0m\n\u001b[0m\u001b[1m\u001b[38;5;12m120\u001b[0m\u001b[0m \u001b[0m\u001b[0m\u001b[1m\u001b[38;5;12m|\u001b[0m\u001b[0m \u001b[0m\u001b[0m                let file_reader = SerializedFileReader::new(buf_reader)?;\u001b[0m\n\u001b[0m    \u001b[0m\u001b[0m\u001b[1m\u001b[38;5;12m|\u001b[0m\u001b[0m                                   \u001b[0m\u001b[0m\u001b[1m\u001b[38;5;9m^^^^^^^^^^^^^^^^^^^^^^^^^^^^^^^^^^^^^^\u001b[0m\u001b[0m \u001b[0m\u001b[0m\u001b[1m\u001b[38;5;9mthe trait `ChunkReader` is not implemented for `std::io::BufReader<std::fs::File>`\u001b[0m\n\u001b[0m    \u001b[0m\u001b[0m\u001b[1m\u001b[38;5;12m|\u001b[0m\n\u001b[0m    \u001b[0m\u001b[0m\u001b[1m\u001b[38;5;12m= \u001b[0m\u001b[0m\u001b[1mhelp\u001b[0m\u001b[0m: the following other types implement trait `ChunkReader`:\u001b[0m\n\u001b[0m              bytes::bytes::Bytes\u001b[0m\n\u001b[0m              std::fs::File\u001b[0m\n\u001b[0m\u001b[1m\u001b[38;5;10mnote\u001b[0m\u001b[0m: required by a bound in `SerializedFileReader`\u001b[0m\n\u001b[0m   \u001b[0m\u001b[0m\u001b[1m\u001b[38;5;12m--> \u001b[0m\u001b[0m/Users/nshah/.cargo/registry/src/index.crates.io-1949cf8c6b5b557f/parquet-50.0.0/src/file/serialized_reader.rs:94:36\u001b[0m\n\u001b[0m    \u001b[0m\u001b[0m\u001b[1m\u001b[38;5;12m|\u001b[0m\n\u001b[0m\u001b[1m\u001b[38;5;12m94\u001b[0m\u001b[0m  \u001b[0m\u001b[0m\u001b[1m\u001b[38;5;12m|\u001b[0m\u001b[0m \u001b[0m\u001b[0mpub struct SerializedFileReader<R: ChunkReader> {\u001b[0m\n\u001b[0m    \u001b[0m\u001b[0m\u001b[1m\u001b[38;5;12m|\u001b[0m\u001b[0m                                    \u001b[0m\u001b[0m\u001b[1m\u001b[38;5;10m^^^^^^^^^^^\u001b[0m\u001b[0m \u001b[0m\u001b[0m\u001b[1m\u001b[38;5;10mrequired by this bound in `SerializedFileReader`\u001b[0m\n\n"}
{"$message_type":"diagnostic","message":"the trait bound `std::io::BufReader<std::fs::File>: ChunkReader` is not satisfied","code":{"code":"E0277","explanation":"You tried to use a type which doesn't implement some trait in a place which\nexpected that trait.\n\nErroneous code example:\n\n```compile_fail,E0277\n// here we declare the Foo trait with a bar method\ntrait Foo {\n    fn bar(&self);\n}\n\n// we now declare a function which takes an object implementing the Foo trait\nfn some_func<T: Foo>(foo: T) {\n    foo.bar();\n}\n\nfn main() {\n    // we now call the method with the i32 type, which doesn't implement\n    // the Foo trait\n    some_func(5i32); // error: the trait bound `i32 : Foo` is not satisfied\n}\n```\n\nIn order to fix this error, verify that the type you're using does implement\nthe trait. Example:\n\n```\ntrait Foo {\n    fn bar(&self);\n}\n\n// we implement the trait on the i32 type\nimpl Foo for i32 {\n    fn bar(&self) {}\n}\n\nfn some_func<T: Foo>(foo: T) {\n    foo.bar(); // we can now use this method since i32 implements the\n               // Foo trait\n}\n\nfn main() {\n    some_func(5i32); // ok!\n}\n```\n\nOr in a generic context, an erroneous code example would look like:\n\n```compile_fail,E0277\nfn some_func<T>(foo: T) {\n    println!(\"{:?}\", foo); // error: the trait `core::fmt::Debug` is not\n                           //        implemented for the type `T`\n}\n\nfn main() {\n    // We now call the method with the i32 type,\n    // which *does* implement the Debug trait.\n    some_func(5i32);\n}\n```\n\nNote that the error here is in the definition of the generic function. Although\nwe only call it with a parameter that does implement `Debug`, the compiler\nstill rejects the function. It must work with all possible input types. In\norder to make this example compile, we need to restrict the generic type we're\naccepting:\n\n```\nuse std::fmt;\n\n// Restrict the input type to types that implement Debug.\nfn some_func<T: fmt::Debug>(foo: T) {\n    println!(\"{:?}\", foo);\n}\n\nfn main() {\n    // Calling the method is still fine, as i32 implements Debug.\n    some_func(5i32);\n\n    // This would fail to compile now:\n    // struct WithoutDebug;\n    // some_func(WithoutDebug);\n}\n```\n\nRust only looks at the signature of the called function, as such it must\nalready specify all requirements that will be used for every type parameter.\n"},"level":"error","spans":[{"file_name":"src/storage/parquet_reader.rs","byte_start":4021,"byte_end":4024,"line_start":121,"line_end":121,"column_start":64,"column_end":67,"is_primary":true,"text":[{"text":"                let arrow_reader = ParquetFileArrowReader::new(Arc::new(file_reader));","highlight_start":64,"highlight_end":67}],"label":"the trait `ChunkReader` is not implemented for `std::io::BufReader<std::fs::File>`","suggested_replacement":null,"suggestion_applicability":null,"expansion":null}],"children":[{"message":"the following other types implement trait `ChunkReader`:\n  bytes::bytes::Bytes\n  std::fs::File","code":null,"level":"help","spans":[],"children":[],"rendered":null},{"message":"required by a bound in `SerializedFileReader`","code":null,"level":"note","spans":[{"file_name":"/Users/nshah/.cargo/registry/src/index.crates.io-1949cf8c6b5b557f/parquet-50.0.0/src/file/serialized_reader.rs","byte_start":3077,"byte_end":3088,"line_start":94,"line_end":94,"column_start":36,"column_end":47,"is_primary":true,"text":[{"text":"pub struct SerializedFileReader<R: ChunkReader> {","highlight_start":36,"highlight_end":47}],"label":"required by this bound in `SerializedFileReader`","suggested_replacement":null,"suggestion_applicability":null,"expansion":null}],"children":[],"rendered":null}],"rendered":"\u001b[0m\u001b[1m\u001b[38;5;9merror[E0277]\u001b[0m\u001b[0m\u001b[1m: the trait bound `std::io::BufReader<std::fs::File>: ChunkReader` is not satisfied\u001b[0m\n\u001b[0m   \u001b[0m\u001b[0m\u001b[1m\u001b[38;5;12m--> \u001b[0m\u001b[0msrc/storage/parquet_reader.rs:121:64\u001b[0m\n\u001b[0m    \u001b[0m\u001b[0m\u001b[1m\u001b[38;5;12m|\u001b[0m\n\u001b[0m\u001b[1m\u001b[38;5;12m121\u001b[0m\u001b[0m \u001b[0m\u001b[0m\u001b[1m\u001b[38;5;12m|\u001b[0m\u001b[0m \u001b[0m\u001b[0m                let arrow_reader = ParquetFileArrowReader::new(Arc::new(file_reader));\u001b[0m\n\u001b[0m    \u001b[0m\u001b[0m\u001b[1m\u001b[38;5;12m|\u001b[0m\u001b[0m                                                                \u001b[0m\u001b[0m\u001b[1m\u001b[38;5;9m^^^\u001b[0m\u001b[0m \u001b[0m\u001b[0m\u001b[1m\u001b[38;5;9mthe trait `ChunkReader` is not implemented for `std::io::BufReader<std::fs::File>`\u001b[0m\n\u001b[0m    \u001b[0m\u001b[0m\u001b[1m\u001b[38;5;12m|\u001b[0m\n\u001b[0m    \u001b[0m\u001b[0m\u001b[1m\u001b[38;5;12m= \u001b[0m\u001b[0m\u001b[1mhelp\u001b[0m\u001b[0m: the following other types implement trait `ChunkReader`:\u001b[0m\n\u001b[0m              bytes::bytes::Bytes\u001b[0m\n\u001b[0m              std::fs::File\u001b[0m\n\u001b[0m\u001b[1m\u001b[38;5;10mnote\u001b[0m\u001b[0m: required by a bound in `SerializedFileReader`\u001b[0m\n\u001b[0m   \u001b[0m\u001b[0m\u001b[1m\u001b[38;5;12m--> \u001b[0m\u001b[0m/Users/nshah/.cargo/registry/src/index.crates.io-1949cf8c6b5b557f/parquet-50.0.0/src/file/serialized_reader.rs:94:36\u001b[0m\n\u001b[0m    \u001b[0m\u001b[0m\u001b[1m\u001b[38;5;12m|\u001b[0m\n\u001b[0m\u001b[1m\u001b[38;5;12m94\u001b[0m\u001b[0m  \u001b[0m\u001b[0m\u001b[1m\u001b[38;5;12m|\u001b[0m\u001b[0m \u001b[0m\u001b[0mpub struct SerializedFileReader<R: ChunkReader> {\u001b[0m\n\u001b[0m    \u001b[0m\u001b[0m\u001b[1m\u001b[38;5;12m|\u001b[0m\u001b[0m                                    \u001b[0m\u001b[0m\u001b[1m\u001b[38;5;10m^^^^^^^^^^^\u001b[0m\u001b[0m \u001b[0m\u001b[0m\u001b[1m\u001b[38;5;10mrequired by this bound in `SerializedFileReader`\u001b[0m\n\n"}
{"$message_type":"diagnostic","message":"the trait bound `std::io::BufReader<std::fs::File>: ChunkReader` is not satisfied","code":{"code":"E0277","explanation":"You tried to use a type which doesn't implement some trait in a place which\nexpected that trait.\n\nErroneous code example:\n\n```compile_fail,E0277\n// here we declare the Foo trait with a bar method\ntrait Foo {\n    fn bar(&self);\n}\n\n// we now declare a function which takes an object implementing the Foo trait\nfn some_func<T: Foo>(foo: T) {\n    foo.bar();\n}\n\nfn main() {\n    // we now call the method with the i32 type, which doesn't implement\n    // the Foo trait\n    some_func(5i32); // error: the trait bound `i32 : Foo` is not satisfied\n}\n```\n\nIn order to fix this error, verify that the type you're using does implement\nthe trait. Example:\n\n```\ntrait Foo {\n    fn bar(&self);\n}\n\n// we implement the trait on the i32 type\nimpl Foo for i32 {\n    fn bar(&self) {}\n}\n\nfn some_func<T: Foo>(foo: T) {\n    foo.bar(); // we can now use this method since i32 implements the\n               // Foo trait\n}\n\nfn main() {\n    some_func(5i32); // ok!\n}\n```\n\nOr in a generic context, an erroneous code example would look like:\n\n```compile_fail,E0277\nfn some_func<T>(foo: T) {\n    println!(\"{:?}\", foo); // error: the trait `core::fmt::Debug` is not\n                           //        implemented for the type `T`\n}\n\nfn main() {\n    // We now call the method with the i32 type,\n    // which *does* implement the Debug trait.\n    some_func(5i32);\n}\n```\n\nNote that the error here is in the definition of the generic function. Although\nwe only call it with a parameter that does implement `Debug`, the compiler\nstill rejects the function. It must work with all possible input types. In\norder to make this example compile, we need to restrict the generic type we're\naccepting:\n\n```\nuse std::fmt;\n\n// Restrict the input type to types that implement Debug.\nfn some_func<T: fmt::Debug>(foo: T) {\n    println!(\"{:?}\", foo);\n}\n\nfn main() {\n    // Calling the method is still fine, as i32 implements Debug.\n    some_func(5i32);\n\n    // This would fail to compile now:\n    // struct WithoutDebug;\n    // some_func(WithoutDebug);\n}\n```\n\nRust only looks at the signature of the called function, as such it must\nalready specify all requirements that will be used for every type parameter.\n"},"level":"error","spans":[{"file_name":"src/storage/parquet_reader.rs","byte_start":4021,"byte_end":4042,"line_start":121,"line_end":121,"column_start":64,"column_end":85,"is_primary":true,"text":[{"text":"                let arrow_reader = ParquetFileArrowReader::new(Arc::new(file_reader));","highlight_start":64,"highlight_end":85}],"label":"the trait `ChunkReader` is not implemented for `std::io::BufReader<std::fs::File>`","suggested_replacement":null,"suggestion_applicability":null,"expansion":null}],"children":[{"message":"the following other types implement trait `ChunkReader`:\n  bytes::bytes::Bytes\n  std::fs::File","code":null,"level":"help","spans":[],"children":[],"rendered":null},{"message":"required by a bound in `SerializedFileReader`","code":null,"level":"note","spans":[{"file_name":"/Users/nshah/.cargo/registry/src/index.crates.io-1949cf8c6b5b557f/parquet-50.0.0/src/file/serialized_reader.rs","byte_start":3077,"byte_end":3088,"line_start":94,"line_end":94,"column_start":36,"column_end":47,"is_primary":true,"text":[{"text":"pub struct SerializedFileReader<R: ChunkReader> {","highlight_start":36,"highlight_end":47}],"label":"required by this bound in `SerializedFileReader`","suggested_replacement":null,"suggestion_applicability":null,"expansion":null}],"children":[],"rendered":null}],"rendered":"\u001b[0m\u001b[1m\u001b[38;5;9merror[E0277]\u001b[0m\u001b[0m\u001b[1m: the trait bound `std::io::BufReader<std::fs::File>: ChunkReader` is not satisfied\u001b[0m\n\u001b[0m   \u001b[0m\u001b[0m\u001b[1m\u001b[38;5;12m--> \u001b[0m\u001b[0msrc/storage/parquet_reader.rs:121:64\u001b[0m\n\u001b[0m    \u001b[0m\u001b[0m\u001b[1m\u001b[38;5;12m|\u001b[0m\n\u001b[0m\u001b[1m\u001b[38;5;12m121\u001b[0m\u001b[0m \u001b[0m\u001b[0m\u001b[1m\u001b[38;5;12m|\u001b[0m\u001b[0m \u001b[0m\u001b[0m                let arrow_reader = ParquetFileArrowReader::new(Arc::new(file_reader));\u001b[0m\n\u001b[0m    \u001b[0m\u001b[0m\u001b[1m\u001b[38;5;12m|\u001b[0m\u001b[0m                                                                \u001b[0m\u001b[0m\u001b[1m\u001b[38;5;9m^^^^^^^^^^^^^^^^^^^^^\u001b[0m\u001b[0m \u001b[0m\u001b[0m\u001b[1m\u001b[38;5;9mthe trait `ChunkReader` is not implemented for `std::io::BufReader<std::fs::File>`\u001b[0m\n\u001b[0m    \u001b[0m\u001b[0m\u001b[1m\u001b[38;5;12m|\u001b[0m\n\u001b[0m    \u001b[0m\u001b[0m\u001b[1m\u001b[38;5;12m= \u001b[0m\u001b[0m\u001b[1mhelp\u001b[0m\u001b[0m: the following other types implement trait `ChunkReader`:\u001b[0m\n\u001b[0m              bytes::bytes::Bytes\u001b[0m\n\u001b[0m              std::fs::File\u001b[0m\n\u001b[0m\u001b[1m\u001b[38;5;10mnote\u001b[0m\u001b[0m: required by a bound in `SerializedFileReader`\u001b[0m\n\u001b[0m   \u001b[0m\u001b[0m\u001b[1m\u001b[38;5;12m--> \u001b[0m\u001b[0m/Users/nshah/.cargo/registry/src/index.crates.io-1949cf8c6b5b557f/parquet-50.0.0/src/file/serialized_reader.rs:94:36\u001b[0m\n\u001b[0m    \u001b[0m\u001b[0m\u001b[1m\u001b[38;5;12m|\u001b[0m\n\u001b[0m\u001b[1m\u001b[38;5;12m94\u001b[0m\u001b[0m  \u001b[0m\u001b[0m\u001b[1m\u001b[38;5;12m|\u001b[0m\u001b[0m \u001b[0m\u001b[0mpub struct SerializedFileReader<R: ChunkReader> {\u001b[0m\n\u001b[0m    \u001b[0m\u001b[0m\u001b[1m\u001b[38;5;12m|\u001b[0m\u001b[0m                                    \u001b[0m\u001b[0m\u001b[1m\u001b[38;5;10m^^^^^^^^^^^\u001b[0m\u001b[0m \u001b[0m\u001b[0m\u001b[1m\u001b[38;5;10mrequired by this bound in `SerializedFileReader`\u001b[0m\n\n"}
{"$message_type":"diagnostic","message":"lifetime may not live long enough","code":null,"level":"error","spans":[{"file_name":"src/execution/operators/filter.rs","byte_start":5999,"byte_end":6000,"line_start":139,"line_end":139,"column_start":39,"column_end":40,"is_primary":false,"text":[{"text":"    fn as_boolean_array(&self, array: &ArrayRef) -> Result<&BooleanArray, String> {","highlight_start":39,"highlight_end":40}],"label":"let's call the lifetime of this reference `'1`","suggested_replacement":null,"suggestion_applicability":null,"expansion":null},{"file_name":"src/execution/operators/filter.rs","byte_start":5985,"byte_end":5986,"line_start":139,"line_end":139,"column_start":25,"column_end":26,"is_primary":false,"text":[{"text":"    fn as_boolean_array(&self, array: &ArrayRef) -> Result<&BooleanArray, String> {","highlight_start":25,"highlight_end":26}],"label":"let's call the lifetime of this reference `'2`","suggested_replacement":null,"suggestion_applicability":null,"expansion":null},{"file_name":"src/execution/operators/filter.rs","byte_start":6053,"byte_end":6195,"line_start":140,"line_end":143,"column_start":9,"column_end":71,"is_primary":true,"text":[{"text":"        array","highlight_start":9,"highlight_end":14},{"text":"            .as_any()","highlight_start":1,"highlight_end":22},{"text":"            .downcast_ref::<BooleanArray>()","highlight_start":1,"highlight_end":44},{"text":"            .ok_or_else(|| \"Array is not a boolean array\".to_string())","highlight_start":1,"highlight_end":71}],"label":"method was supposed to return data with lifetime `'2` but it is returning data with lifetime `'1`","suggested_replacement":null,"suggestion_applicability":null,"expansion":null}],"children":[{"message":"consider introducing a named lifetime parameter and update trait if needed","code":null,"level":"help","spans":[{"file_name":"src/execution/operators/filter.rs","byte_start":6021,"byte_end":6021,"line_start":139,"line_end":139,"column_start":61,"column_end":61,"is_primary":true,"text":[{"text":"    fn as_boolean_array(&self, array: &ArrayRef) -> Result<&BooleanArray, String> {","highlight_start":61,"highlight_end":61}],"label":null,"suggested_replacement":"'a ","suggestion_applicability":"MaybeIncorrect","expansion":null},{"file_name":"src/execution/operators/filter.rs","byte_start":6000,"byte_end":6000,"line_start":139,"line_end":139,"column_start":40,"column_end":40,"is_primary":true,"text":[{"text":"    fn as_boolean_array(&self, array: &ArrayRef) -> Result<&BooleanArray, String> {","highlight_start":40,"highlight_end":40}],"label":null,"suggested_replacement":"'a ","suggestion_applicability":"MaybeIncorrect","expansion":null},{"file_name":"src/execution/operators/filter.rs","byte_start":5984,"byte_end":5984,"line_start":139,"line_end":139,"column_start":24,"column_end":24,"is_primary":true,"text":[{"text":"    fn as_boolean_array(&self, array: &ArrayRef) -> Result<&BooleanArray, String> {","highlight_start":24,"highlight_end":24}],"label":null,"suggested_replacement":"<'a>","suggestion_applicability":"MaybeIncorrect","expansion":null}],"children":[],"rendered":null},{"message":"consider adding 'move' keyword before the nested closure","code":null,"level":"help","spans":[{"file_name":"src/execution/operators/filter.rs","byte_start":6149,"byte_end":6149,"line_start":143,"line_end":143,"column_start":25,"column_end":25,"is_primary":true,"text":[{"text":"            .ok_or_else(|| \"Array is not a boolean array\".to_string())","highlight_start":25,"highlight_end":25}],"label":null,"suggested_replacement":"move ","suggestion_applicability":"MaybeIncorrect","expansion":null}],"children":[],"rendered":null}],"rendered":"\u001b[0m\u001b[1m\u001b[38;5;9merror\u001b[0m\u001b[0m\u001b[1m: lifetime may not live long enough\u001b[0m\n\u001b[0m   \u001b[0m\u001b[0m\u001b[1m\u001b[38;5;12m--> \u001b[0m\u001b[0msrc/execution/operators/filter.rs:140:9\u001b[0m\n\u001b[0m    \u001b[0m\u001b[0m\u001b[1m\u001b[38;5;12m|\u001b[0m\n\u001b[0m\u001b[1m\u001b[38;5;12m139\u001b[0m\u001b[0m \u001b[0m\u001b[0m\u001b[1m\u001b[38;5;12m|\u001b[0m\u001b[0m   \u001b[0m\u001b[0m    fn as_boolean_array(&self, array: &ArrayRef) -> Result<&BooleanArray, String> {\u001b[0m\n\u001b[0m    \u001b[0m\u001b[0m\u001b[1m\u001b[38;5;12m|\u001b[0m\u001b[0m                           \u001b[0m\u001b[0m\u001b[1m\u001b[38;5;12m-\u001b[0m\u001b[0m             \u001b[0m\u001b[0m\u001b[1m\u001b[38;5;12m-\u001b[0m\u001b[0m \u001b[0m\u001b[0m\u001b[1m\u001b[38;5;12mlet's call the lifetime of this reference `'1`\u001b[0m\n\u001b[0m    \u001b[0m\u001b[0m\u001b[1m\u001b[38;5;12m|\u001b[0m\u001b[0m                           \u001b[0m\u001b[0m\u001b[1m\u001b[38;5;12m|\u001b[0m\n\u001b[0m    \u001b[0m\u001b[0m\u001b[1m\u001b[38;5;12m|\u001b[0m\u001b[0m                           \u001b[0m\u001b[0m\u001b[1m\u001b[38;5;12mlet's call the lifetime of this reference `'2`\u001b[0m\n\u001b[0m\u001b[1m\u001b[38;5;12m140\u001b[0m\u001b[0m \u001b[0m\u001b[0m\u001b[1m\u001b[38;5;12m|\u001b[0m\u001b[0m \u001b[0m\u001b[0m\u001b[1m\u001b[38;5;9m/\u001b[0m\u001b[0m \u001b[0m\u001b[0m        array\u001b[0m\n\u001b[0m\u001b[1m\u001b[38;5;12m141\u001b[0m\u001b[0m \u001b[0m\u001b[0m\u001b[1m\u001b[38;5;12m|\u001b[0m\u001b[0m \u001b[0m\u001b[0m\u001b[1m\u001b[38;5;9m|\u001b[0m\u001b[0m \u001b[0m\u001b[0m            .as_any()\u001b[0m\n\u001b[0m\u001b[1m\u001b[38;5;12m142\u001b[0m\u001b[0m \u001b[0m\u001b[0m\u001b[1m\u001b[38;5;12m|\u001b[0m\u001b[0m \u001b[0m\u001b[0m\u001b[1m\u001b[38;5;9m|\u001b[0m\u001b[0m \u001b[0m\u001b[0m            .downcast_ref::<BooleanArray>()\u001b[0m\n\u001b[0m\u001b[1m\u001b[38;5;12m143\u001b[0m\u001b[0m \u001b[0m\u001b[0m\u001b[1m\u001b[38;5;12m|\u001b[0m\u001b[0m \u001b[0m\u001b[0m\u001b[1m\u001b[38;5;9m|\u001b[0m\u001b[0m \u001b[0m\u001b[0m            .ok_or_else(|| \"Array is not a boolean array\".to_string())\u001b[0m\n\u001b[0m    \u001b[0m\u001b[0m\u001b[1m\u001b[38;5;12m|\u001b[0m\u001b[0m \u001b[0m\u001b[0m\u001b[1m\u001b[38;5;9m|______________________________________________________________________^\u001b[0m\u001b[0m \u001b[0m\u001b[0m\u001b[1m\u001b[38;5;9mmethod was supposed to return data with lifetime `'2` but it is returning data with lifetime `'1`\u001b[0m\n\u001b[0m    \u001b[0m\u001b[0m\u001b[1m\u001b[38;5;12m|\u001b[0m\n\u001b[0m\u001b[1m\u001b[38;5;14mhelp\u001b[0m\u001b[0m: consider introducing a named lifetime parameter and update trait if needed\u001b[0m\n\u001b[0m    \u001b[0m\u001b[0m\u001b[1m\u001b[38;5;12m|\u001b[0m\n\u001b[0m\u001b[1m\u001b[38;5;12m139\u001b[0m\u001b[0m \u001b[0m\u001b[0m\u001b[1m\u001b[38;5;12m| \u001b[0m\u001b[0m    fn as_boolean_array\u001b[0m\u001b[0m\u001b[38;5;10m<'a>\u001b[0m\u001b[0m(&self, array: &\u001b[0m\u001b[0m\u001b[38;5;10m'a \u001b[0m\u001b[0mArrayRef) -> Result<&\u001b[0m\u001b[0m\u001b[38;5;10m'a \u001b[0m\u001b[0mBooleanArray, String> {\u001b[0m\n\u001b[0m    \u001b[0m\u001b[0m\u001b[1m\u001b[38;5;12m|\u001b[0m\u001b[0m                        \u001b[0m\u001b[0m\u001b[38;5;10m++++\u001b[0m\u001b[0m                \u001b[0m\u001b[0m\u001b[38;5;10m++\u001b[0m\u001b[0m                      \u001b[0m\u001b[0m\u001b[38;5;10m++\u001b[0m\n\u001b[0m\u001b[1m\u001b[38;5;14mhelp\u001b[0m\u001b[0m: consider adding 'move' keyword before the nested closure\u001b[0m\n\u001b[0m    \u001b[0m\u001b[0m\u001b[1m\u001b[38;5;12m|\u001b[0m\n\u001b[0m\u001b[1m\u001b[38;5;12m143\u001b[0m\u001b[0m \u001b[0m\u001b[0m\u001b[1m\u001b[38;5;12m| \u001b[0m\u001b[0m            .ok_or_else(\u001b[0m\u001b[0m\u001b[38;5;10mmove \u001b[0m\u001b[0m|| \"Array is not a boolean array\".to_string())\u001b[0m\n\u001b[0m    \u001b[0m\u001b[0m\u001b[1m\u001b[38;5;12m|\u001b[0m\u001b[0m                         \u001b[0m\u001b[0m\u001b[38;5;10m++++\u001b[0m\n\n"}
{"$message_type":"diagnostic","message":"variable does not need to be mutable","code":{"code":"unused_mut","explanation":null},"level":"warning","spans":[{"file_name":"src/execution/operators/scan.rs","byte_start":1010,"byte_end":1020,"line_start":30,"line_end":30,"column_start":13,"column_end":23,"is_primary":true,"text":[{"text":"        let mut reader = ParquetReader::from_path(&path)","highlight_start":13,"highlight_end":23}],"label":null,"suggested_replacement":null,"suggestion_applicability":null,"expansion":null}],"children":[{"message":"`#[warn(unused_mut)]` on by default","code":null,"level":"note","spans":[],"children":[],"rendered":null},{"message":"remove this `mut`","code":null,"level":"help","spans":[{"file_name":"src/execution/operators/scan.rs","byte_start":1010,"byte_end":1014,"line_start":30,"line_end":30,"column_start":13,"column_end":17,"is_primary":true,"text":[{"text":"        let mut reader = ParquetReader::from_path(&path)","highlight_start":13,"highlight_end":17}],"label":null,"suggested_replacement":"","suggestion_applicability":"MachineApplicable","expansion":null}],"children":[],"rendered":null}],"rendered":"\u001b[0m\u001b[1m\u001b[33mwarning\u001b[0m\u001b[0m\u001b[1m: variable does not need to be mutable\u001b[0m\n\u001b[0m  \u001b[0m\u001b[0m\u001b[1m\u001b[38;5;12m--> \u001b[0m\u001b[0msrc/execution/operators/scan.rs:30:13\u001b[0m\n\u001b[0m   \u001b[0m\u001b[0m\u001b[1m\u001b[38;5;12m|\u001b[0m\n\u001b[0m\u001b[1m\u001b[38;5;12m30\u001b[0m\u001b[0m \u001b[0m\u001b[0m\u001b[1m\u001b[38;5;12m|\u001b[0m\u001b[0m \u001b[0m\u001b[0m        let mut reader = ParquetReader::from_path(&path)\u001b[0m\n\u001b[0m   \u001b[0m\u001b[0m\u001b[1m\u001b[38;5;12m|\u001b[0m\u001b[0m             \u001b[0m\u001b[0m\u001b[1m\u001b[38;5;12m----\u001b[0m\u001b[0m\u001b[1m\u001b[33m^^^^^^\u001b[0m\n\u001b[0m   \u001b[0m\u001b[0m\u001b[1m\u001b[38;5;12m|\u001b[0m\u001b[0m             \u001b[0m\u001b[0m\u001b[1m\u001b[38;5;12m|\u001b[0m\n\u001b[0m   \u001b[0m\u001b[0m\u001b[1m\u001b[38;5;12m|\u001b[0m\u001b[0m             \u001b[0m\u001b[0m\u001b[1m\u001b[38;5;12mhelp: remove this `mut`\u001b[0m\n\u001b[0m   \u001b[0m\u001b[0m\u001b[1m\u001b[38;5;12m|\u001b[0m\n\u001b[0m   \u001b[0m\u001b[0m\u001b[1m\u001b[38;5;12m= \u001b[0m\u001b[0m\u001b[1mnote\u001b[0m\u001b[0m: `#[warn(unused_mut)]` on by default\u001b[0m\n\n"}
{"$message_type":"diagnostic","message":"borrow of moved value: `arrow_schema`","code":{"code":"E0382","explanation":"A variable was used after its contents have been moved elsewhere.\n\nErroneous code example:\n\n```compile_fail,E0382\nstruct MyStruct { s: u32 }\n\nfn main() {\n    let mut x = MyStruct{ s: 5u32 };\n    let y = x;\n    x.s = 6;\n    println!(\"{}\", x.s);\n}\n```\n\nSince `MyStruct` is a type that is not marked `Copy`, the data gets moved out\nof `x` when we set `y`. This is fundamental to Rust's ownership system: outside\nof workarounds like `Rc`, a value cannot be owned by more than one variable.\n\nSometimes we don't need to move the value. Using a reference, we can let another\nfunction borrow the value without changing its ownership. In the example below,\nwe don't actually have to move our string to `calculate_length`, we can give it\na reference to it with `&` instead.\n\n```\nfn main() {\n    let s1 = String::from(\"hello\");\n\n    let len = calculate_length(&s1);\n\n    println!(\"The length of '{}' is {}.\", s1, len);\n}\n\nfn calculate_length(s: &String) -> usize {\n    s.len()\n}\n```\n\nA mutable reference can be created with `&mut`.\n\nSometimes we don't want a reference, but a duplicate. All types marked `Clone`\ncan be duplicated by calling `.clone()`. Subsequent changes to a clone do not\naffect the original variable.\n\nMost types in the standard library are marked `Clone`. The example below\ndemonstrates using `clone()` on a string. `s1` is first set to \"many\", and then\ncopied to `s2`. Then the first character of `s1` is removed, without affecting\n`s2`. \"any many\" is printed to the console.\n\n```\nfn main() {\n    let mut s1 = String::from(\"many\");\n    let s2 = s1.clone();\n    s1.remove(0);\n    println!(\"{} {}\", s1, s2);\n}\n```\n\nIf we control the definition of a type, we can implement `Clone` on it ourselves\nwith `#[derive(Clone)]`.\n\nSome types have no ownership semantics at all and are trivial to duplicate. An\nexample is `i32` and the other number types. We don't have to call `.clone()` to\nclone them, because they are marked `Copy` in addition to `Clone`. Implicit\ncloning is more convenient in this case. We can mark our own types `Copy` if\nall their members also are marked `Copy`.\n\nIn the example below, we implement a `Point` type. Because it only stores two\nintegers, we opt-out of ownership semantics with `Copy`. Then we can\n`let p2 = p1` without `p1` being moved.\n\n```\n#[derive(Copy, Clone)]\nstruct Point { x: i32, y: i32 }\n\nfn main() {\n    let mut p1 = Point{ x: -1, y: 2 };\n    let p2 = p1;\n    p1.x = 1;\n    println!(\"p1: {}, {}\", p1.x, p1.y);\n    println!(\"p2: {}, {}\", p2.x, p2.y);\n}\n```\n\nAlternatively, if we don't control the struct's definition, or mutable shared\nownership is truly required, we can use `Rc` and `RefCell`:\n\n```\nuse std::cell::RefCell;\nuse std::rc::Rc;\n\nstruct MyStruct { s: u32 }\n\nfn main() {\n    let mut x = Rc::new(RefCell::new(MyStruct{ s: 5u32 }));\n    let y = x.clone();\n    x.borrow_mut().s = 6;\n    println!(\"{}\", x.borrow().s);\n}\n```\n\nWith this approach, x and y share ownership of the data via the `Rc` (reference\ncount type). `RefCell` essentially performs runtime borrow checking: ensuring\nthat at most one writer or multiple readers can access the data at any one time.\n\nIf you wish to learn more about ownership in Rust, start with the\n[Understanding Ownership][understanding-ownership] chapter in the Book.\n\n[understanding-ownership]: https://doc.rust-lang.org/book/ch04-00-understanding-ownership.html\n"},"level":"error","spans":[{"file_name":"src/execution/operators/scan.rs","byte_start":1935,"byte_end":1947,"line_start":51,"line_end":51,"column_start":22,"column_end":34,"is_primary":false,"text":[{"text":"            Arc::new(arrow_schema)","highlight_start":22,"highlight_end":34}],"label":"value moved here","suggested_replacement":null,"suggestion_applicability":null,"expansion":null},{"file_name":"src/execution/operators/scan.rs","byte_start":2188,"byte_end":2200,"line_start":59,"line_end":59,"column_start":21,"column_end":33,"is_primary":false,"text":[{"text":"                    arrow_schema","highlight_start":21,"highlight_end":33}],"label":"borrow occurs due to use in closure","suggested_replacement":null,"suggestion_applicability":null,"expansion":null},{"file_name":"src/execution/operators/scan.rs","byte_start":2075,"byte_end":2084,"line_start":55,"line_end":55,"column_start":54,"column_end":63,"is_primary":true,"text":[{"text":"        let column_indices = projection.as_ref().map(|columns| {","highlight_start":54,"highlight_end":63}],"label":"value borrowed here after move","suggested_replacement":null,"suggestion_applicability":null,"expansion":null},{"file_name":"src/execution/operators/scan.rs","byte_start":1150,"byte_end":1162,"line_start":33,"line_end":33,"column_start":13,"column_end":25,"is_primary":false,"text":[{"text":"        let arrow_schema = reader.schema()","highlight_start":13,"highlight_end":25}],"label":"move occurs because `arrow_schema` has type `arrow::datatypes::Schema`, which does not implement the `Copy` trait","suggested_replacement":null,"suggestion_applicability":null,"expansion":null}],"children":[{"message":"consider cloning the value if the performance cost is acceptable","code":null,"level":"help","spans":[{"file_name":"src/execution/operators/scan.rs","byte_start":1947,"byte_end":1947,"line_start":51,"line_end":51,"column_start":34,"column_end":34,"is_primary":true,"text":[{"text":"            Arc::new(arrow_schema)","highlight_start":34,"highlight_end":34}],"label":null,"suggested_replacement":".clone()","suggestion_applicability":"MachineApplicable","expansion":null}],"children":[],"rendered":null}],"rendered":"\u001b[0m\u001b[1m\u001b[38;5;9merror[E0382]\u001b[0m\u001b[0m\u001b[1m: borrow of moved value: `arrow_schema`\u001b[0m\n\u001b[0m  \u001b[0m\u001b[0m\u001b[1m\u001b[38;5;12m--> \u001b[0m\u001b[0msrc/execution/operators/scan.rs:55:54\u001b[0m\n\u001b[0m   \u001b[0m\u001b[0m\u001b[1m\u001b[38;5;12m|\u001b[0m\n\u001b[0m\u001b[1m\u001b[38;5;12m33\u001b[0m\u001b[0m \u001b[0m\u001b[0m\u001b[1m\u001b[38;5;12m|\u001b[0m\u001b[0m \u001b[0m\u001b[0m        let arrow_schema = reader.schema()\u001b[0m\n\u001b[0m   \u001b[0m\u001b[0m\u001b[1m\u001b[38;5;12m|\u001b[0m\u001b[0m             \u001b[0m\u001b[0m\u001b[1m\u001b[38;5;12m------------\u001b[0m\u001b[0m \u001b[0m\u001b[0m\u001b[1m\u001b[38;5;12mmove occurs because `arrow_schema` has type `arrow::datatypes::Schema`, which does not implement the `Copy` trait\u001b[0m\n\u001b[0m\u001b[1m\u001b[38;5;12m...\u001b[0m\n\u001b[0m\u001b[1m\u001b[38;5;12m51\u001b[0m\u001b[0m \u001b[0m\u001b[0m\u001b[1m\u001b[38;5;12m|\u001b[0m\u001b[0m \u001b[0m\u001b[0m            Arc::new(arrow_schema)\u001b[0m\n\u001b[0m   \u001b[0m\u001b[0m\u001b[1m\u001b[38;5;12m|\u001b[0m\u001b[0m                      \u001b[0m\u001b[0m\u001b[1m\u001b[38;5;12m------------\u001b[0m\u001b[0m \u001b[0m\u001b[0m\u001b[1m\u001b[38;5;12mvalue moved here\u001b[0m\n\u001b[0m\u001b[1m\u001b[38;5;12m...\u001b[0m\n\u001b[0m\u001b[1m\u001b[38;5;12m55\u001b[0m\u001b[0m \u001b[0m\u001b[0m\u001b[1m\u001b[38;5;12m|\u001b[0m\u001b[0m \u001b[0m\u001b[0m        let column_indices = projection.as_ref().map(|columns| {\u001b[0m\n\u001b[0m   \u001b[0m\u001b[0m\u001b[1m\u001b[38;5;12m|\u001b[0m\u001b[0m                                                      \u001b[0m\u001b[0m\u001b[1m\u001b[38;5;9m^^^^^^^^^\u001b[0m\u001b[0m \u001b[0m\u001b[0m\u001b[1m\u001b[38;5;9mvalue borrowed here after move\u001b[0m\n\u001b[0m\u001b[1m\u001b[38;5;12m...\u001b[0m\n\u001b[0m\u001b[1m\u001b[38;5;12m59\u001b[0m\u001b[0m \u001b[0m\u001b[0m\u001b[1m\u001b[38;5;12m|\u001b[0m\u001b[0m \u001b[0m\u001b[0m                    arrow_schema\u001b[0m\n\u001b[0m   \u001b[0m\u001b[0m\u001b[1m\u001b[38;5;12m|\u001b[0m\u001b[0m                     \u001b[0m\u001b[0m\u001b[1m\u001b[38;5;12m------------\u001b[0m\u001b[0m \u001b[0m\u001b[0m\u001b[1m\u001b[38;5;12mborrow occurs due to use in closure\u001b[0m\n\u001b[0m   \u001b[0m\u001b[0m\u001b[1m\u001b[38;5;12m|\u001b[0m\n\u001b[0m\u001b[1m\u001b[38;5;14mhelp\u001b[0m\u001b[0m: consider cloning the value if the performance cost is acceptable\u001b[0m\n\u001b[0m   \u001b[0m\u001b[0m\u001b[1m\u001b[38;5;12m|\u001b[0m\n\u001b[0m\u001b[1m\u001b[38;5;12m51\u001b[0m\u001b[0m \u001b[0m\u001b[0m\u001b[1m\u001b[38;5;12m| \u001b[0m\u001b[0m            Arc::new(arrow_schema\u001b[0m\u001b[0m\u001b[38;5;10m.clone()\u001b[0m\u001b[0m)\u001b[0m\n\u001b[0m   \u001b[0m\u001b[0m\u001b[1m\u001b[38;5;12m|\u001b[0m\u001b[0m                                  \u001b[0m\u001b[0m\u001b[38;5;10m++++++++\u001b[0m\n\n"}
{"$message_type":"diagnostic","message":"aborting due to 31 previous errors; 10 warnings emitted","code":null,"level":"error","spans":[],"children":[],"rendered":"\u001b[0m\u001b[1m\u001b[38;5;9merror\u001b[0m\u001b[0m\u001b[1m: aborting due to 31 previous errors; 10 warnings emitted\u001b[0m\n\n"}
{"$message_type":"diagnostic","message":"Some errors have detailed explanations: E0277, E0308, E0382, E0432, E0599, E0637.","code":null,"level":"failure-note","spans":[],"children":[],"rendered":"\u001b[0m\u001b[1mSome errors have detailed explanations: E0277, E0308, E0382, E0432, E0599, E0637.\u001b[0m\n"}
{"$message_type":"diagnostic","message":"For more information about an error, try `rustc --explain E0277`.","code":null,"level":"failure-note","spans":[],"children":[],"rendered":"\u001b[0m\u001b[1mFor more information about an error, try `rustc --explain E0277`.\u001b[0m\n"}
